{"C:\\Users\\FTT\\Documents\\GitHub\\Billing Software\\apps\\api\\src\\app.module.ts": {"path":"C:\\Users\\FTT\\Documents\\GitHub\\Billing Software\\apps\\api\\src\\app.module.ts","statementMap":{"0":{"start":{"line":1,"column":0},"end":{"line":1,"column":40}},"1":{"start":{"line":2,"column":0},"end":{"line":2,"column":61}},"2":{"start":{"line":3,"column":0},"end":{"line":3,"column":50}},"3":{"start":{"line":4,"column":0},"end":{"line":4,"column":47}},"4":{"start":{"line":5,"column":0},"end":{"line":5,"column":51}},"5":{"start":{"line":6,"column":0},"end":{"line":6,"column":60}},"6":{"start":{"line":7,"column":0},"end":{"line":7,"column":51}},"7":{"start":{"line":8,"column":0},"end":{"line":8,"column":48}},"8":{"start":{"line":9,"column":0},"end":{"line":9,"column":45}},"9":{"start":{"line":10,"column":0},"end":{"line":10,"column":51}},"10":{"start":{"line":11,"column":0},"end":{"line":11,"column":60}},"11":{"start":{"line":12,"column":0},"end":{"line":12,"column":57}},"12":{"start":{"line":13,"column":0},"end":{"line":13,"column":63}},"13":{"start":{"line":14,"column":0},"end":{"line":14,"column":42}},"14":{"start":{"line":15,"column":0},"end":{"line":15,"column":66}},"15":{"start":{"line":16,"column":0},"end":{"line":16,"column":45}},"16":{"start":{"line":17,"column":0},"end":{"line":17,"column":54}},"17":{"start":{"line":18,"column":0},"end":{"line":18,"column":92}},"18":{"start":{"line":19,"column":0},"end":{"line":19,"column":41}},"19":{"start":{"line":20,"column":0},"end":{"line":20,"column":55}},"20":{"start":{"line":60,"column":7},"end":{"line":60,"column":null}},"21":{"start":{"line":60,"column":13},"end":{"line":60,"column":22}},"22":{"start":{"line":60,"column":13},"end":{"line":60,"column":null}},"23":{"start":{"line":30,"column":53},"end":{"line":32,"column":8}}},"fnMap":{"0":{"name":"(anonymous_1)","decl":{"start":{"line":30,"column":18},"end":{"line":30,"column":19}},"loc":{"start":{"line":30,"column":53},"end":{"line":32,"column":8}}}},"branchMap":{},"s":{"0":0,"1":0,"2":0,"3":0,"4":0,"5":0,"6":0,"7":0,"8":0,"9":0,"10":0,"11":0,"12":0,"13":0,"14":0,"15":0,"16":0,"17":0,"18":0,"19":0,"20":0,"21":0,"22":0,"23":0},"f":{"0":0},"b":{}}
,"C:\\Users\\FTT\\Documents\\GitHub\\Billing Software\\apps\\api\\src\\main.ts": {"path":"C:\\Users\\FTT\\Documents\\GitHub\\Billing Software\\apps\\api\\src\\main.ts","statementMap":{"0":{"start":{"line":1,"column":0},"end":{"line":1,"column":43}},"1":{"start":{"line":2,"column":0},"end":{"line":2,"column":48}},"2":{"start":{"line":3,"column":0},"end":{"line":3,"column":47}},"3":{"start":{"line":4,"column":0},"end":{"line":4,"column":65}},"4":{"start":{"line":5,"column":0},"end":{"line":5,"column":46}},"5":{"start":{"line":6,"column":0},"end":{"line":6,"column":41}},"6":{"start":{"line":9,"column":14},"end":{"line":9,"column":68}},"7":{"start":{"line":10,"column":24},"end":{"line":10,"column":46}},"8":{"start":{"line":12,"column":2},"end":{"line":12,"column":26}},"9":{"start":{"line":14,"column":2},"end":{"line":14,"column":54}},"10":{"start":{"line":16,"column":2},"end":{"line":22,"column":4}},"11":{"start":{"line":24,"column":29},"end":{"line":24,"column":78}},"12":{"start":{"line":25,"column":25},"end":{"line":32,"column":8}},"13":{"start":{"line":26,"column":47},"end":{"line":26,"column":55}},"14":{"start":{"line":34,"column":2},"end":{"line":46,"column":5}},"15":{"start":{"line":37,"column":6},"end":{"line":41,"column":7}},"16":{"start":{"line":38,"column":8},"end":{"line":38,"column":29}},"17":{"start":{"line":40,"column":8},"end":{"line":40,"column":51}},"18":{"start":{"line":48,"column":18},"end":{"line":48,"column":72}},"19":{"start":{"line":49,"column":2},"end":{"line":58,"column":3}},"20":{"start":{"line":50,"column":19},"end":{"line":55,"column":14}},"21":{"start":{"line":56,"column":21},"end":{"line":56,"column":62}},"22":{"start":{"line":57,"column":4},"end":{"line":57,"column":51}},"23":{"start":{"line":60,"column":15},"end":{"line":60,"column":56}},"24":{"start":{"line":61,"column":2},"end":{"line":61,"column":25}},"25":{"start":{"line":62,"column":2},"end":{"line":62,"column":73}},"26":{"start":{"line":63,"column":2},"end":{"line":65,"column":3}},"27":{"start":{"line":64,"column":4},"end":{"line":64,"column":92}},"28":{"start":{"line":67,"column":0},"end":{"line":67,"column":12}}},"fnMap":{"0":{"name":"bootstrap","decl":{"start":{"line":8,"column":15},"end":{"line":8,"column":24}},"loc":{"start":{"line":8,"column":24},"end":{"line":66,"column":1}}},"1":{"name":"(anonymous_1)","decl":{"start":{"line":26,"column":40},"end":{"line":26,"column":41}},"loc":{"start":{"line":26,"column":47},"end":{"line":26,"column":55}}},"2":{"name":"(anonymous_2)","decl":{"start":{"line":35,"column":12},"end":{"line":35,"column":13}},"loc":{"start":{"line":35,"column":33},"end":{"line":42,"column":5}}}},"branchMap":{"0":{"loc":{"start":{"line":25,"column":25},"end":{"line":32,"column":8}},"type":"cond-expr","locations":[{"start":{"line":26,"column":6},"end":{"line":26,"column":56}},{"start":{"line":27,"column":6},"end":{"line":32,"column":8}}]},"1":{"loc":{"start":{"line":37,"column":6},"end":{"line":41,"column":7}},"type":"if","locations":[{"start":{"line":37,"column":6},"end":{"line":41,"column":7}},{"start":{"line":39,"column":13},"end":{"line":41,"column":7}}]},"2":{"loc":{"start":{"line":37,"column":10},"end":{"line":37,"column":52}},"type":"binary-expr","locations":[{"start":{"line":37,"column":10},"end":{"line":37,"column":17}},{"start":{"line":37,"column":21},"end":{"line":37,"column":52}}]},"3":{"loc":{"start":{"line":48,"column":18},"end":{"line":48,"column":72}},"type":"binary-expr","locations":[{"start":{"line":48,"column":18},"end":{"line":48,"column":55}},{"start":{"line":48,"column":59},"end":{"line":48,"column":72}}]},"4":{"loc":{"start":{"line":49,"column":2},"end":{"line":58,"column":3}},"type":"if","locations":[{"start":{"line":49,"column":2},"end":{"line":58,"column":3}}]},"5":{"loc":{"start":{"line":60,"column":15},"end":{"line":60,"column":56}},"type":"binary-expr","locations":[{"start":{"line":60,"column":15},"end":{"line":60,"column":48}},{"start":{"line":60,"column":52},"end":{"line":60,"column":56}}]},"6":{"loc":{"start":{"line":63,"column":2},"end":{"line":65,"column":3}},"type":"if","locations":[{"start":{"line":63,"column":2},"end":{"line":65,"column":3}}]}},"s":{"0":0,"1":0,"2":0,"3":0,"4":0,"5":0,"6":0,"7":0,"8":0,"9":0,"10":0,"11":0,"12":0,"13":0,"14":0,"15":0,"16":0,"17":0,"18":0,"19":0,"20":0,"21":0,"22":0,"23":0,"24":0,"25":0,"26":0,"27":0,"28":0},"f":{"0":0,"1":0,"2":0},"b":{"0":[0,0],"1":[0,0],"2":[0,0],"3":[0,0],"4":[0],"5":[0,0],"6":[0]}}
,"C:\\Users\\FTT\\Documents\\GitHub\\Billing Software\\apps\\api\\src\\ads\\ads.controller.ts": {"path":"C:\\Users\\FTT\\Documents\\GitHub\\Billing Software\\apps\\api\\src\\ads\\ads.controller.ts","statementMap":{"0":{"start":{"line":1,"column":0},"end":{"line":1,"column":105}},"1":{"start":{"line":2,"column":0},"end":{"line":2,"column":81}},"2":{"start":{"line":4,"column":0},"end":{"line":4,"column":43}},"3":{"start":{"line":5,"column":0},"end":{"line":5,"column":61}},"4":{"start":{"line":6,"column":0},"end":{"line":6,"column":68}},"5":{"start":{"line":10,"column":7},"end":{"line":141,"column":null}},"6":{"start":{"line":11,"column":31},"end":{"line":11,"column":43}},"7":{"start":{"line":19,"column":4},"end":{"line":19,"column":63}},"8":{"start":{"line":27,"column":4},"end":{"line":27,"column":61}},"9":{"start":{"line":38,"column":4},"end":{"line":40,"column":5}},"10":{"start":{"line":39,"column":6},"end":{"line":39,"column":80}},"11":{"start":{"line":42,"column":4},"end":{"line":42,"column":60}},"12":{"start":{"line":45,"column":4},"end":{"line":45,"column":47}},"13":{"start":{"line":46,"column":4},"end":{"line":62,"column":7}},"14":{"start":{"line":72,"column":4},"end":{"line":74,"column":5}},"15":{"start":{"line":73,"column":6},"end":{"line":73,"column":80}},"16":{"start":{"line":76,"column":4},"end":{"line":76,"column":58}},"17":{"start":{"line":79,"column":4},"end":{"line":79,"column":47}},"18":{"start":{"line":80,"column":4},"end":{"line":96,"column":7}},"19":{"start":{"line":105,"column":4},"end":{"line":105,"column":49}},"20":{"start":{"line":113,"column":4},"end":{"line":113,"column":58}},"21":{"start":{"line":114,"column":4},"end":{"line":114,"column":29}},"22":{"start":{"line":123,"column":4},"end":{"line":123,"column":60}},"23":{"start":{"line":131,"column":4},"end":{"line":131,"column":53}},"24":{"start":{"line":139,"column":4},"end":{"line":139,"column":49}},"25":{"start":{"line":10,"column":13},"end":{"line":10,"column":26}},"26":{"start":{"line":18,"column":2},"end":{"line":20,"column":null}},"27":{"start":{"line":26,"column":2},"end":{"line":28,"column":null}},"28":{"start":{"line":33,"column":8},"end":{"line":63,"column":null}},"29":{"start":{"line":67,"column":8},"end":{"line":97,"column":null}},"30":{"start":{"line":104,"column":2},"end":{"line":106,"column":null}},"31":{"start":{"line":112,"column":8},"end":{"line":115,"column":null}},"32":{"start":{"line":122,"column":2},"end":{"line":124,"column":null}},"33":{"start":{"line":130,"column":2},"end":{"line":132,"column":null}},"34":{"start":{"line":138,"column":2},"end":{"line":140,"column":null}},"35":{"start":{"line":10,"column":13},"end":{"line":141,"column":null}}},"fnMap":{"0":{"name":"(anonymous_4)","decl":{"start":{"line":11,"column":2},"end":{"line":11,"column":31}},"loc":{"start":{"line":11,"column":53},"end":{"line":11,"column":57}}},"1":{"name":"(anonymous_5)","decl":{"start":{"line":18,"column":2},"end":{"line":18,"column":18}},"loc":{"start":{"line":18,"column":47},"end":{"line":20,"column":3}}},"2":{"name":"(anonymous_6)","decl":{"start":{"line":26,"column":2},"end":{"line":26,"column":16}},"loc":{"start":{"line":26,"column":45},"end":{"line":28,"column":3}}},"3":{"name":"(anonymous_7)","decl":{"start":{"line":33,"column":2},"end":{"line":33,"column":7}},"loc":{"start":{"line":36,"column":24},"end":{"line":63,"column":3}}},"4":{"name":"(anonymous_8)","decl":{"start":{"line":67,"column":2},"end":{"line":67,"column":7}},"loc":{"start":{"line":70,"column":24},"end":{"line":97,"column":3}}},"5":{"name":"(anonymous_9)","decl":{"start":{"line":104,"column":2},"end":{"line":104,"column":13}},"loc":{"start":{"line":104,"column":42},"end":{"line":106,"column":3}}},"6":{"name":"(anonymous_10)","decl":{"start":{"line":112,"column":2},"end":{"line":112,"column":7}},"loc":{"start":{"line":112,"column":79},"end":{"line":115,"column":3}}},"7":{"name":"(anonymous_11)","decl":{"start":{"line":122,"column":2},"end":{"line":122,"column":14}},"loc":{"start":{"line":122,"column":81},"end":{"line":124,"column":3}}},"8":{"name":"(anonymous_12)","decl":{"start":{"line":130,"column":2},"end":{"line":130,"column":13}},"loc":{"start":{"line":130,"column":42},"end":{"line":132,"column":3}}},"9":{"name":"(anonymous_13)","decl":{"start":{"line":138,"column":2},"end":{"line":138,"column":13}},"loc":{"start":{"line":138,"column":42},"end":{"line":140,"column":3}}}},"branchMap":{"0":{"loc":{"start":{"line":38,"column":4},"end":{"line":40,"column":5}},"type":"if","locations":[{"start":{"line":38,"column":4},"end":{"line":40,"column":5}}]},"1":{"loc":{"start":{"line":72,"column":4},"end":{"line":74,"column":5}},"type":"if","locations":[{"start":{"line":72,"column":4},"end":{"line":74,"column":5}}]}},"s":{"0":0,"1":0,"2":0,"3":0,"4":0,"5":0,"6":0,"7":0,"8":0,"9":0,"10":0,"11":0,"12":0,"13":0,"14":0,"15":0,"16":0,"17":0,"18":0,"19":0,"20":0,"21":0,"22":0,"23":0,"24":0,"25":0,"26":0,"27":0,"28":0,"29":0,"30":0,"31":0,"32":0,"33":0,"34":0,"35":0},"f":{"0":0,"1":0,"2":0,"3":0,"4":0,"5":0,"6":0,"7":0,"8":0,"9":0},"b":{"0":[0],"1":[0]}}
,"C:\\Users\\FTT\\Documents\\GitHub\\Billing Software\\apps\\api\\src\\ads\\ads.module.ts": {"path":"C:\\Users\\FTT\\Documents\\GitHub\\Billing Software\\apps\\api\\src\\ads\\ads.module.ts","statementMap":{"0":{"start":{"line":1,"column":0},"end":{"line":1,"column":40}},"1":{"start":{"line":2,"column":0},"end":{"line":2,"column":49}},"2":{"start":{"line":3,"column":0},"end":{"line":3,"column":43}},"3":{"start":{"line":4,"column":0},"end":{"line":4,"column":61}},"4":{"start":{"line":12,"column":7},"end":{"line":12,"column":null}},"5":{"start":{"line":12,"column":13},"end":{"line":12,"column":22}},"6":{"start":{"line":12,"column":13},"end":{"line":12,"column":null}}},"fnMap":{},"branchMap":{},"s":{"0":0,"1":0,"2":0,"3":0,"4":0,"5":0,"6":0},"f":{},"b":{}}
,"C:\\Users\\FTT\\Documents\\GitHub\\Billing Software\\apps\\api\\src\\ads\\ads.service.ts": {"path":"C:\\Users\\FTT\\Documents\\GitHub\\Billing Software\\apps\\api\\src\\ads\\ads.service.ts","statementMap":{"0":{"start":{"line":1,"column":0},"end":{"line":1,"column":92}},"1":{"start":{"line":2,"column":0},"end":{"line":2,"column":59}},"2":{"start":{"line":3,"column":0},"end":{"line":3,"column":47}},"3":{"start":{"line":6,"column":23},"end":{"line":421,"column":null}},"4":{"start":{"line":7,"column":28},"end":{"line":7,"column":55}},"5":{"start":{"line":10,"column":21},"end":{"line":10,"column":29}},"6":{"start":{"line":11,"column":21},"end":{"line":11,"column":29}},"7":{"start":{"line":16,"column":21},"end":{"line":16,"column":64}},"8":{"start":{"line":17,"column":24},"end":{"line":17,"column":70}},"9":{"start":{"line":19,"column":4},"end":{"line":22,"column":5}},"10":{"start":{"line":21,"column":6},"end":{"line":21,"column":84}},"11":{"start":{"line":24,"column":4},"end":{"line":31,"column":46}},"12":{"start":{"line":35,"column":21},"end":{"line":35,"column":62}},"13":{"start":{"line":36,"column":24},"end":{"line":36,"column":68}},"14":{"start":{"line":38,"column":4},"end":{"line":41,"column":5}},"15":{"start":{"line":40,"column":6},"end":{"line":40,"column":80}},"16":{"start":{"line":43,"column":4},"end":{"line":47,"column":46}},"17":{"start":{"line":52,"column":21},"end":{"line":52,"column":64}},"18":{"start":{"line":53,"column":25},"end":{"line":53,"column":72}},"19":{"start":{"line":54,"column":24},"end":{"line":54,"column":70}},"20":{"start":{"line":56,"column":22},"end":{"line":56,"column":48}},"21":{"start":{"line":57,"column":23},"end":{"line":57,"column":50}},"22":{"start":{"line":58,"column":20},"end":{"line":58,"column":54}},"23":{"start":{"line":59,"column":22},"end":{"line":59,"column":38}},"24":{"start":{"line":60,"column":24},"end":{"line":60,"column":54}},"25":{"start":{"line":62,"column":19},"end":{"line":62,"column":73}},"26":{"start":{"line":64,"column":4},"end":{"line":91,"column":5}},"27":{"start":{"line":65,"column":6},"end":{"line":90,"column":7}},"28":{"start":{"line":66,"column":25},"end":{"line":76,"column":10}},"29":{"start":{"line":78,"column":8},"end":{"line":80,"column":9}},"30":{"start":{"line":79,"column":10},"end":{"line":79,"column":92}},"31":{"start":{"line":82,"column":21},"end":{"line":82,"column":42}},"32":{"start":{"line":83,"column":8},"end":{"line":83,"column":40}},"33":{"start":{"line":84,"column":8},"end":{"line":86,"column":9}},"34":{"start":{"line":85,"column":10},"end":{"line":85,"column":44}},"35":{"start":{"line":87,"column":8},"end":{"line":87,"column":76}},"36":{"start":{"line":89,"column":8},"end":{"line":89,"column":97}},"37":{"start":{"line":94,"column":4},"end":{"line":119,"column":7}},"38":{"start":{"line":122,"column":4},"end":{"line":124,"column":6}},"39":{"start":{"line":123,"column":6},"end":{"line":123,"column":73}},"40":{"start":{"line":128,"column":21},"end":{"line":128,"column":62}},"41":{"start":{"line":129,"column":25},"end":{"line":129,"column":70}},"42":{"start":{"line":130,"column":24},"end":{"line":130,"column":68}},"43":{"start":{"line":132,"column":22},"end":{"line":132,"column":46}},"44":{"start":{"line":133,"column":22},"end":{"line":133,"column":66}},"45":{"start":{"line":134,"column":22},"end":{"line":134,"column":40}},"46":{"start":{"line":135,"column":24},"end":{"line":135,"column":56}},"47":{"start":{"line":137,"column":19},"end":{"line":137,"column":73}},"48":{"start":{"line":139,"column":4},"end":{"line":155,"column":5}},"49":{"start":{"line":140,"column":6},"end":{"line":154,"column":7}},"50":{"start":{"line":141,"column":25},"end":{"line":143,"column":null}},"51":{"start":{"line":146,"column":8},"end":{"line":148,"column":9}},"52":{"start":{"line":147,"column":10},"end":{"line":147,"column":82}},"53":{"start":{"line":150,"column":21},"end":{"line":150,"column":42}},"54":{"start":{"line":151,"column":8},"end":{"line":151,"column":40}},"55":{"start":{"line":153,"column":8},"end":{"line":153,"column":87}},"56":{"start":{"line":158,"column":4},"end":{"line":181,"column":7}},"57":{"start":{"line":184,"column":4},"end":{"line":186,"column":6}},"58":{"start":{"line":185,"column":6},"end":{"line":185,"column":71}},"59":{"start":{"line":191,"column":4},"end":{"line":194,"column":7}},"60":{"start":{"line":198,"column":16},"end":{"line":198,"column":82}},"61":{"start":{"line":199,"column":4},"end":{"line":199,"column":66}},"62":{"start":{"line":199,"column":14},"end":{"line":199,"column":66}},"63":{"start":{"line":200,"column":4},"end":{"line":200,"column":58}},"64":{"start":{"line":204,"column":4},"end":{"line":210,"column":7}},"65":{"start":{"line":214,"column":4},"end":{"line":218,"column":7}},"66":{"start":{"line":223,"column":21},"end":{"line":223,"column":82}},"67":{"start":{"line":224,"column":22},"end":{"line":224,"column":23}},"68":{"start":{"line":226,"column":4},"end":{"line":233,"column":5}},"69":{"start":{"line":227,"column":6},"end":{"line":232,"column":7}},"70":{"start":{"line":228,"column":22},"end":{"line":228,"column":107}},"71":{"start":{"line":229,"column":8},"end":{"line":229,"column":29}},"72":{"start":{"line":231,"column":8},"end":{"line":231,"column":105}},"73":{"start":{"line":236,"column":4},"end":{"line":244,"column":7}},"74":{"start":{"line":246,"column":4},"end":{"line":246,"column":55}},"75":{"start":{"line":250,"column":16},"end":{"line":250,"column":88}},"76":{"start":{"line":251,"column":4},"end":{"line":251,"column":23}},"77":{"start":{"line":251,"column":14},"end":{"line":251,"column":23}},"78":{"start":{"line":254,"column":21},"end":{"line":257,"column":6}},"79":{"start":{"line":258,"column":4},"end":{"line":261,"column":5}},"80":{"start":{"line":259,"column":6},"end":{"line":259,"column":88}},"81":{"start":{"line":260,"column":6},"end":{"line":260,"column":104}},"82":{"start":{"line":263,"column":22},"end":{"line":263,"column":23}},"83":{"start":{"line":264,"column":4},"end":{"line":325,"column":5}},"84":{"start":{"line":266,"column":31},"end":{"line":266,"column":95}},"85":{"start":{"line":266,"column":63},"end":{"line":266,"column":94}},"86":{"start":{"line":269,"column":6},"end":{"line":301,"column":7}},"87":{"start":{"line":270,"column":8},"end":{"line":299,"column":11}},"88":{"start":{"line":300,"column":8},"end":{"line":300,"column":22}},"89":{"start":{"line":304,"column":6},"end":{"line":312,"column":9}},"90":{"start":{"line":315,"column":6},"end":{"line":323,"column":9}},"91":{"start":{"line":324,"column":6},"end":{"line":324,"column":16}},"92":{"start":{"line":327,"column":4},"end":{"line":327,"column":23}},"93":{"start":{"line":332,"column":4},"end":{"line":342,"column":5}},"94":{"start":{"line":333,"column":6},"end":{"line":333,"column":24}},"95":{"start":{"line":335,"column":6},"end":{"line":338,"column":7}},"96":{"start":{"line":336,"column":8},"end":{"line":336,"column":84}},"97":{"start":{"line":337,"column":8},"end":{"line":337,"column":18}},"98":{"start":{"line":339,"column":6},"end":{"line":339,"column":85}},"99":{"start":{"line":340,"column":6},"end":{"line":340,"column":65}},"100":{"start":{"line":340,"column":37},"end":{"line":340,"column":63}},"101":{"start":{"line":341,"column":6},"end":{"line":341,"column":61}},"102":{"start":{"line":346,"column":19},"end":{"line":346,"column":113}},"103":{"start":{"line":348,"column":4},"end":{"line":353,"column":5}},"104":{"start":{"line":356,"column":4},"end":{"line":356,"column":61}},"105":{"start":{"line":356,"column":35},"end":{"line":356,"column":59}},"106":{"start":{"line":359,"column":4},"end":{"line":419,"column":5}},"107":{"start":{"line":360,"column":6},"end":{"line":388,"column":8}},"108":{"start":{"line":390,"column":6},"end":{"line":418,"column":8}},"109":{"start":{"line":6,"column":13},"end":{"line":6,"column":23}},"110":{"start":{"line":6,"column":13},"end":{"line":421,"column":null}}},"fnMap":{"0":{"name":"(anonymous_2)","decl":{"start":{"line":9,"column":2},"end":{"line":9,"column":null}},"loc":{"start":{"line":11,"column":42},"end":{"line":12,"column":6}}},"1":{"name":"(anonymous_3)","decl":{"start":{"line":15,"column":2},"end":{"line":15,"column":18}},"loc":{"start":{"line":15,"column":35},"end":{"line":32,"column":3}}},"2":{"name":"(anonymous_4)","decl":{"start":{"line":34,"column":2},"end":{"line":34,"column":16}},"loc":{"start":{"line":34,"column":33},"end":{"line":48,"column":3}}},"3":{"name":"(anonymous_5)","decl":{"start":{"line":51,"column":2},"end":{"line":51,"column":7}},"loc":{"start":{"line":51,"column":59},"end":{"line":125,"column":3}}},"4":{"name":"(anonymous_6)","decl":{"start":{"line":122,"column":67},"end":{"line":122,"column":68}},"loc":{"start":{"line":123,"column":6},"end":{"line":123,"column":73}}},"5":{"name":"(anonymous_7)","decl":{"start":{"line":127,"column":2},"end":{"line":127,"column":7}},"loc":{"start":{"line":127,"column":57},"end":{"line":187,"column":3}}},"6":{"name":"(anonymous_8)","decl":{"start":{"line":184,"column":65},"end":{"line":184,"column":66}},"loc":{"start":{"line":185,"column":6},"end":{"line":185,"column":71}}},"7":{"name":"(anonymous_9)","decl":{"start":{"line":190,"column":2},"end":{"line":190,"column":7}},"loc":{"start":{"line":190,"column":36},"end":{"line":195,"column":3}}},"8":{"name":"(anonymous_10)","decl":{"start":{"line":197,"column":2},"end":{"line":197,"column":7}},"loc":{"start":{"line":197,"column":54},"end":{"line":201,"column":3}}},"9":{"name":"(anonymous_11)","decl":{"start":{"line":203,"column":2},"end":{"line":203,"column":7}},"loc":{"start":{"line":203,"column":56},"end":{"line":211,"column":3}}},"10":{"name":"(anonymous_12)","decl":{"start":{"line":213,"column":2},"end":{"line":213,"column":7}},"loc":{"start":{"line":213,"column":36},"end":{"line":219,"column":3}}},"11":{"name":"(anonymous_13)","decl":{"start":{"line":222,"column":2},"end":{"line":222,"column":7}},"loc":{"start":{"line":222,"column":40},"end":{"line":247,"column":3}}},"12":{"name":"(anonymous_14)","decl":{"start":{"line":249,"column":10},"end":{"line":249,"column":15}},"loc":{"start":{"line":249,"column":91},"end":{"line":328,"column":3}}},"13":{"name":"(anonymous_15)","decl":{"start":{"line":266,"column":57},"end":{"line":266,"column":60}},"loc":{"start":{"line":266,"column":63},"end":{"line":266,"column":94}}},"14":{"name":"(anonymous_16)","decl":{"start":{"line":331,"column":10},"end":{"line":331,"column":15}},"loc":{"start":{"line":331,"column":81},"end":{"line":343,"column":3}}},"15":{"name":"(anonymous_17)","decl":{"start":{"line":340,"column":24},"end":{"line":340,"column":25}},"loc":{"start":{"line":340,"column":37},"end":{"line":340,"column":63}}},"16":{"name":"(anonymous_18)","decl":{"start":{"line":345,"column":10},"end":{"line":345,"column":15}},"loc":{"start":{"line":345,"column":46},"end":{"line":420,"column":3}}},"17":{"name":"(anonymous_19)","decl":{"start":{"line":356,"column":22},"end":{"line":356,"column":23}},"loc":{"start":{"line":356,"column":35},"end":{"line":356,"column":59}}}},"branchMap":{"0":{"loc":{"start":{"line":19,"column":4},"end":{"line":22,"column":5}},"type":"if","locations":[{"start":{"line":19,"column":4},"end":{"line":22,"column":5}}]},"1":{"loc":{"start":{"line":19,"column":8},"end":{"line":19,"column":78}},"type":"binary-expr","locations":[{"start":{"line":19,"column":8},"end":{"line":19,"column":17}},{"start":{"line":19,"column":21},"end":{"line":19,"column":33}},{"start":{"line":19,"column":37},"end":{"line":19,"column":78}}]},"2":{"loc":{"start":{"line":38,"column":4},"end":{"line":41,"column":5}},"type":"if","locations":[{"start":{"line":38,"column":4},"end":{"line":41,"column":5}}]},"3":{"loc":{"start":{"line":38,"column":8},"end":{"line":38,"column":76}},"type":"binary-expr","locations":[{"start":{"line":38,"column":8},"end":{"line":38,"column":17}},{"start":{"line":38,"column":21},"end":{"line":38,"column":33}},{"start":{"line":38,"column":37},"end":{"line":38,"column":76}}]},"4":{"loc":{"start":{"line":62,"column":19},"end":{"line":62,"column":73}},"type":"binary-expr","locations":[{"start":{"line":62,"column":19},"end":{"line":62,"column":28}},{"start":{"line":62,"column":32},"end":{"line":62,"column":73}}]},"5":{"loc":{"start":{"line":64,"column":4},"end":{"line":91,"column":5}},"type":"if","locations":[{"start":{"line":64,"column":4},"end":{"line":91,"column":5}}]},"6":{"loc":{"start":{"line":78,"column":8},"end":{"line":80,"column":9}},"type":"if","locations":[{"start":{"line":78,"column":8},"end":{"line":80,"column":9}}]},"7":{"loc":{"start":{"line":84,"column":8},"end":{"line":86,"column":9}},"type":"if","locations":[{"start":{"line":84,"column":8},"end":{"line":86,"column":9}}]},"8":{"loc":{"start":{"line":87,"column":43},"end":{"line":87,"column":66}},"type":"binary-expr","locations":[{"start":{"line":87,"column":43},"end":{"line":87,"column":58}},{"start":{"line":87,"column":62},"end":{"line":87,"column":66}}]},"9":{"loc":{"start":{"line":137,"column":19},"end":{"line":137,"column":73}},"type":"binary-expr","locations":[{"start":{"line":137,"column":19},"end":{"line":137,"column":28}},{"start":{"line":137,"column":32},"end":{"line":137,"column":73}}]},"10":{"loc":{"start":{"line":139,"column":4},"end":{"line":155,"column":5}},"type":"if","locations":[{"start":{"line":139,"column":4},"end":{"line":155,"column":5}}]},"11":{"loc":{"start":{"line":146,"column":8},"end":{"line":148,"column":9}},"type":"if","locations":[{"start":{"line":146,"column":8},"end":{"line":148,"column":9}}]},"12":{"loc":{"start":{"line":199,"column":4},"end":{"line":199,"column":66}},"type":"if","locations":[{"start":{"line":199,"column":4},"end":{"line":199,"column":66}}]},"13":{"loc":{"start":{"line":207,"column":12},"end":{"line":207,"column":117}},"type":"cond-expr","locations":[{"start":{"line":207,"column":45},"end":{"line":207,"column":112}},{"start":{"line":207,"column":115},"end":{"line":207,"column":117}}]},"14":{"loc":{"start":{"line":207,"column":12},"end":{"line":207,"column":42}},"type":"binary-expr","locations":[{"start":{"line":207,"column":12},"end":{"line":207,"column":20}},{"start":{"line":207,"column":24},"end":{"line":207,"column":42}}]},"15":{"loc":{"start":{"line":207,"column":57},"end":{"line":207,"column":110}},"type":"cond-expr","locations":[{"start":{"line":207,"column":85},"end":{"line":207,"column":97}},{"start":{"line":207,"column":100},"end":{"line":207,"column":110}}]},"16":{"loc":{"start":{"line":251,"column":4},"end":{"line":251,"column":23}},"type":"if","locations":[{"start":{"line":251,"column":4},"end":{"line":251,"column":23}}]},"17":{"loc":{"start":{"line":258,"column":4},"end":{"line":261,"column":5}},"type":"if","locations":[{"start":{"line":258,"column":4},"end":{"line":261,"column":5}}]},"18":{"loc":{"start":{"line":258,"column":8},"end":{"line":258,"column":78}},"type":"binary-expr","locations":[{"start":{"line":258,"column":8},"end":{"line":258,"column":16}},{"start":{"line":258,"column":20},"end":{"line":258,"column":78}}]},"19":{"loc":{"start":{"line":331,"column":56},"end":{"line":331,"column":67}},"type":"default-arg","locations":[{"start":{"line":331,"column":66},"end":{"line":331,"column":67}}]},"20":{"loc":{"start":{"line":331,"column":69},"end":{"line":331,"column":81}},"type":"default-arg","locations":[{"start":{"line":331,"column":77},"end":{"line":331,"column":81}}]},"21":{"loc":{"start":{"line":335,"column":6},"end":{"line":338,"column":7}},"type":"if","locations":[{"start":{"line":335,"column":6},"end":{"line":338,"column":7}}]},"22":{"loc":{"start":{"line":346,"column":19},"end":{"line":346,"column":113}},"type":"binary-expr","locations":[{"start":{"line":346,"column":19},"end":{"line":346,"column":65}},{"start":{"line":346,"column":69},"end":{"line":346,"column":113}}]},"23":{"loc":{"start":{"line":348,"column":4},"end":{"line":353,"column":5}},"type":"if","locations":[{"start":{"line":348,"column":4},"end":{"line":353,"column":5}}]},"24":{"loc":{"start":{"line":359,"column":4},"end":{"line":419,"column":5}},"type":"if","locations":[{"start":{"line":359,"column":4},"end":{"line":419,"column":5}},{"start":{"line":389,"column":11},"end":{"line":419,"column":5}}]}},"s":{"0":0,"1":0,"2":0,"3":0,"4":0,"5":0,"6":0,"7":0,"8":0,"9":0,"10":0,"11":0,"12":0,"13":0,"14":0,"15":0,"16":0,"17":0,"18":0,"19":0,"20":0,"21":0,"22":0,"23":0,"24":0,"25":0,"26":0,"27":0,"28":0,"29":0,"30":0,"31":0,"32":0,"33":0,"34":0,"35":0,"36":0,"37":0,"38":0,"39":0,"40":0,"41":0,"42":0,"43":0,"44":0,"45":0,"46":0,"47":0,"48":0,"49":0,"50":0,"51":0,"52":0,"53":0,"54":0,"55":0,"56":0,"57":0,"58":0,"59":0,"60":0,"61":0,"62":0,"63":0,"64":0,"65":0,"66":0,"67":0,"68":0,"69":0,"70":0,"71":0,"72":0,"73":0,"74":0,"75":0,"76":0,"77":0,"78":0,"79":0,"80":0,"81":0,"82":0,"83":0,"84":0,"85":0,"86":0,"87":0,"88":0,"89":0,"90":0,"91":0,"92":0,"93":0,"94":0,"95":0,"96":0,"97":0,"98":0,"99":0,"100":0,"101":0,"102":0,"103":0,"104":0,"105":0,"106":0,"107":0,"108":0,"109":0,"110":0},"f":{"0":0,"1":0,"2":0,"3":0,"4":0,"5":0,"6":0,"7":0,"8":0,"9":0,"10":0,"11":0,"12":0,"13":0,"14":0,"15":0,"16":0,"17":0},"b":{"0":[0],"1":[0,0,0],"2":[0],"3":[0,0,0],"4":[0,0],"5":[0],"6":[0],"7":[0],"8":[0,0],"9":[0,0],"10":[0],"11":[0],"12":[0],"13":[0,0],"14":[0,0],"15":[0,0],"16":[0],"17":[0],"18":[0,0],"19":[0],"20":[0],"21":[0],"22":[0,0],"23":[0],"24":[0,0]}}
,"C:\\Users\\FTT\\Documents\\GitHub\\Billing Software\\apps\\api\\src\\ai\\ai.controller.ts": {"path":"C:\\Users\\FTT\\Documents\\GitHub\\Billing Software\\apps\\api\\src\\ai\\ai.controller.ts","statementMap":{"0":{"start":{"line":1,"column":0},"end":{"line":1,"column":null}},"1":{"start":{"line":11,"column":0},"end":{"line":11,"column":null}},"2":{"start":{"line":17,"column":0},"end":{"line":17,"column":61}},"3":{"start":{"line":18,"column":0},"end":{"line":18,"column":68}},"4":{"start":{"line":19,"column":0},"end":{"line":19,"column":74}},"5":{"start":{"line":20,"column":0},"end":{"line":20,"column":75}},"6":{"start":{"line":22,"column":0},"end":{"line":22,"column":76}},"7":{"start":{"line":24,"column":0},"end":{"line":24,"column":13}},"8":{"start":{"line":26,"column":2},"end":{"line":26,"column":null}},"9":{"start":{"line":30,"column":2},"end":{"line":30,"column":null}},"10":{"start":{"line":33,"column":0},"end":{"line":33,"column":13}},"11":{"start":{"line":36,"column":2},"end":{"line":36,"column":null}},"12":{"start":{"line":40,"column":2},"end":{"line":40,"column":null}},"13":{"start":{"line":44,"column":2},"end":{"line":44,"column":null}},"14":{"start":{"line":51,"column":7},"end":{"line":159,"column":null}},"15":{"start":{"line":52,"column":31},"end":{"line":52,"column":42}},"16":{"start":{"line":62,"column":4},"end":{"line":62,"column":82}},"17":{"start":{"line":71,"column":4},"end":{"line":71,"column":61}},"18":{"start":{"line":80,"column":4},"end":{"line":80,"column":64}},"19":{"start":{"line":89,"column":4},"end":{"line":89,"column":70}},"20":{"start":{"line":90,"column":4},"end":{"line":90,"column":29}},"21":{"start":{"line":100,"column":4},"end":{"line":100,"column":54}},"22":{"start":{"line":106,"column":4},"end":{"line":106,"column":51}},"23":{"start":{"line":115,"column":4},"end":{"line":115,"column":54}},"24":{"start":{"line":125,"column":4},"end":{"line":125,"column":58}},"25":{"start":{"line":134,"column":4},"end":{"line":134,"column":53}},"26":{"start":{"line":141,"column":4},"end":{"line":141,"column":48}},"27":{"start":{"line":148,"column":4},"end":{"line":148,"column":51}},"28":{"start":{"line":157,"column":4},"end":{"line":157,"column":59}},"29":{"start":{"line":51,"column":13},"end":{"line":51,"column":25}},"30":{"start":{"line":57,"column":2},"end":{"line":63,"column":null}},"31":{"start":{"line":67,"column":2},"end":{"line":72,"column":null}},"32":{"start":{"line":76,"column":2},"end":{"line":81,"column":null}},"33":{"start":{"line":85,"column":8},"end":{"line":91,"column":null}},"34":{"start":{"line":96,"column":2},"end":{"line":101,"column":null}},"35":{"start":{"line":105,"column":2},"end":{"line":107,"column":null}},"36":{"start":{"line":111,"column":2},"end":{"line":116,"column":null}},"37":{"start":{"line":120,"column":2},"end":{"line":126,"column":null}},"38":{"start":{"line":130,"column":2},"end":{"line":135,"column":null}},"39":{"start":{"line":140,"column":2},"end":{"line":142,"column":null}},"40":{"start":{"line":147,"column":2},"end":{"line":149,"column":null}},"41":{"start":{"line":153,"column":2},"end":{"line":158,"column":null}},"42":{"start":{"line":51,"column":13},"end":{"line":159,"column":null}}},"fnMap":{"0":{"name":"(anonymous_4)","decl":{"start":{"line":52,"column":2},"end":{"line":52,"column":31}},"loc":{"start":{"line":52,"column":51},"end":{"line":52,"column":55}}},"1":{"name":"(anonymous_5)","decl":{"start":{"line":57,"column":2},"end":{"line":57,"column":6}},"loc":{"start":{"line":60,"column":37},"end":{"line":63,"column":3}}},"2":{"name":"(anonymous_6)","decl":{"start":{"line":67,"column":2},"end":{"line":67,"column":18}},"loc":{"start":{"line":69,"column":37},"end":{"line":72,"column":3}}},"3":{"name":"(anonymous_7)","decl":{"start":{"line":76,"column":2},"end":{"line":76,"column":13}},"loc":{"start":{"line":78,"column":32},"end":{"line":81,"column":3}}},"4":{"name":"(anonymous_8)","decl":{"start":{"line":85,"column":2},"end":{"line":85,"column":7}},"loc":{"start":{"line":87,"column":32},"end":{"line":91,"column":3}}},"5":{"name":"(anonymous_9)","decl":{"start":{"line":96,"column":2},"end":{"line":96,"column":14}},"loc":{"start":{"line":98,"column":32},"end":{"line":101,"column":3}}},"6":{"name":"(anonymous_10)","decl":{"start":{"line":105,"column":2},"end":{"line":105,"column":16}},"loc":{"start":{"line":105,"column":45},"end":{"line":107,"column":3}}},"7":{"name":"(anonymous_11)","decl":{"start":{"line":111,"column":2},"end":{"line":111,"column":15}},"loc":{"start":{"line":113,"column":32},"end":{"line":116,"column":3}}},"8":{"name":"(anonymous_12)","decl":{"start":{"line":120,"column":2},"end":{"line":120,"column":14}},"loc":{"start":{"line":123,"column":32},"end":{"line":126,"column":3}}},"9":{"name":"(anonymous_13)","decl":{"start":{"line":130,"column":2},"end":{"line":130,"column":14}},"loc":{"start":{"line":132,"column":32},"end":{"line":135,"column":3}}},"10":{"name":"(anonymous_14)","decl":{"start":{"line":140,"column":2},"end":{"line":140,"column":13}},"loc":{"start":{"line":140,"column":42},"end":{"line":142,"column":3}}},"11":{"name":"(anonymous_15)","decl":{"start":{"line":147,"column":2},"end":{"line":147,"column":16}},"loc":{"start":{"line":147,"column":45},"end":{"line":149,"column":3}}},"12":{"name":"(anonymous_16)","decl":{"start":{"line":153,"column":2},"end":{"line":153,"column":19}},"loc":{"start":{"line":155,"column":32},"end":{"line":158,"column":3}}}},"branchMap":{},"s":{"0":0,"1":0,"2":0,"3":0,"4":0,"5":0,"6":0,"7":0,"8":0,"9":0,"10":0,"11":0,"12":0,"13":0,"14":0,"15":0,"16":0,"17":0,"18":0,"19":0,"20":0,"21":0,"22":0,"23":0,"24":0,"25":0,"26":0,"27":0,"28":0,"29":0,"30":0,"31":0,"32":0,"33":0,"34":0,"35":0,"36":0,"37":0,"38":0,"39":0,"40":0,"41":0,"42":0},"f":{"0":0,"1":0,"2":0,"3":0,"4":0,"5":0,"6":0,"7":0,"8":0,"9":0,"10":0,"11":0,"12":0},"b":{}}
,"C:\\Users\\FTT\\Documents\\GitHub\\Billing Software\\apps\\api\\src\\ai\\ai.module.ts": {"path":"C:\\Users\\FTT\\Documents\\GitHub\\Billing Software\\apps\\api\\src\\ai\\ai.module.ts","statementMap":{"0":{"start":{"line":1,"column":0},"end":{"line":1,"column":40}},"1":{"start":{"line":2,"column":0},"end":{"line":2,"column":50}},"2":{"start":{"line":3,"column":0},"end":{"line":3,"column":47}},"3":{"start":{"line":4,"column":0},"end":{"line":4,"column":41}},"4":{"start":{"line":5,"column":0},"end":{"line":5,"column":108}},"5":{"start":{"line":6,"column":0},"end":{"line":6,"column":52}},"6":{"start":{"line":20,"column":7},"end":{"line":20,"column":null}},"7":{"start":{"line":20,"column":13},"end":{"line":20,"column":21}},"8":{"start":{"line":20,"column":13},"end":{"line":20,"column":null}}},"fnMap":{},"branchMap":{},"s":{"0":0,"1":0,"2":0,"3":0,"4":0,"5":0,"6":0,"7":0,"8":0},"f":{},"b":{}}
,"C:\\Users\\FTT\\Documents\\GitHub\\Billing Software\\apps\\api\\src\\ai\\ai.service.ts": {"path":"C:\\Users\\FTT\\Documents\\GitHub\\Billing Software\\apps\\api\\src\\ai\\ai.service.ts","statementMap":{"0":{"start":{"line":1,"column":0},"end":{"line":1,"column":84}},"1":{"start":{"line":2,"column":0},"end":{"line":2,"column":47}},"2":{"start":{"line":3,"column":0},"end":{"line":3,"column":33}},"3":{"start":{"line":4,"column":0},"end":{"line":4,"column":59}},"4":{"start":{"line":5,"column":0},"end":{"line":5,"column":47}},"5":{"start":{"line":6,"column":0},"end":{"line":6,"column":54}},"6":{"start":{"line":7,"column":0},"end":{"line":7,"column":69}},"7":{"start":{"line":11,"column":0},"end":{"line":11,"column":13}},"8":{"start":{"line":18,"column":0},"end":{"line":18,"column":13}},"9":{"start":{"line":26,"column":7},"end":{"line":373,"column":null}},"10":{"start":{"line":29,"column":21},"end":{"line":29,"column":40}},"11":{"start":{"line":31,"column":21},"end":{"line":31,"column":35}},"12":{"start":{"line":32,"column":21},"end":{"line":32,"column":29}},"13":{"start":{"line":33,"column":21},"end":{"line":33,"column":29}},"14":{"start":{"line":34,"column":21},"end":{"line":34,"column":28}},"15":{"start":{"line":44,"column":39},"end":{"line":44,"column":43}},"16":{"start":{"line":46,"column":4},"end":{"line":59,"column":5}},"17":{"start":{"line":48,"column":6},"end":{"line":48,"column":86}},"18":{"start":{"line":49,"column":6},"end":{"line":49,"column":90}},"19":{"start":{"line":49,"column":18},"end":{"line":49,"column":90}},"20":{"start":{"line":52,"column":20},"end":{"line":52,"column":66}},"21":{"start":{"line":53,"column":20},"end":{"line":53,"column":74}},"22":{"start":{"line":54,"column":6},"end":{"line":58,"column":9}},"23":{"start":{"line":61,"column":4},"end":{"line":63,"column":5}},"24":{"start":{"line":62,"column":6},"end":{"line":62,"column":73}},"25":{"start":{"line":66,"column":27},"end":{"line":66,"column":29}},"26":{"start":{"line":67,"column":22},"end":{"line":67,"column":81}},"27":{"start":{"line":69,"column":4},"end":{"line":76,"column":7}},"28":{"start":{"line":79,"column":20},"end":{"line":79,"column":101}},"29":{"start":{"line":82,"column":18},"end":{"line":82,"column":80}},"30":{"start":{"line":85,"column":4},"end":{"line":92,"column":7}},"31":{"start":{"line":94,"column":4},"end":{"line":98,"column":6}},"32":{"start":{"line":102,"column":4},"end":{"line":102,"column":85}},"33":{"start":{"line":107,"column":18},"end":{"line":107,"column":89}},"34":{"start":{"line":108,"column":4},"end":{"line":108,"column":88}},"35":{"start":{"line":108,"column":16},"end":{"line":108,"column":88}},"36":{"start":{"line":112,"column":4},"end":{"line":114,"column":30}},"37":{"start":{"line":118,"column":18},"end":{"line":118,"column":89}},"38":{"start":{"line":119,"column":4},"end":{"line":119,"column":88}},"39":{"start":{"line":119,"column":16},"end":{"line":119,"column":88}},"40":{"start":{"line":121,"column":4},"end":{"line":125,"column":7}},"41":{"start":{"line":134,"column":22},"end":{"line":134,"column":63}},"42":{"start":{"line":137,"column":30},"end":{"line":137,"column":77}},"43":{"start":{"line":140,"column":21},"end":{"line":143,"column":7}},"44":{"start":{"line":140,"column":41},"end":{"line":143,"column":6}},"45":{"start":{"line":145,"column":4},"end":{"line":169,"column":5}},"46":{"start":{"line":146,"column":6},"end":{"line":168,"column":7}},"47":{"start":{"line":147,"column":25},"end":{"line":158,"column":null}},"48":{"start":{"line":161,"column":8},"end":{"line":165,"column":9}},"49":{"start":{"line":162,"column":23},"end":{"line":162,"column":44}},"50":{"start":{"line":163,"column":23},"end":{"line":163,"column":71}},"51":{"start":{"line":164,"column":10},"end":{"line":164,"column":39}},"52":{"start":{"line":164,"column":20},"end":{"line":164,"column":39}},"53":{"start":{"line":167,"column":8},"end":{"line":167,"column":94}},"54":{"start":{"line":172,"column":4},"end":{"line":172,"column":54}},"55":{"start":{"line":176,"column":51},"end":{"line":180,"column":6}},"56":{"start":{"line":182,"column":20},"end":{"line":182,"column":66}},"57":{"start":{"line":182,"column":50},"end":{"line":182,"column":62}},"58":{"start":{"line":184,"column":4},"end":{"line":193,"column":174}},"59":{"start":{"line":197,"column":18},"end":{"line":197,"column":39}},"60":{"start":{"line":199,"column":37},"end":{"line":203,"column":6}},"61":{"start":{"line":205,"column":20},"end":{"line":205,"column":97}},"62":{"start":{"line":205,"column":43},"end":{"line":205,"column":62}},"63":{"start":{"line":205,"column":81},"end":{"line":205,"column":93}},"64":{"start":{"line":206,"column":20},"end":{"line":206,"column":151}},"65":{"start":{"line":206,"column":43},"end":{"line":206,"column":143}},"66":{"start":{"line":208,"column":4},"end":{"line":210,"column":5}},"67":{"start":{"line":209,"column":6},"end":{"line":209,"column":282}},"68":{"start":{"line":212,"column":4},"end":{"line":214,"column":5}},"69":{"start":{"line":213,"column":6},"end":{"line":213,"column":247}},"70":{"start":{"line":216,"column":4},"end":{"line":218,"column":5}},"71":{"start":{"line":217,"column":6},"end":{"line":217,"column":189}},"72":{"start":{"line":220,"column":4},"end":{"line":220,"column":290}},"73":{"start":{"line":225,"column":4},"end":{"line":233,"column":7}},"74":{"start":{"line":237,"column":4},"end":{"line":240,"column":7}},"75":{"start":{"line":244,"column":19},"end":{"line":244,"column":90}},"76":{"start":{"line":245,"column":4},"end":{"line":245,"column":71}},"77":{"start":{"line":245,"column":17},"end":{"line":245,"column":71}},"78":{"start":{"line":246,"column":4},"end":{"line":246,"column":18}},"79":{"start":{"line":250,"column":4},"end":{"line":250,"column":43}},"80":{"start":{"line":252,"column":4},"end":{"line":260,"column":7}},"81":{"start":{"line":264,"column":4},"end":{"line":264,"column":43}},"82":{"start":{"line":265,"column":4},"end":{"line":265,"column":64}},"83":{"start":{"line":270,"column":47},"end":{"line":275,"column":6}},"84":{"start":{"line":277,"column":23},"end":{"line":277,"column":35}},"85":{"start":{"line":278,"column":25},"end":{"line":278,"column":76}},"86":{"start":{"line":278,"column":45},"end":{"line":278,"column":68}},"87":{"start":{"line":279,"column":27},"end":{"line":279,"column":106}},"88":{"start":{"line":281,"column":24},"end":{"line":281,"column":101}},"89":{"start":{"line":281,"column":47},"end":{"line":281,"column":66}},"90":{"start":{"line":281,"column":85},"end":{"line":281,"column":97}},"91":{"start":{"line":282,"column":23},"end":{"line":282,"column":117}},"92":{"start":{"line":282,"column":46},"end":{"line":282,"column":82}},"93":{"start":{"line":282,"column":101},"end":{"line":282,"column":113}},"94":{"start":{"line":283,"column":25},"end":{"line":287,"column":13}},"95":{"start":{"line":284,"column":6},"end":{"line":286,"column":8}},"96":{"start":{"line":290,"column":32},"end":{"line":290,"column":34}},"97":{"start":{"line":293,"column":4},"end":{"line":301,"column":5}},"98":{"start":{"line":294,"column":21},"end":{"line":294,"column":66}},"99":{"start":{"line":295,"column":6},"end":{"line":300,"column":9}},"100":{"start":{"line":304,"column":4},"end":{"line":311,"column":7}},"101":{"start":{"line":314,"column":4},"end":{"line":328,"column":5}},"102":{"start":{"line":315,"column":6},"end":{"line":320,"column":9}},"103":{"start":{"line":322,"column":6},"end":{"line":327,"column":9}},"104":{"start":{"line":330,"column":20},"end":{"line":332,"column":127}},"105":{"start":{"line":334,"column":4},"end":{"line":338,"column":6}},"106":{"start":{"line":343,"column":21},"end":{"line":343,"column":54}},"107":{"start":{"line":344,"column":19},"end":{"line":344,"column":49}},"108":{"start":{"line":346,"column":4},"end":{"line":352,"column":5}},"109":{"start":{"line":347,"column":6},"end":{"line":351,"column":7}},"110":{"start":{"line":348,"column":8},"end":{"line":348,"column":34}},"111":{"start":{"line":354,"column":4},"end":{"line":358,"column":6}},"112":{"start":{"line":362,"column":21},"end":{"line":362,"column":54}},"113":{"start":{"line":364,"column":20},"end":{"line":368,"column":6}},"114":{"start":{"line":370,"column":4},"end":{"line":370,"column":60}},"115":{"start":{"line":371,"column":4},"end":{"line":371,"column":19}},"116":{"start":{"line":26,"column":13},"end":{"line":26,"column":22}},"117":{"start":{"line":26,"column":13},"end":{"line":373,"column":null}}},"fnMap":{"0":{"name":"(anonymous_4)","decl":{"start":{"line":27,"column":2},"end":{"line":27,"column":null}},"loc":{"start":{"line":34,"column":40},"end":{"line":35,"column":6}}},"1":{"name":"(anonymous_5)","decl":{"start":{"line":38,"column":2},"end":{"line":38,"column":7}},"loc":{"start":{"line":42,"column":27},"end":{"line":99,"column":3}}},"2":{"name":"(anonymous_6)","decl":{"start":{"line":101,"column":2},"end":{"line":101,"column":7}},"loc":{"start":{"line":101,"column":57},"end":{"line":103,"column":3}}},"3":{"name":"(anonymous_7)","decl":{"start":{"line":105,"column":2},"end":{"line":105,"column":7}},"loc":{"start":{"line":105,"column":60},"end":{"line":115,"column":3}}},"4":{"name":"(anonymous_8)","decl":{"start":{"line":117,"column":2},"end":{"line":117,"column":7}},"loc":{"start":{"line":117,"column":67},"end":{"line":126,"column":3}}},"5":{"name":"(anonymous_9)","decl":{"start":{"line":129,"column":10},"end":{"line":129,"column":15}},"loc":{"start":{"line":132,"column":24},"end":{"line":173,"column":3}}},"6":{"name":"(anonymous_10)","decl":{"start":{"line":140,"column":33},"end":{"line":140,"column":34}},"loc":{"start":{"line":140,"column":41},"end":{"line":143,"column":6}}},"7":{"name":"(anonymous_11)","decl":{"start":{"line":175,"column":10},"end":{"line":175,"column":15}},"loc":{"start":{"line":175,"column":59},"end":{"line":194,"column":3}}},"8":{"name":"(anonymous_12)","decl":{"start":{"line":182,"column":40},"end":{"line":182,"column":41}},"loc":{"start":{"line":182,"column":50},"end":{"line":182,"column":62}}},"9":{"name":"(anonymous_13)","decl":{"start":{"line":196,"column":10},"end":{"line":196,"column":15}},"loc":{"start":{"line":196,"column":65},"end":{"line":221,"column":3}}},"10":{"name":"(anonymous_14)","decl":{"start":{"line":205,"column":36},"end":{"line":205,"column":37}},"loc":{"start":{"line":205,"column":43},"end":{"line":205,"column":62}}},"11":{"name":"(anonymous_15)","decl":{"start":{"line":205,"column":71},"end":{"line":205,"column":72}},"loc":{"start":{"line":205,"column":81},"end":{"line":205,"column":93}}},"12":{"name":"(anonymous_16)","decl":{"start":{"line":206,"column":36},"end":{"line":206,"column":37}},"loc":{"start":{"line":206,"column":43},"end":{"line":206,"column":143}}},"13":{"name":"(anonymous_17)","decl":{"start":{"line":224,"column":2},"end":{"line":224,"column":7}},"loc":{"start":{"line":224,"column":59},"end":{"line":234,"column":3}}},"14":{"name":"(anonymous_18)","decl":{"start":{"line":236,"column":2},"end":{"line":236,"column":7}},"loc":{"start":{"line":236,"column":39},"end":{"line":241,"column":3}}},"15":{"name":"(anonymous_19)","decl":{"start":{"line":243,"column":2},"end":{"line":243,"column":7}},"loc":{"start":{"line":243,"column":50},"end":{"line":247,"column":3}}},"16":{"name":"(anonymous_20)","decl":{"start":{"line":249,"column":2},"end":{"line":249,"column":7}},"loc":{"start":{"line":249,"column":71},"end":{"line":261,"column":3}}},"17":{"name":"(anonymous_21)","decl":{"start":{"line":263,"column":2},"end":{"line":263,"column":7}},"loc":{"start":{"line":263,"column":49},"end":{"line":266,"column":3}}},"18":{"name":"(anonymous_22)","decl":{"start":{"line":269,"column":2},"end":{"line":269,"column":7}},"loc":{"start":{"line":269,"column":36},"end":{"line":339,"column":3}}},"19":{"name":"(anonymous_23)","decl":{"start":{"line":278,"column":38},"end":{"line":278,"column":39}},"loc":{"start":{"line":278,"column":45},"end":{"line":278,"column":68}}},"20":{"name":"(anonymous_24)","decl":{"start":{"line":281,"column":40},"end":{"line":281,"column":41}},"loc":{"start":{"line":281,"column":47},"end":{"line":281,"column":66}}},"21":{"name":"(anonymous_25)","decl":{"start":{"line":281,"column":75},"end":{"line":281,"column":76}},"loc":{"start":{"line":281,"column":85},"end":{"line":281,"column":97}}},"22":{"name":"(anonymous_26)","decl":{"start":{"line":282,"column":39},"end":{"line":282,"column":40}},"loc":{"start":{"line":282,"column":46},"end":{"line":282,"column":82}}},"23":{"name":"(anonymous_27)","decl":{"start":{"line":282,"column":91},"end":{"line":282,"column":92}},"loc":{"start":{"line":282,"column":101},"end":{"line":282,"column":113}}},"24":{"name":"(anonymous_28)","decl":{"start":{"line":283,"column":41},"end":{"line":283,"column":42}},"loc":{"start":{"line":283,"column":47},"end":{"line":287,"column":5}}},"25":{"name":"(anonymous_29)","decl":{"start":{"line":342,"column":2},"end":{"line":342,"column":7}},"loc":{"start":{"line":342,"column":39},"end":{"line":359,"column":3}}},"26":{"name":"(anonymous_30)","decl":{"start":{"line":361,"column":2},"end":{"line":361,"column":7}},"loc":{"start":{"line":361,"column":55},"end":{"line":372,"column":3}}}},"branchMap":{"0":{"loc":{"start":{"line":46,"column":4},"end":{"line":59,"column":5}},"type":"if","locations":[{"start":{"line":46,"column":4},"end":{"line":59,"column":5}},{"start":{"line":50,"column":11},"end":{"line":59,"column":5}}]},"1":{"loc":{"start":{"line":49,"column":6},"end":{"line":49,"column":90}},"type":"if","locations":[{"start":{"line":49,"column":6},"end":{"line":49,"column":90}}]},"2":{"loc":{"start":{"line":53,"column":20},"end":{"line":53,"column":74}},"type":"cond-expr","locations":[{"start":{"line":53,"column":39},"end":{"line":53,"column":52}},{"start":{"line":53,"column":55},"end":{"line":53,"column":74}}]},"3":{"loc":{"start":{"line":61,"column":4},"end":{"line":63,"column":5}},"type":"if","locations":[{"start":{"line":61,"column":4},"end":{"line":63,"column":5}}]},"4":{"loc":{"start":{"line":108,"column":4},"end":{"line":108,"column":88}},"type":"if","locations":[{"start":{"line":108,"column":4},"end":{"line":108,"column":88}}]},"5":{"loc":{"start":{"line":119,"column":4},"end":{"line":119,"column":88}},"type":"if","locations":[{"start":{"line":119,"column":4},"end":{"line":119,"column":88}}]},"6":{"loc":{"start":{"line":141,"column":12},"end":{"line":141,"column":53}},"type":"cond-expr","locations":[{"start":{"line":141,"column":37},"end":{"line":141,"column":44}},{"start":{"line":141,"column":47},"end":{"line":141,"column":53}}]},"7":{"loc":{"start":{"line":145,"column":4},"end":{"line":169,"column":5}},"type":"if","locations":[{"start":{"line":145,"column":4},"end":{"line":169,"column":5}}]},"8":{"loc":{"start":{"line":161,"column":8},"end":{"line":165,"column":9}},"type":"if","locations":[{"start":{"line":161,"column":8},"end":{"line":165,"column":9}}]},"9":{"loc":{"start":{"line":164,"column":10},"end":{"line":164,"column":39}},"type":"if","locations":[{"start":{"line":164,"column":10},"end":{"line":164,"column":39}}]},"10":{"loc":{"start":{"line":206,"column":43},"end":{"line":206,"column":143}},"type":"binary-expr","locations":[{"start":{"line":206,"column":43},"end":{"line":206,"column":65}},{"start":{"line":206,"column":70},"end":{"line":206,"column":106}},{"start":{"line":206,"column":110},"end":{"line":206,"column":142}}]},"11":{"loc":{"start":{"line":208,"column":4},"end":{"line":210,"column":5}},"type":"if","locations":[{"start":{"line":208,"column":4},"end":{"line":210,"column":5}}]},"12":{"loc":{"start":{"line":208,"column":8},"end":{"line":208,"column":60}},"type":"binary-expr","locations":[{"start":{"line":208,"column":8},"end":{"line":208,"column":30}},{"start":{"line":208,"column":34},"end":{"line":208,"column":60}}]},"13":{"loc":{"start":{"line":212,"column":4},"end":{"line":214,"column":5}},"type":"if","locations":[{"start":{"line":212,"column":4},"end":{"line":214,"column":5}}]},"14":{"loc":{"start":{"line":212,"column":8},"end":{"line":212,"column":116}},"type":"binary-expr","locations":[{"start":{"line":212,"column":8},"end":{"line":212,"column":33}},{"start":{"line":212,"column":37},"end":{"line":212,"column":60}},{"start":{"line":212,"column":64},"end":{"line":212,"column":89}},{"start":{"line":212,"column":93},"end":{"line":212,"column":116}}]},"15":{"loc":{"start":{"line":216,"column":4},"end":{"line":218,"column":5}},"type":"if","locations":[{"start":{"line":216,"column":4},"end":{"line":218,"column":5}}]},"16":{"loc":{"start":{"line":216,"column":8},"end":{"line":216,"column":60}},"type":"binary-expr","locations":[{"start":{"line":216,"column":8},"end":{"line":216,"column":30}},{"start":{"line":216,"column":34},"end":{"line":216,"column":60}}]},"17":{"loc":{"start":{"line":230,"column":20},"end":{"line":230,"column":42}},"type":"binary-expr","locations":[{"start":{"line":230,"column":20},"end":{"line":230,"column":34}},{"start":{"line":230,"column":38},"end":{"line":230,"column":42}}]},"18":{"loc":{"start":{"line":245,"column":4},"end":{"line":245,"column":71}},"type":"if","locations":[{"start":{"line":245,"column":4},"end":{"line":245,"column":71}}]},"19":{"loc":{"start":{"line":279,"column":27},"end":{"line":279,"column":106}},"type":"cond-expr","locations":[{"start":{"line":279,"column":44},"end":{"line":279,"column":102}},{"start":{"line":279,"column":105},"end":{"line":279,"column":106}}]},"20":{"loc":{"start":{"line":285,"column":8},"end":{"line":285,"column":80}},"type":"binary-expr","locations":[{"start":{"line":285,"column":8},"end":{"line":285,"column":44}},{"start":{"line":285,"column":48},"end":{"line":285,"column":80}}]},"21":{"loc":{"start":{"line":293,"column":4},"end":{"line":301,"column":5}},"type":"if","locations":[{"start":{"line":293,"column":4},"end":{"line":301,"column":5}}]},"22":{"loc":{"start":{"line":293,"column":8},"end":{"line":293,"column":42}},"type":"binary-expr","locations":[{"start":{"line":293,"column":8},"end":{"line":293,"column":24}},{"start":{"line":293,"column":28},"end":{"line":293,"column":42}}]},"23":{"loc":{"start":{"line":298,"column":16},"end":{"line":298,"column":52}},"type":"cond-expr","locations":[{"start":{"line":298,"column":30},"end":{"line":298,"column":40}},{"start":{"line":298,"column":43},"end":{"line":298,"column":52}}]},"24":{"loc":{"start":{"line":307,"column":14},"end":{"line":307,"column":59}},"type":"cond-expr","locations":[{"start":{"line":307,"column":37},"end":{"line":307,"column":47}},{"start":{"line":307,"column":50},"end":{"line":307,"column":59}}]},"25":{"loc":{"start":{"line":308,"column":22},"end":{"line":310,"column":138}},"type":"cond-expr","locations":[{"start":{"line":309,"column":10},"end":{"line":309,"column":96}},{"start":{"line":310,"column":10},"end":{"line":310,"column":138}}]},"26":{"loc":{"start":{"line":314,"column":4},"end":{"line":328,"column":5}},"type":"if","locations":[{"start":{"line":314,"column":4},"end":{"line":328,"column":5}},{"start":{"line":321,"column":11},"end":{"line":328,"column":5}}]},"27":{"loc":{"start":{"line":330,"column":20},"end":{"line":332,"column":127}},"type":"cond-expr","locations":[{"start":{"line":331,"column":8},"end":{"line":331,"column":269}},{"start":{"line":332,"column":8},"end":{"line":332,"column":127}}]},"28":{"loc":{"start":{"line":346,"column":4},"end":{"line":352,"column":5}},"type":"if","locations":[{"start":{"line":346,"column":4},"end":{"line":352,"column":5}}]},"29":{"loc":{"start":{"line":365,"column":20},"end":{"line":365,"column":131}},"type":"binary-expr","locations":[{"start":{"line":365,"column":20},"end":{"line":365,"column":39}},{"start":{"line":365,"column":43},"end":{"line":365,"column":131}}]},"30":{"loc":{"start":{"line":366,"column":19},"end":{"line":366,"column":84}},"type":"cond-expr","locations":[{"start":{"line":366,"column":60},"end":{"line":366,"column":78}},{"start":{"line":366,"column":81},"end":{"line":366,"column":84}}]},"31":{"loc":{"start":{"line":367,"column":16},"end":{"line":367,"column":77}},"type":"cond-expr","locations":[{"start":{"line":367,"column":55},"end":{"line":367,"column":70}},{"start":{"line":367,"column":73},"end":{"line":367,"column":77}}]}},"s":{"0":0,"1":0,"2":0,"3":0,"4":0,"5":0,"6":0,"7":0,"8":0,"9":0,"10":0,"11":0,"12":0,"13":0,"14":0,"15":0,"16":0,"17":0,"18":0,"19":0,"20":0,"21":0,"22":0,"23":0,"24":0,"25":0,"26":0,"27":0,"28":0,"29":0,"30":0,"31":0,"32":0,"33":0,"34":0,"35":0,"36":0,"37":0,"38":0,"39":0,"40":0,"41":0,"42":0,"43":0,"44":0,"45":0,"46":0,"47":0,"48":0,"49":0,"50":0,"51":0,"52":0,"53":0,"54":0,"55":0,"56":0,"57":0,"58":0,"59":0,"60":0,"61":0,"62":0,"63":0,"64":0,"65":0,"66":0,"67":0,"68":0,"69":0,"70":0,"71":0,"72":0,"73":0,"74":0,"75":0,"76":0,"77":0,"78":0,"79":0,"80":0,"81":0,"82":0,"83":0,"84":0,"85":0,"86":0,"87":0,"88":0,"89":0,"90":0,"91":0,"92":0,"93":0,"94":0,"95":0,"96":0,"97":0,"98":0,"99":0,"100":0,"101":0,"102":0,"103":0,"104":0,"105":0,"106":0,"107":0,"108":0,"109":0,"110":0,"111":0,"112":0,"113":0,"114":0,"115":0,"116":0,"117":0},"f":{"0":0,"1":0,"2":0,"3":0,"4":0,"5":0,"6":0,"7":0,"8":0,"9":0,"10":0,"11":0,"12":0,"13":0,"14":0,"15":0,"16":0,"17":0,"18":0,"19":0,"20":0,"21":0,"22":0,"23":0,"24":0,"25":0,"26":0},"b":{"0":[0,0],"1":[0],"2":[0,0],"3":[0],"4":[0],"5":[0],"6":[0,0],"7":[0],"8":[0],"9":[0],"10":[0,0,0],"11":[0],"12":[0,0],"13":[0],"14":[0,0,0,0],"15":[0],"16":[0,0],"17":[0,0],"18":[0],"19":[0,0],"20":[0,0],"21":[0],"22":[0,0],"23":[0,0],"24":[0,0],"25":[0,0],"26":[0,0],"27":[0,0],"28":[0],"29":[0,0],"30":[0,0],"31":[0,0]}}
,"C:\\Users\\FTT\\Documents\\GitHub\\Billing Software\\apps\\api\\src\\ai\\schemas\\ai-chat.schema.ts": {"path":"C:\\Users\\FTT\\Documents\\GitHub\\Billing Software\\apps\\api\\src\\ai\\schemas\\ai-chat.schema.ts","statementMap":{"0":{"start":{"line":1,"column":0},"end":{"line":1,"column":63}},"1":{"start":{"line":2,"column":0},"end":{"line":2,"column":43}},"2":{"start":{"line":7,"column":7},"end":{"line":16,"column":null}},"3":{"start":{"line":7,"column":13},"end":{"line":7,"column":27}},"4":{"start":{"line":9,"column":2},"end":{"line":9,"column":null}},"5":{"start":{"line":12,"column":2},"end":{"line":12,"column":null}},"6":{"start":{"line":15,"column":2},"end":{"line":15,"column":null}},"7":{"start":{"line":7,"column":13},"end":{"line":16,"column":null}},"8":{"start":{"line":18,"column":13},"end":{"line":18,"column":81}},"9":{"start":{"line":35,"column":7},"end":{"line":56,"column":null}},"10":{"start":{"line":35,"column":13},"end":{"line":35,"column":22}},"11":{"start":{"line":37,"column":2},"end":{"line":37,"column":null}},"12":{"start":{"line":41,"column":2},"end":{"line":41,"column":null}},"13":{"start":{"line":44,"column":2},"end":{"line":44,"column":null}},"14":{"start":{"line":47,"column":2},"end":{"line":47,"column":null}},"15":{"start":{"line":50,"column":2},"end":{"line":50,"column":null}},"16":{"start":{"line":55,"column":2},"end":{"line":55,"column":null}},"17":{"start":{"line":35,"column":13},"end":{"line":56,"column":null}},"18":{"start":{"line":58,"column":13},"end":{"line":58,"column":71}},"19":{"start":{"line":63,"column":0},"end":{"line":63,"column":58}},"20":{"start":{"line":66,"column":0},"end":{"line":66,"column":50}},"21":{"start":{"line":72,"column":0},"end":{"line":72,"column":81}}},"fnMap":{},"branchMap":{},"s":{"0":0,"1":0,"2":0,"3":0,"4":0,"5":0,"6":0,"7":0,"8":0,"9":0,"10":0,"11":0,"12":0,"13":0,"14":0,"15":0,"16":0,"17":0,"18":0,"19":0,"20":0,"21":0},"f":{},"b":{}}
,"C:\\Users\\FTT\\Documents\\GitHub\\Billing Software\\apps\\api\\src\\analytics\\analytics.controller.ts": {"path":"C:\\Users\\FTT\\Documents\\GitHub\\Billing Software\\apps\\api\\src\\analytics\\analytics.controller.ts","statementMap":{"0":{"start":{"line":1,"column":0},"end":{"line":1,"column":84}},"1":{"start":{"line":2,"column":0},"end":{"line":2,"column":81}},"2":{"start":{"line":3,"column":0},"end":{"line":3,"column":55}},"3":{"start":{"line":4,"column":0},"end":{"line":4,"column":61}},"4":{"start":{"line":5,"column":0},"end":{"line":5,"column":68}},"5":{"start":{"line":6,"column":0},"end":{"line":6,"column":74}},"6":{"start":{"line":7,"column":0},"end":{"line":7,"column":50}},"7":{"start":{"line":13,"column":7},"end":{"line":76,"column":null}},"8":{"start":{"line":14,"column":31},"end":{"line":14,"column":49}},"9":{"start":{"line":19,"column":4},"end":{"line":19,"column":54}},"10":{"start":{"line":25,"column":4},"end":{"line":25,"column":53}},"11":{"start":{"line":31,"column":4},"end":{"line":31,"column":59}},"12":{"start":{"line":37,"column":4},"end":{"line":37,"column":58}},"13":{"start":{"line":43,"column":4},"end":{"line":43,"column":68}},"14":{"start":{"line":53,"column":26},"end":{"line":53,"column":78}},"15":{"start":{"line":54,"column":4},"end":{"line":54,"column":71}},"16":{"start":{"line":64,"column":4},"end":{"line":73,"column":7}},"17":{"start":{"line":74,"column":4},"end":{"line":74,"column":29}},"18":{"start":{"line":13,"column":13},"end":{"line":13,"column":32}},"19":{"start":{"line":18,"column":2},"end":{"line":20,"column":null}},"20":{"start":{"line":24,"column":2},"end":{"line":26,"column":null}},"21":{"start":{"line":30,"column":2},"end":{"line":32,"column":null}},"22":{"start":{"line":36,"column":2},"end":{"line":38,"column":null}},"23":{"start":{"line":42,"column":2},"end":{"line":44,"column":null}},"24":{"start":{"line":49,"column":2},"end":{"line":55,"column":null}},"25":{"start":{"line":59,"column":8},"end":{"line":75,"column":null}},"26":{"start":{"line":13,"column":13},"end":{"line":76,"column":null}}},"fnMap":{"0":{"name":"(anonymous_4)","decl":{"start":{"line":14,"column":2},"end":{"line":14,"column":31}},"loc":{"start":{"line":14,"column":65},"end":{"line":14,"column":69}}},"1":{"name":"(anonymous_5)","decl":{"start":{"line":18,"column":2},"end":{"line":18,"column":12}},"loc":{"start":{"line":18,"column":41},"end":{"line":20,"column":3}}},"2":{"name":"(anonymous_6)","decl":{"start":{"line":24,"column":2},"end":{"line":24,"column":11}},"loc":{"start":{"line":24,"column":40},"end":{"line":26,"column":3}}},"3":{"name":"(anonymous_7)","decl":{"start":{"line":30,"column":2},"end":{"line":30,"column":17}},"loc":{"start":{"line":30,"column":46},"end":{"line":32,"column":3}}},"4":{"name":"(anonymous_8)","decl":{"start":{"line":36,"column":2},"end":{"line":36,"column":16}},"loc":{"start":{"line":36,"column":45},"end":{"line":38,"column":3}}},"5":{"name":"(anonymous_9)","decl":{"start":{"line":42,"column":2},"end":{"line":42,"column":15}},"loc":{"start":{"line":42,"column":44},"end":{"line":44,"column":3}}},"6":{"name":"(anonymous_10)","decl":{"start":{"line":49,"column":2},"end":{"line":49,"column":14}},"loc":{"start":{"line":51,"column":34},"end":{"line":55,"column":3}}},"7":{"name":"(anonymous_11)","decl":{"start":{"line":59,"column":2},"end":{"line":59,"column":7}},"loc":{"start":{"line":62,"column":28},"end":{"line":75,"column":3}}}},"branchMap":{"0":{"loc":{"start":{"line":53,"column":26},"end":{"line":53,"column":78}},"type":"cond-expr","locations":[{"start":{"line":53,"column":59},"end":{"line":53,"column":72}},{"start":{"line":53,"column":75},"end":{"line":53,"column":78}}]},"1":{"loc":{"start":{"line":53,"column":26},"end":{"line":53,"column":56}},"type":"binary-expr","locations":[{"start":{"line":53,"column":26},"end":{"line":53,"column":31}},{"start":{"line":53,"column":35},"end":{"line":53,"column":56}}]},"2":{"loc":{"start":{"line":66,"column":14},"end":{"line":66,"column":38}},"type":"binary-expr","locations":[{"start":{"line":66,"column":14},"end":{"line":66,"column":22}},{"start":{"line":66,"column":26},"end":{"line":66,"column":38}}]},"3":{"loc":{"start":{"line":72,"column":17},"end":{"line":72,"column":69}},"type":"cond-expr","locations":[{"start":{"line":72,"column":33},"end":{"line":72,"column":56}},{"start":{"line":72,"column":59},"end":{"line":72,"column":69}}]}},"s":{"0":0,"1":0,"2":0,"3":0,"4":0,"5":0,"6":0,"7":0,"8":0,"9":0,"10":0,"11":0,"12":0,"13":0,"14":0,"15":0,"16":0,"17":0,"18":0,"19":0,"20":0,"21":0,"22":0,"23":0,"24":0,"25":0,"26":0},"f":{"0":0,"1":0,"2":0,"3":0,"4":0,"5":0,"6":0,"7":0},"b":{"0":[0,0],"1":[0,0],"2":[0,0],"3":[0,0]}}
,"C:\\Users\\FTT\\Documents\\GitHub\\Billing Software\\apps\\api\\src\\analytics\\analytics.module.ts": {"path":"C:\\Users\\FTT\\Documents\\GitHub\\Billing Software\\apps\\api\\src\\analytics\\analytics.module.ts","statementMap":{"0":{"start":{"line":1,"column":0},"end":{"line":1,"column":40}},"1":{"start":{"line":2,"column":0},"end":{"line":2,"column":47}},"2":{"start":{"line":3,"column":0},"end":{"line":3,"column":50}},"3":{"start":{"line":4,"column":0},"end":{"line":4,"column":61}},"4":{"start":{"line":5,"column":0},"end":{"line":5,"column":55}},"5":{"start":{"line":6,"column":0},"end":{"line":6,"column":58}},"6":{"start":{"line":7,"column":0},"end":{"line":7,"column":75}},"7":{"start":{"line":8,"column":0},"end":{"line":8,"column":76}},"8":{"start":{"line":27,"column":7},"end":{"line":27,"column":null}},"9":{"start":{"line":27,"column":13},"end":{"line":27,"column":28}},"10":{"start":{"line":27,"column":13},"end":{"line":27,"column":null}}},"fnMap":{},"branchMap":{},"s":{"0":0,"1":0,"2":0,"3":0,"4":0,"5":0,"6":0,"7":0,"8":0,"9":0,"10":0},"f":{},"b":{}}
,"C:\\Users\\FTT\\Documents\\GitHub\\Billing Software\\apps\\api\\src\\analytics\\analytics.service.ts": {"path":"C:\\Users\\FTT\\Documents\\GitHub\\Billing Software\\apps\\api\\src\\analytics\\analytics.service.ts","statementMap":{"0":{"start":{"line":1,"column":0},"end":{"line":1,"column":44}},"1":{"start":{"line":2,"column":0},"end":{"line":2,"column":59}},"2":{"start":{"line":3,"column":0},"end":{"line":3,"column":58}},"3":{"start":{"line":7,"column":7},"end":{"line":153,"column":null}},"4":{"start":{"line":9,"column":21},"end":{"line":9,"column":29}},"5":{"start":{"line":10,"column":21},"end":{"line":10,"column":33}},"6":{"start":{"line":15,"column":16},"end":{"line":15,"column":26}},"7":{"start":{"line":16,"column":25},"end":{"line":16,"column":71}},"8":{"start":{"line":17,"column":29},"end":{"line":17,"column":79}},"9":{"start":{"line":18,"column":27},"end":{"line":18,"column":73}},"10":{"start":{"line":29,"column":8},"end":{"line":40,"column":6}},"11":{"start":{"line":42,"column":28},"end":{"line":44,"column":61}},"12":{"start":{"line":44,"column":19},"end":{"line":44,"column":60}},"13":{"start":{"line":44,"column":38},"end":{"line":44,"column":56}},"14":{"start":{"line":46,"column":26},"end":{"line":46,"column":74}},"15":{"start":{"line":46,"column":52},"end":{"line":46,"column":70}},"16":{"start":{"line":47,"column":25},"end":{"line":47,"column":71}},"17":{"start":{"line":47,"column":55},"end":{"line":47,"column":67}},"18":{"start":{"line":50,"column":6},"end":{"line":50,"column":85}},"19":{"start":{"line":53,"column":6},"end":{"line":55,"column":11}},"20":{"start":{"line":57,"column":4},"end":{"line":68,"column":6}},"21":{"start":{"line":73,"column":66},"end":{"line":79,"column":6}},"22":{"start":{"line":81,"column":23},"end":{"line":81,"column":78}},"23":{"start":{"line":83,"column":16},"end":{"line":84,"column":71}},"24":{"start":{"line":84,"column":6},"end":{"line":84,"column":71}},"25":{"start":{"line":86,"column":4},"end":{"line":94,"column":6}},"26":{"start":{"line":99,"column":16},"end":{"line":99,"column":26}},"27":{"start":{"line":100,"column":79},"end":{"line":100,"column":81}},"28":{"start":{"line":102,"column":4},"end":{"line":120,"column":5}},"29":{"start":{"line":102,"column":17},"end":{"line":102,"column":18}},"30":{"start":{"line":103,"column":20},"end":{"line":103,"column":70}},"31":{"start":{"line":104,"column":18},"end":{"line":104,"column":84}},"32":{"start":{"line":106,"column":23},"end":{"line":113,"column":8}},"33":{"start":{"line":115,"column":6},"end":{"line":119,"column":9}},"34":{"start":{"line":117,"column":43},"end":{"line":117,"column":55}},"35":{"start":{"line":122,"column":4},"end":{"line":122,"column":29}},"36":{"start":{"line":127,"column":18},"end":{"line":130,"column":6}},"37":{"start":{"line":132,"column":49},"end":{"line":132,"column":51}},"38":{"start":{"line":133,"column":4},"end":{"line":136,"column":5}},"39":{"start":{"line":134,"column":18},"end":{"line":134,"column":41}},"40":{"start":{"line":135,"column":6},"end":{"line":135,"column":55}},"41":{"start":{"line":138,"column":4},"end":{"line":138,"column":86}},"42":{"start":{"line":138,"column":66},"end":{"line":138,"column":83}},"43":{"start":{"line":143,"column":4},"end":{"line":143,"column":62}},"44":{"start":{"line":147,"column":4},"end":{"line":147,"column":57}},"45":{"start":{"line":151,"column":4},"end":{"line":151,"column":45}},"46":{"start":{"line":7,"column":13},"end":{"line":7,"column":29}},"47":{"start":{"line":7,"column":13},"end":{"line":153,"column":null}}},"fnMap":{"0":{"name":"(anonymous_2)","decl":{"start":{"line":8,"column":2},"end":{"line":8,"column":null}},"loc":{"start":{"line":10,"column":50},"end":{"line":11,"column":6}}},"1":{"name":"(anonymous_3)","decl":{"start":{"line":14,"column":2},"end":{"line":14,"column":7}},"loc":{"start":{"line":14,"column":35},"end":{"line":69,"column":3}}},"2":{"name":"(anonymous_4)","decl":{"start":{"line":44,"column":12},"end":{"line":44,"column":13}},"loc":{"start":{"line":44,"column":19},"end":{"line":44,"column":60}}},"3":{"name":"(anonymous_5)","decl":{"start":{"line":44,"column":28},"end":{"line":44,"column":29}},"loc":{"start":{"line":44,"column":38},"end":{"line":44,"column":56}}},"4":{"name":"(anonymous_6)","decl":{"start":{"line":46,"column":42},"end":{"line":46,"column":43}},"loc":{"start":{"line":46,"column":52},"end":{"line":46,"column":70}}},"5":{"name":"(anonymous_7)","decl":{"start":{"line":47,"column":45},"end":{"line":47,"column":46}},"loc":{"start":{"line":47,"column":55},"end":{"line":47,"column":67}}},"6":{"name":"(anonymous_8)","decl":{"start":{"line":72,"column":2},"end":{"line":72,"column":7}},"loc":{"start":{"line":72,"column":34},"end":{"line":95,"column":3}}},"7":{"name":"(anonymous_9)","decl":{"start":{"line":83,"column":16},"end":{"line":83,"column":17}},"loc":{"start":{"line":84,"column":6},"end":{"line":84,"column":71}}},"8":{"name":"(anonymous_10)","decl":{"start":{"line":98,"column":2},"end":{"line":98,"column":7}},"loc":{"start":{"line":98,"column":40},"end":{"line":123,"column":3}}},"9":{"name":"(anonymous_11)","decl":{"start":{"line":117,"column":33},"end":{"line":117,"column":34}},"loc":{"start":{"line":117,"column":43},"end":{"line":117,"column":55}}},"10":{"name":"(anonymous_12)","decl":{"start":{"line":126,"column":2},"end":{"line":126,"column":7}},"loc":{"start":{"line":126,"column":39},"end":{"line":139,"column":3}}},"11":{"name":"(anonymous_13)","decl":{"start":{"line":138,"column":44},"end":{"line":138,"column":45}},"loc":{"start":{"line":138,"column":66},"end":{"line":138,"column":83}}},"12":{"name":"(anonymous_14)","decl":{"start":{"line":142,"column":2},"end":{"line":142,"column":7}},"loc":{"start":{"line":142,"column":49},"end":{"line":144,"column":3}}},"13":{"name":"(anonymous_15)","decl":{"start":{"line":146,"column":2},"end":{"line":146,"column":7}},"loc":{"start":{"line":146,"column":50},"end":{"line":148,"column":3}}},"14":{"name":"(anonymous_16)","decl":{"start":{"line":150,"column":2},"end":{"line":150,"column":7}},"loc":{"start":{"line":150,"column":49},"end":{"line":152,"column":3}}}},"branchMap":{"0":{"loc":{"start":{"line":44,"column":43},"end":{"line":44,"column":55}},"type":"binary-expr","locations":[{"start":{"line":44,"column":43},"end":{"line":44,"column":50}},{"start":{"line":44,"column":54},"end":{"line":44,"column":55}}]},"1":{"loc":{"start":{"line":46,"column":57},"end":{"line":46,"column":69}},"type":"binary-expr","locations":[{"start":{"line":46,"column":57},"end":{"line":46,"column":64}},{"start":{"line":46,"column":68},"end":{"line":46,"column":69}}]},"2":{"loc":{"start":{"line":50,"column":6},"end":{"line":50,"column":85}},"type":"cond-expr","locations":[{"start":{"line":50,"column":23},"end":{"line":50,"column":81}},{"start":{"line":50,"column":84},"end":{"line":50,"column":85}}]},"3":{"loc":{"start":{"line":53,"column":6},"end":{"line":55,"column":11}},"type":"cond-expr","locations":[{"start":{"line":54,"column":10},"end":{"line":54,"column":90}},{"start":{"line":55,"column":10},"end":{"line":55,"column":11}}]},"4":{"loc":{"start":{"line":84,"column":6},"end":{"line":84,"column":71}},"type":"cond-expr","locations":[{"start":{"line":84,"column":23},"end":{"line":84,"column":67}},{"start":{"line":84,"column":70},"end":{"line":84,"column":71}}]},"5":{"loc":{"start":{"line":134,"column":18},"end":{"line":134,"column":41}},"type":"binary-expr","locations":[{"start":{"line":134,"column":18},"end":{"line":134,"column":29}},{"start":{"line":134,"column":33},"end":{"line":134,"column":41}}]},"6":{"loc":{"start":{"line":135,"column":27},"end":{"line":135,"column":49}},"type":"binary-expr","locations":[{"start":{"line":135,"column":27},"end":{"line":135,"column":44}},{"start":{"line":135,"column":48},"end":{"line":135,"column":49}}]},"7":{"loc":{"start":{"line":146,"column":39},"end":{"line":146,"column":50}},"type":"default-arg","locations":[{"start":{"line":146,"column":47},"end":{"line":146,"column":50}}]}},"s":{"0":0,"1":0,"2":0,"3":0,"4":0,"5":0,"6":0,"7":0,"8":0,"9":0,"10":0,"11":0,"12":0,"13":0,"14":0,"15":0,"16":0,"17":0,"18":0,"19":0,"20":0,"21":0,"22":0,"23":0,"24":0,"25":0,"26":0,"27":0,"28":0,"29":0,"30":0,"31":0,"32":0,"33":0,"34":0,"35":0,"36":0,"37":0,"38":0,"39":0,"40":0,"41":0,"42":0,"43":0,"44":0,"45":0,"46":0,"47":0},"f":{"0":0,"1":0,"2":0,"3":0,"4":0,"5":0,"6":0,"7":0,"8":0,"9":0,"10":0,"11":0,"12":0,"13":0,"14":0},"b":{"0":[0,0],"1":[0,0],"2":[0,0],"3":[0,0],"4":[0,0],"5":[0,0],"6":[0,0],"7":[0]}}
,"C:\\Users\\FTT\\Documents\\GitHub\\Billing Software\\apps\\api\\src\\analytics\\event-store.service.ts": {"path":"C:\\Users\\FTT\\Documents\\GitHub\\Billing Software\\apps\\api\\src\\analytics\\event-store.service.ts","statementMap":{"0":{"start":{"line":1,"column":0},"end":{"line":1,"column":66}},"1":{"start":{"line":2,"column":0},"end":{"line":2,"column":47}},"2":{"start":{"line":3,"column":0},"end":{"line":3,"column":47}},"3":{"start":{"line":4,"column":0},"end":{"line":4,"column":33}},"4":{"start":{"line":5,"column":0},"end":{"line":5,"column":68}},"5":{"start":{"line":6,"column":0},"end":{"line":6,"column":58}},"6":{"start":{"line":10,"column":30},"end":{"line":294,"column":null}},"7":{"start":{"line":11,"column":28},"end":{"line":11,"column":62}},"8":{"start":{"line":12,"column":54},"end":{"line":12,"column":58}},"9":{"start":{"line":13,"column":32},"end":{"line":13,"column":37}},"10":{"start":{"line":17,"column":21},"end":{"line":17,"column":38}},"11":{"start":{"line":18,"column":21},"end":{"line":18,"column":36}},"12":{"start":{"line":22,"column":19},"end":{"line":22,"column":68}},"13":{"start":{"line":23,"column":19},"end":{"line":23,"column":78}},"14":{"start":{"line":24,"column":19},"end":{"line":24,"column":81}},"15":{"start":{"line":25,"column":19},"end":{"line":25,"column":78}},"16":{"start":{"line":26,"column":17},"end":{"line":26,"column":83}},"17":{"start":{"line":28,"column":4},"end":{"line":31,"column":5}},"18":{"start":{"line":29,"column":6},"end":{"line":29,"column":108}},"19":{"start":{"line":30,"column":6},"end":{"line":30,"column":13}},"20":{"start":{"line":33,"column":4},"end":{"line":52,"column":5}},"21":{"start":{"line":34,"column":6},"end":{"line":39,"column":9}},"22":{"start":{"line":41,"column":22},"end":{"line":41,"column":56}},"23":{"start":{"line":42,"column":6},"end":{"line":48,"column":7}},"24":{"start":{"line":43,"column":8},"end":{"line":43,"column":40}},"25":{"start":{"line":44,"column":8},"end":{"line":44,"column":84}},"26":{"start":{"line":45,"column":8},"end":{"line":45,"column":48}},"27":{"start":{"line":47,"column":8},"end":{"line":47,"column":89}},"28":{"start":{"line":50,"column":6},"end":{"line":50,"column":114}},"29":{"start":{"line":51,"column":6},"end":{"line":51,"column":39}},"30":{"start":{"line":56,"column":4},"end":{"line":56,"column":39}},"31":{"start":{"line":56,"column":32},"end":{"line":56,"column":39}},"32":{"start":{"line":58,"column":4},"end":{"line":78,"column":5}},"33":{"start":{"line":59,"column":6},"end":{"line":74,"column":9}},"34":{"start":{"line":75,"column":6},"end":{"line":75,"column":79}},"35":{"start":{"line":77,"column":6},"end":{"line":77,"column":78}},"36":{"start":{"line":83,"column":20},"end":{"line":83,"column":96}},"37":{"start":{"line":84,"column":22},"end":{"line":84,"column":53}},"38":{"start":{"line":86,"column":4},"end":{"line":109,"column":5}},"39":{"start":{"line":87,"column":6},"end":{"line":108,"column":7}},"40":{"start":{"line":88,"column":8},"end":{"line":104,"column":11}},"41":{"start":{"line":105,"column":8},"end":{"line":105,"column":15}},"42":{"start":{"line":107,"column":8},"end":{"line":107,"column":113}},"43":{"start":{"line":112,"column":4},"end":{"line":125,"column":5}},"44":{"start":{"line":113,"column":6},"end":{"line":122,"column":9}},"45":{"start":{"line":124,"column":6},"end":{"line":124,"column":94}},"46":{"start":{"line":130,"column":4},"end":{"line":158,"column":5}},"47":{"start":{"line":131,"column":6},"end":{"line":157,"column":7}},"48":{"start":{"line":132,"column":26},"end":{"line":142,"column":10}},"49":{"start":{"line":143,"column":21},"end":{"line":143,"column":48}},"50":{"start":{"line":144,"column":8},"end":{"line":154,"column":12}},"51":{"start":{"line":144,"column":37},"end":{"line":154,"column":10}},"52":{"start":{"line":156,"column":8},"end":{"line":156,"column":116}},"53":{"start":{"line":161,"column":17},"end":{"line":165,"column":13}},"54":{"start":{"line":167,"column":4},"end":{"line":177,"column":8}},"55":{"start":{"line":167,"column":30},"end":{"line":177,"column":6}},"56":{"start":{"line":182,"column":4},"end":{"line":246,"column":5}},"57":{"start":{"line":183,"column":6},"end":{"line":245,"column":7}},"58":{"start":{"line":184,"column":27},"end":{"line":194,"column":10}},"59":{"start":{"line":195,"column":22},"end":{"line":195,"column":50}},"60":{"start":{"line":197,"column":27},"end":{"line":208,"column":10}},"61":{"start":{"line":209,"column":22},"end":{"line":209,"column":50}},"62":{"start":{"line":211,"column":27},"end":{"line":225,"column":10}},"63":{"start":{"line":226,"column":22},"end":{"line":226,"column":50}},"64":{"start":{"line":228,"column":59},"end":{"line":228,"column":61}},"65":{"start":{"line":229,"column":8},"end":{"line":231,"column":11}},"66":{"start":{"line":230,"column":10},"end":{"line":230,"column":57}},"67":{"start":{"line":233,"column":8},"end":{"line":242,"column":10}},"68":{"start":{"line":237,"column":40},"end":{"line":241,"column":12}},"69":{"start":{"line":244,"column":8},"end":{"line":244,"column":115}},"70":{"start":{"line":249,"column":26},"end":{"line":249,"column":103}},"71":{"start":{"line":250,"column":16},"end":{"line":253,"column":13}},"72":{"start":{"line":255,"column":27},"end":{"line":255,"column":87}},"73":{"start":{"line":257,"column":18},"end":{"line":260,"column":13}},"74":{"start":{"line":262,"column":55},"end":{"line":262,"column":57}},"75":{"start":{"line":263,"column":4},"end":{"line":265,"column":7}},"76":{"start":{"line":264,"column":6},"end":{"line":264,"column":42}},"77":{"start":{"line":268,"column":22},"end":{"line":281,"column":13}},"78":{"start":{"line":283,"column":4},"end":{"line":292,"column":6}},"79":{"start":{"line":287,"column":35},"end":{"line":291,"column":8}},"80":{"start
[...]
t":{"line":459,"column":10},"end":{"line":459,"column":15}},"loc":{"start":{"line":459,"column":32},"end":{"line":480,"column":3}}},"15":{"name":"(anonymous_17)","decl":{"start":{"line":470,"column":30},"end":{"line":470,"column":31}},"loc":{"start":{"line":470,"column":43},"end":{"line":470,"column":68}}},"16":{"name":"(anonymous_18)","decl":{"start":{"line":473,"column":28},"end":{"line":473,"column":29}},"loc":{"start":{"line":473,"column":41},"end":{"line":473,"column":66}}},"17":{"name":"(anonymous_19)","decl":{"start":{"line":477,"column":26},"end":{"line":477,"column":27}},"loc":{"start":{"line":477,"column":39},"end":{"line":477,"column":64}}},"18":{"name":"(anonymous_20)","decl":{"start":{"line":482,"column":10},"end":{"line":482,"column":15}},"loc":{"start":{"line":482,"column":44},"end":{"line":544,"column":3}}},"19":{"name":"(anonymous_21)","decl":{"start":{"line":510,"column":50},"end":{"line":510,"column":53}},"loc":{"start":{"line":511,"column":10},"end":{"line":520,"column":null}}},"20":{"name":"(anonymous_22)","decl":{"start":{"line":527,"column":26},"end":{"line":527,"column":27}},"loc":{"start":{"line":527,"column":39},"end":{"line":527,"column":62}}},"21":{"name":"(anonymous_23)","decl":{"start":{"line":546,"column":10},"end":{"line":546,"column":15}},"loc":{"start":{"line":546,"column":125},"end":{"line":570,"column":3}}},"22":{"name":"(anonymous_24)","decl":{"start":{"line":572,"column":2},"end":{"line":572,"column":7}},"loc":{"start":{"line":572,"column":75},"end":{"line":603,"column":3}}},"23":{"name":"(anonymous_25)","decl":{"start":{"line":605,"column":10},"end":{"line":605,"column":42}},"loc":{"start":{"line":605,"column":128},"end":{"line":623,"column":3}}},"24":{"name":"(anonymous_26)","decl":{"start":{"line":606,"column":15},"end":{"line":606,"column":20}},"loc":{"start":{"line":606,"column":26},"end":{"line":612,"column":5}}},"25":{"name":"(anonymous_27)","decl":{"start":{"line":615,"column":17},"end":{"line":615,"column":22}},"loc":{"start":{"line":615,"column":28},"end":{"line":621,"column":7}}},"26":{"name":"(anonymous_28)","decl":{"start":{"line":626,"column":10},"end":{"line":626,"column":15}},"loc":{"start":{"line":626,"column":81},"end":{"line":635,"column":3}}},"27":{"name":"(anonymous_29)","decl":{"start":{"line":632,"column":24},"end":{"line":632,"column":25}},"loc":{"start":{"line":632,"column":37},"end":{"line":632,"column":63}}}},"branchMap":{"0":{"loc":{"start":{"line":43,"column":4},"end":{"line":56,"column":5}},"type":"if","locations":[{"start":{"line":43,"column":4},"end":{"line":56,"column":5}}]},"1":{"loc":{"start":{"line":91,"column":4},"end":{"line":93,"column":5}},"type":"if","locations":[{"start":{"line":91,"column":4},"end":{"line":93,"column":5}}]},"2":{"loc":{"start":{"line":135,"column":4},"end":{"line":149,"column":5}},"type":"if","locations":[{"start":{"line":135,"column":4},"end":{"line":149,"column":5}}]},"3":{"loc":{"start":{"line":145,"column":21},"end":{"line":145,"column":40}},"type":"binary-expr","locations":[{"start":{"line":145,"column":21},"end":{"line":145,"column":32}},{"start":{"line":145,"column":36},"end":{"line":145,"column":40}}]},"4":{"loc":{"start":{"line":158,"column":18},"end":{"line":158,"column":38}},"type":"binary-expr","locations":[{"start":{"line":158,"column":18},"end":{"line":158,"column":30}},{"start":{"line":158,"column":34},"end":{"line":158,"column":38}}]},"5":{"loc":{"start":{"line":160,"column":14},"end":{"line":160,"column":50}},"type":"binary-expr","locations":[{"start":{"line":160,"column":14},"end":{"line":160,"column":22}},{"start":{"line":160,"column":26},"end":{"line":160,"column":50}}]},"6":{"loc":{"start":{"line":162,"column":22},"end":{"line":162,"column":46}},"type":"binary-expr","locations":[{"start":{"line":162,"column":22},"end":{"line":162,"column":38}},{"start":{"line":162,"column":42},"end":{"line":162,"column":46}}]},"7":{"loc":{"start":{"line":163,"column":18},"end":{"line":163,"column":38}},"type":"binary-expr","locations":[{"start":{"line":163,"column":18},"end":{"line":163,"column":30}},{"start":{"line":163,"column":34},"end":{"line":163,"column":38}}]},"8":{"loc":{"start":{"line":165,"column":21},"end":{"line":165,"column":40}},"type":"binary-expr","locations":[{"start":{"line":165,"column":21},"end":{"line":165,"column":32}},{"start":{"line":165,"column":36},"end":{"line":165,"column":40}}]},"9":{"loc":{"start":{"line":195,"column":4},"end":{"line":197,"column":5}},"type":"if","locations":[{"start":{"line":195,"column":4},"end":{"line":197,"column":5}}]},"10":{"loc":{"start":{"line":203,"column":18},"end":{"line":203,"column":41}},"type":"binary-expr","locations":[{"start":{"line":203,"column":18},"end":{"line":203,"column":30}},{"start":{"line":203,"column":34},"end":{"line":203,"column":41}}]},"11":{"loc":{"start":{"line":217,"column":4},"end":{"line":219,"column":5}},"type":"if","locations":[{"start":{"line":217,"column":4},"end":{"line":219,"column":5}}]},"12":{"loc":{"start":{"line":243,"column":4},"end":{"line":245,"column":5}},"type":"if","locations":[{"start":{"line":243,"column":4},"end":{"line":245,"column":5}}]},"13":{"loc":{"start":{"line":282,"column":4},"end":{"line":296,"column":5}},"type":"if","locations":[{"start":{"line":282,"column":4},"end":{"line":296,"column":5}}]},"14":{"loc":{"start":{"line":292,"column":21},"end":{"line":292,"column":40}},"type":"binary-expr","locations":[{"start":{"line":292,"column":21},"end":{"line":292,"column":32}},{"start":{"line":292,"column":36},"end":{"line":292,"column":40}}]},"15":{"loc":{"start":{"line":314,"column":4},"end":{"line":325,"column":5}},"type":"if","locations":[{"start":{"line":314,"column":4},"end":{"line":325,"column":5}},{"start":{"line":316,"column":11},"end":{"line":325,"column":5}}]},"16":{"loc":{"start":{"line":314,"column":8},"end":{"line":314,"column":44}},"type":"binary-expr","locations":[{"start":{"line":314,"column":8},"end":{"line":314,"column":24}},{"start":{"line":314,"column":28},"end":{"line":314,"column":44}}]},"17":{"loc":{"start":{"line":316,"column":11},"end":{"line":325,"column":5}},"type":"if","locations":[{"start":{"line":316,"column":11},"end":{"line":325,"column":5}},{"start":{"line":318,"column":11},"end":{"line":325,"column":5}}]},"18":{"loc":{"start":{"line":318,"column":11},"end":{"line":325,"column":5}},"type":"if","locations":[{"start":{"line":318,"column":11},"end":{"line":325,"column":5}},{"start":{"line":320,"column":11},"end":{"line":325,"column":5}}]},"19":{"loc":{"start":{"line":320,"column":11},"end":{"line":325,"column":5}},"type":"if","locations":[{"start":{"line":320,"column":11},"end":{"line":325,"column":5}},{"start":{"line":323,"column":11},"end":{"line":325,"column":5}}]},"20":{"loc":{"start":{"line":357,"column":29},"end":{"line":357,"column":116}},"type":"binary-expr","locations":[{"start":{"line":357,"column":29},"end":{"line":357,"column":84}},{"start":{"line":357,"column":88},"end":{"line":357,"column":116}}]},"21":{"loc":{"start":{"line":359,"column":4},"end":{"line":361,"column":5}},"type":"if","locations":[{"start":{"line":359,"column":4},"end":{"line":361,"column":5}}]},"22":{"loc":{"start":{"line":359,"column":8},"end":{"line":359,"column":58}},"type":"binary-expr","locations":[{"start":{"line":359,"column":8},"end":{"line":359,"column":28}},{"start":{"line":359,"column":32},"end":{"line":359,"column":58}}]},"23":{"loc":{"start":{"line":368,"column":4},"end":{"line":370,"column":5}},"type":"if","locations":[{"start":{"line":368,"column":4},"end":{"line":370,"column":5}}]},"24":{"loc":{"start":{"line":374,"column":4},"end":{"line":376,"column":5}},"type":"if","locations":[{"start":{"line":374,"column":4},"end":{"line":376,"column":5}}]},"25":{"loc":{"start":{"line":374,"column":8},"end":{"line":374,"column":54}},"type":"binary-expr","locations":[{"start":{"line":374,"column":8},"end":{"line":374,"column":18}},{"start":{"line":374,"column":22},"end":{"line":374,"column":54}}]},"26":{"loc":{"start":{"line":378,"column":22},"end":{"line":378,"column":105}},"type":"binary-expr","locations":[{"start":{"line":378,"column":22},"end":{"line":378,"column":75}},{"start":{"line":378,"column":79},"end":{"line":378,"column":105}}]},"27":{"loc":{"start":{"line":388,"column":4},"end":{"line":390,"column":5}},"type":"if","locations":[{"start":{"line":388,"column":4},"end":{"line":390,"column":5}}]},"28":{"loc":{"start":{"line":388,"column":8},"end":{"line":388,"column":96}},"type":"binary-expr","locations":[{"start":{"line":388,"column":8},"end":{"line":388,"column":46}},{"start":{"line":388,"column":50},"end":{"line":388,"column":96}}]},"29":{"loc":{"start":{"line":406,"column":4},"end":{"line":415,"column":5}},"type":"if","locations":[{"start":{"line":406,"column":4},"end":{"line":415,"column":5}}]},"30":{"loc":{"start":{"line":406,"column":8},"end":{"line":406,"column":85}},"type":"binary-expr","locations":[{"start":{"line":406,"column":8},"end":{"line":406,"column":23}},{"start":{"line":406,"column":27},"end":{"line":406,"column":56}},{"start":{"line":406,"column":60},"end":{"line":406,"column":85}}]},"31":{"loc":{"start":{"line":411,"column":6},"end":{"line":414,"column":7}},"type":"if","locations":[{"start":{"line":411,"column":6},"end":{"line":414,"column":7}}]},"32":{"loc":{"start":{"line":411,"column":10},"end":{"line":411,"column":42}},"type":"binary-expr","locations":[{"start":{"line":411,"column":10},"end":{"line":411,"column":27}},{"start":{"line":411,"column":31},"end":{"line":411,"column":42}}]},"33":{"loc":{"start":{"line":419,"column":4},"end":{"line":421,"column":5}},"type":"if","locations":[{"start":{"line":419,"column":4},"end":{"line":421,"column":5}}]},"34":{"loc":{"start":{"line":419,"column":8},"end":{"line":419,"column":29}},"type":"binary-expr","locations":[{"start":{"line":419,"column":8},"end":{"line":419,"column":16}},{"start":{"line":419,"column":20},"end":{"line":419,"column":29}}]},"35":{"loc":{"start":{"line":428,"column":4},"end":{"line":430,"column":5}},"type":"if","locations":[{"start":{"line":428,"column":4},"end":{"line":430,"column":5}}]},"36":{"loc":{"start":{"line":428,"column":8},"end":{"line":428,"column":49}},"type":"binary-expr","locations":[{"start":{"line":428,"column":8},"end":{"line":428,"column":20}},{"start":{"line":428,"column":24},"end":{"line":428,"column":33}},{"start":{"line":428,"column":37},"end":{"line":428,"column":49}}]},"37":{"loc":{"start":{"line":435,"column":4},"end":{"line":437,"column":5}},"type":"if","locations":[{"start":{"line":435,"column":4},"end":{"line":437,"column":5}}]},"38":{"loc":{"start":{"line":445,"column":4},"end":{"line":447,"column":5}},"type":"if","locations":[{"start":{"line":445,"column":4},"end":{"line":447,"column":5}}]},"39":{"loc":{"start":{"line":464,"column":8},"end":{"line":474,"column":9}},"type":"if","locations":[{"start":{"line":464,"column":8},"end":{"line":474,"column":9}},{"start":{"line":472,"column":15},"end":{"line":474,"column":9}}]},"40":{"loc":{"start":{"line":466,"column":10},"end":{"line":471,"column":11}},"type":"if","locations":[{"start":{"line":466,"column":10},"end":{"line":471,"column":11}},{"start":{"line":469,"column":17},"end":{"line":471,"column":11}}]},"41":{"loc":{"start":{"line":490,"column":4},"end":{"line":497,"column":5}},"type":"if","locations":[{"start":{"line":490,"column":4},"end":{"line":497,"column":5}}]},"42":{"loc":{"start":{"line":504,"column":8},"end":{"line":508,"column":9}},"type":"if","locations":[{"start":{"line":504,"column":8},"end":{"line":508,"column":9}}]},"43":{"loc":{"start":{"line":504,"column":12},"end":{"line":504,"column":55}},"type":"binary-expr","locations":[{"start":{"line":504,"column":12},"end":{"line":504,"column":35}},{"start":{"line":504,"column":39},"end":{"line":504,"column":55}}]},"44":{"loc":{"start":{"line":550,"column":4},"end":{"line":558,"column":5}},"type":"if","locations":[{"start":{"line":550,"column":4},"end":{"line":558,"column":5}}]},"45":{"loc":{"start":{"line":577,"column":4},"end":{"line":580,"column":5}},"type":"if","locations":[{"start":{"line":577,"column":4},"end":{"line":580,"column":5}}]},"46":{"loc":{"start":{"line":582,"column":28},"end":{"line":585,"column":54}},"type":"cond-expr","locations":[{"start":{"line":582,"column":58},"end":{"line":582,"column":89}},{"start":{"line":583,"column":28},"end":{"line":585,"column":54}}]},"47":{"loc":{"start":{"line":583,"column":28},"end":{"line":585,"column":54}},"type":"cond-expr","locations":[{"start":{"line":583,"column":53},"end":{"line":583,"column":79}},{"start":{"line":584,"column":28},"end":{"line":585,"column":54}}]},"48":{"loc":{"start":{"line":584,"column":28},"end":{"line":585,"column":54}},"type":"cond-expr","locations":[{"start":{"line":584,"column":55},"end":{"line":584,"column":83}},{"start":{"line":585,"column":28},"end":{"line":585,"column":54}}]},"49":{"loc":{"start":{"line":592,"column":4},"end":{"line":602,"column":5}},"type":"if","locations":[{"start":{"line":592,"column":4},"end":{"line":602,"column":5}}]},"50":{"loc":{"start":{"line":593,"column":26},"end":{"line":595,"column":73}},"type":"cond-expr","locations":[{"start":{"line":593,"column":56},"end":{"line":593,"column":72}},{"start":{"line":594,"column":26},"end":{"line":595,"column":73}}]},"51":{"loc":{"start":{"line":594,"column":26},"end":{"line":595,"column":73}},"type":"cond-expr","locations":[{"start":{"line":594,"column":51},"end":{"line":594,"column":62}},{"start":{"line":595,"column":26},"end":{"line":595,"column":73}}]},"52":{"loc":{"start":{"line":595,"column":26},"end":{"line":595,"column":73}},"type":"cond-expr","locations":[{"start":{"line":595,"column":53},"end":{"line":595,"column":66}},{"start":{"line":595,"column":69},"end":{"line":595,"column":73}}]},"53":{"loc":{"start":{"line":596,"column":6},"end":{"line":601,"column":7}},"type":"if","locations":[{"start":{"line":596,"column":6},"end":{"line":601,"column":7}}]},"54":{"loc":{"start":{"line":614,"column":4},"end":{"line":622,"column":5}},"type":"if","locations":[{"start":{"line":614,"column":4},"end":{"line":622,"column":5}}]},"55":{"loc":{"start":{"line":626,"column":56},"end":{"line":626,"column":67}},"type":"default-arg","locations":[{"start":{"line":626,"column":66},"end":{"line":626,"column":67}}]},"56":{"loc":{"start":{"line":626,"column":69},"end":{"line":626,"column":81}},"type":"default-arg","locations":[{"start":{"line":626,"column":77},"end":{"line":626,"column":81}}]},"57":{"loc":{"start":{"line":630,"column":6},"end":{"line":630,"column":34}},"type":"if","locations":[{"start":{"line":630,"column":6},"end":{"line":630,"column":34}}]}},"s":{"0":0,"1":0,"2":0,"3":0,"4":0,"5":0,"6":0,"7":0,"8":0,"9":0,"10":0,"11":0,"12":0,"13":0,"14":0,"15":0,"16":0,"17":0,"18":0,"19":0,"20":0,"21":0,"22":0,"23":0,"24":0,"25":0,"26":0,"27":0,"28":0,"29":0,"30":0,"31":0,"32":0,"33":0,"34":0,"35":0,"36":0,"37":0,"38":0,"39":0,"40":0,"41":0,"42":0,"43":0,"44":0,"45":0,"46":0,"47":0,"48":0,"49":0,"50":0,"51":0,"52":0,"53":0,"54":0,"55":0,"56":0,"57":0,"58":0,"59":0,"60":0,"61":0,"62":0,"63":0,"64":0,"65":0,"66":0,"67":0,"68":0,"69":0,"70":0,"71":0,"72":0,"73":0,"74":0,"75":0,"76":0,"77":0,"78":0,"79":0,"80":0,"81":0,"82":0,"83":0,"84":0,"85":0,"86":0,"87":0,"88":0,"89":0,"90":0,"91":0,"92":0,"93":0,"94":0,"95":0,"96":0,"97":0,"98":0,"99":0,"100":0,"101":0,"102":0,"103":0,"104":0,"105":0,"106":0,"107":0,"108":0,"109":0,"110":0,"111":0,"112":0,"113":0,"114":0,"115":0,"116":0,"117":0,"118":0,"119":0,"120":0,"121":0,"122":0,"123":0,"124":0,"125":0,"126":0,"127":0,"128":0,"129":0,"130":0,"131":0,"132":0,"133":0,"134":0,"135":0,"136":0,"137":0,"138":0,"139":0,"140":0,"141":0,"142":0,"143":0,"144":0,"145":0,"146":0,"147":0,"148":0,"149":0,"150":0,"151":0,"152":0,"153":0,"154":0,"155":0,"156":0,"157":0,"158":0,"159":0,"160":0,"161":0,"162":0,"163":0,"164":0,"165":0,"166":0,"167":0,"168":0,"169":0,"170":0,"171":0,"172":0,"173":0,"174":0,"175":0,"176":0,"177":0,"178":0,"179":0,"180":0,"181":0,"182":0,"183":0,"184":0,"185":0,"186":0,"187":0,"188":0,"189":0,"190":0,"191":0,"192":0,"193":0,"194":0,"195":0,"196":0,"197":0},"f":{"0":0,"1":0,"2":0,"3":0,"4":0,"5":0,"6":0,"7":0,"8":0,"9":0,"10":0,"11":0,"12":0,"13":0,"14":0,"15":0,"16":0,"17":0,"18":0,"19":0,"20":0,"21":0,"22":0,"23":0,"24":0,"25":0,"26":0,"27":0},"b":{"0":[0],"1":[0],"2":[0],"3":[0,0],"4":[0,0],"5":[0,0],"6":[0,0],"7":[0,0],"8":[0,0],"9":[0],"10":[0,0],"11":[0],"12":[0],"13":[0],"14":[0,0],"15":[0,0],"16":[0,0],"17":[0,0],"18":[0,0],"19":[0,0],"20":[0,0],"21":[0],"22":[0,0],"23":[0],"24":[0],"25":[0,0],"26":[0,0],"27":[0],"28":[0,0],"29":[0],"30":[0,0,0],"31":[0],"32":[0,0],"33":[0],"34":[0,0],"35":[0],"36":[0,0,0],"37":[0],"38":[0],"39":[0,0],"40":[0,0],"41":[0],"42":[0],"43":[0,0],"44":[0],"45":[0],"46":[0,0],"47":[0,0],"48":[0,0],"49":[0],"50":[0,0],"51":[0,0],"52":[0,0],"53":[0],"54":[0],"55":[0],"56":[0],"57":[0]}}
,"C:\\Users\\FTT\\Documents\\GitHub\\Billing Software\\apps\\api\\src\\whatsapp\\dto\\create-broadcast.dto.ts": {"path":"C:\\Users\\FTT\\Documents\\GitHub\\Billing Software\\apps\\api\\src\\whatsapp\\dto\\create-broadcast.dto.ts","statementMap":{"0":{"start":{"line":1,"column":0},"end":{"line":1,"column":78}},"1":{"start":{"line":2,"column":0},"end":{"line":2,"column":46}},"2":{"start":{"line":4,"column":0},"end":{"line":4,"column":13}},"3":{"start":{"line":8,"column":2},"end":{"line":8,"column":null}},"4":{"start":{"line":13,"column":2},"end":{"line":13,"column":null}},"5":{"start":{"line":19,"column":2},"end":{"line":19,"column":null}}},"fnMap":{},"branchMap":{},"s":{"0":0,"1":0,"2":0,"3":0,"4":0,"5":0},"f":{},"b":{}}
,"C:\\Users\\FTT\\Documents\\GitHub\\Billing Software\\apps\\api\\src\\whatsapp\\dto\\create-template.dto.ts": {"path":"C:\\Users\\FTT\\Documents\\GitHub\\Billing Software\\apps\\api\\src\\whatsapp\\dto\\create-template.dto.ts","statementMap":{"0":{"start":{"line":1,"column":0},"end":{"line":1,"column":76}},"1":{"start":{"line":2,"column":0},"end":{"line":2,"column":67}},"2":{"start":{"line":4,"column":0},"end":{"line":4,"column":13}},"3":{"start":{"line":8,"column":2},"end":{"line":8,"column":null}},"4":{"start":{"line":13,"column":2},"end":{"line":13,"column":null}},"5":{"start":{"line":18,"column":2},"end":{"line":18,"column":null}},"6":{"start":{"line":22,"column":2},"end":{"line":22,"column":null}}},"fnMap":{},"branchMap":{},"s":{"0":0,"1":0,"2":0,"3":0,"4":0,"5":0,"6":0},"f":{},"b":{}}
,"C:\\Users\\FTT\\Documents\\GitHub\\Billing Software\\apps\\api\\src\\whatsapp\\dto\\receive-webhook.dto.ts": {"path":"C:\\Users\\FTT\\Documents\\GitHub\\Billing Software\\apps\\api\\src\\whatsapp\\dto\\receive-webhook.dto.ts","statementMap":{"0":{"start":{"line":1,"column":0},"end":{"line":1,"column":55}},"1":{"start":{"line":2,"column":0},"end":{"line":2,"column":46}},"2":{"start":{"line":4,"column":0},"end":{"line":4,"column":13}},"3":{"start":{"line":8,"column":2},"end":{"line":8,"column":null}},"4":{"start":{"line":13,"column":2},"end":{"line":13,"column":null}}},"fnMap":{},"branchMap":{},"s":{"0":0,"1":0,"2":0,"3":0,"4":0},"f":{},"b":{}}
,"C:\\Users\\FTT\\Documents\\GitHub\\Billing Software\\apps\\api\\src\\whatsapp\\dto\\send-message.dto.ts": {"path":"C:\\Users\\FTT\\Documents\\GitHub\\Billing Software\\apps\\api\\src\\whatsapp\\dto\\send-message.dto.ts","statementMap":{"0":{"start":{"line":1,"column":0},"end":{"line":1,"column":70}},"1":{"start":{"line":2,"column":0},"end":{"line":2,"column":67}},"2":{"start":{"line":3,"column":0},"end":{"line":3,"column":57}},"3":{"start":{"line":5,"column":0},"end":{"line":5,"column":13}},"4":{"start":{"line":8,"column":2},"end":{"line":8,"column":null}},"5":{"start":{"line":12,"column":2},"end":{"line":12,"column":null}},"6":{"start":{"line":17,"column":2},"end":{"line":17,"column":null}},"7":{"start":{"line":22,"column":2},"end":{"line":22,"column":null}},"8":{"start":{"line":27,"column":2},"end":{"line":27,"column":null}}},"fnMap":{},"branchMap":{},"s":{"0":0,"1":0,"2":0,"3":0,"4":0,"5":0,"6":0,"7":0,"8":0},"f":{},"b":{}}
}
