TN:
SF:src\app.module.ts
FN:30,(anonymous_1)
FNF:1
FNH:0
FNDA:0,(anonymous_1)
DA:1,0
DA:2,0
DA:3,0
DA:4,0
DA:5,0
DA:6,0
DA:7,0
DA:8,0
DA:9,0
DA:10,0
DA:11,0
DA:12,0
DA:13,0
DA:14,0
DA:15,0
DA:16,0
DA:17,0
DA:18,0
DA:19,0
DA:20,0
DA:30,0
DA:60,0
LF:22
LH:0
BRF:0
BRH:0
end_of_record
TN:
SF:src\main.ts
FN:8,bootstrap
FN:26,(anonymous_1)
FN:35,(anonymous_2)
FNF:3
FNH:0
FNDA:0,bootstrap
FNDA:0,(anonymous_1)
FNDA:0,(anonymous_2)
DA:1,0
DA:2,0
DA:3,0
DA:4,0
DA:5,0
DA:6,0
DA:9,0
DA:10,0
DA:12,0
DA:14,0
DA:16,0
DA:24,0
DA:25,0
DA:26,0
DA:34,0
DA:37,0
DA:38,0
DA:40,0
DA:48,0
DA:49,0
DA:50,0
DA:56,0
DA:57,0
DA:60,0
DA:61,0
DA:62,0
DA:63,0
DA:64,0
DA:67,0
LF:29
LH:0
BRDA:25,0,0,0
BRDA:25,0,1,0
BRDA:37,1,0,0
BRDA:37,1,1,0
BRDA:37,2,0,0
BRDA:37,2,1,0
BRDA:48,3,0,0
BRDA:48,3,1,0
BRDA:49,4,0,0
BRDA:60,5,0,0
BRDA:60,5,1,0
BRDA:63,6,0,0
BRF:12
BRH:0
end_of_record
TN:
SF:src\ads\ads.controller.ts
FN:11,(anonymous_4)
FN:18,(anonymous_5)
FN:26,(anonymous_6)
FN:33,(anonymous_7)
FN:67,(anonymous_8)
FN:104,(anonymous_9)
FN:112,(anonymous_10)
FN:122,(anonymous_11)
FN:130,(anonymous_12)
FN:138,(anonymous_13)
FNF:10
FNH:0
FNDA:0,(anonymous_4)
FNDA:0,(anonymous_5)
FNDA:0,(anonymous_6)
FNDA:0,(anonymous_7)
FNDA:0,(anonymous_8)
FNDA:0,(anonymous_9)
FNDA:0,(anonymous_10)
FNDA:0,(anonymous_11)
FNDA:0,(anonymous_12)
FNDA:0,(anonymous_13)
DA:1,0
DA:2,0
DA:4,0
DA:5,0
DA:6,0
DA:10,0
DA:11,0
DA:18,0
DA:19,0
DA:26,0
DA:27,0
DA:33,0
DA:38,0
DA:39,0
DA:42,0
DA:45,0
DA:46,0
DA:67,0
DA:72,0
DA:73,0
DA:76,0
DA:79,0
DA:80,0
DA:104,0
DA:105,0
DA:112,0
DA:113,0
DA:114,0
DA:122,0
DA:123,0
DA:130,0
DA:131,0
DA:138,0
DA:139,0
LF:34
LH:0
BRDA:38,0,0,0
BRDA:72,1,0,0
BRF:2
BRH:0
end_of_record
TN:
SF:src\ads\ads.module.ts
FNF:0
FNH:0
DA:1,0
DA:2,0
DA:3,0
DA:4,0
DA:12,0
LF:5
LH:0
BRF:0
BRH:0
end_of_record
TN:
SF:src\ads\ads.service.ts
FN:9,(anonymous_2)
FN:15,(anonymous_3)
FN:34,(anonymous_4)
FN:51,(anonymous_5)
FN:122,(anonymous_6)
FN:127,(anonymous_7)
FN:184,(anonymous_8)
FN:190,(anonymous_9)
FN:197,(anonymous_10)
FN:203,(anonymous_11)
FN:213,(anonymous_12)
FN:222,(anonymous_13)
FN:249,(anonymous_14)
FN:266,(anonymous_15)
FN:331,(anonymous_16)
FN:340,(anonymous_17)
FN:345,(anonymous_18)
FN:356,(anonymous_19)
FNF:18
FNH:0
FNDA:0,(anonymous_2)
FNDA:0,(anonymous_3)
FNDA:0,(anonymous_4)
FNDA:0,(anonymous_5)
FNDA:0,(anonymous_6)
FNDA:0,(anonymous_7)
FNDA:0,(anonymous_8)
FNDA:0,(anonymous_9)
FNDA:0,(anonymous_10)
FNDA:0,(anonymous_11)
FNDA:0,(anonymous_12)
FNDA:0,(anonymous_13)
FNDA:0,(anonymous_14)
FNDA:0,(anonymous_15)
FNDA:0,(anonymous_16)
FNDA:0,(anonymous_17)
FNDA:0,(anonymous_18)
FNDA:0,(anonymous_19)
DA:1,0
DA:2,0
DA:3,0
DA:6,0
DA:7,0
DA:10,0
DA:11,0
DA:16,0
DA:17,0
DA:19,0
DA:21,0
DA:24,0
DA:35,0
DA:36,0
DA:38,0
DA:40,0
DA:43,0
DA:52,0
DA:53,0
DA:54,0
DA:56,0
DA:57,0
DA:58,0
DA:59,0
DA:60,0
DA:62,0
DA:64,0
DA:65,0
DA:66,0
DA:78,0
DA:79,0
DA:82,0
DA:83,0
DA:84,0
DA:85,0
DA:87,0
DA:89,0
DA:94,0
DA:122,0
DA:123,0
DA:128,0
DA:129,0
DA:130,0
DA:132,0
DA:133,0
DA:134,0
DA:135,0
DA:137,0
DA:139,0
DA:140,0
DA:141,0
DA:146,0
DA:147,0
DA:150,0
DA:151,0
DA:153,0
DA:158,0
DA:184,0
DA:185,0
DA:191,0
DA:198,0
DA:199,0
DA:200,0
DA:204,0
DA:214,0
DA:223,0
DA:224,0
DA:226,0
DA:227,0
DA:228,0
DA:229,0
DA:231,0
DA:236,0
DA:246,0
DA:250,0
DA:251,0
DA:254,0
DA:258,0
DA:259,0
DA:260,0
DA:263,0
DA:264,0
DA:266,0
DA:269,0
DA:270,0
DA:300,0
DA:304,0
DA:315,0
DA:324,0
DA:327,0
DA:332,0
DA:333,0
DA:335,0
DA:336,0
DA:337,0
DA:339,0
DA:340,0
DA:341,0
DA:346,0
DA:348,0
DA:356,0
DA:359,0
DA:360,0
DA:390,0
LF:104
LH:0
BRDA:19,0,0,0
BRDA:19,1,0,0
BRDA:19,1,1,0
BRDA:19,1,2,0
BRDA:38,2,0,0
BRDA:38,3,0,0
BRDA:38,3,1,0
BRDA:38,3,2,0
BRDA:62,4,0,0
BRDA:62,4,1,0
BRDA:64,5,0,0
BRDA:78,6,0,0
BRDA:84,7,0,0
BRDA:87,8,0,0
BRDA:87,8,1,0
BRDA:137,9,0,0
BRDA:137,9,1,0
BRDA:139,10,0,0
BRDA:146,11,0,0
BRDA:199,12,0,0
BRDA:207,13,0,0
BRDA:207,13,1,0
BRDA:207,14,0,0
BRDA:207,14,1,0
BRDA:207,15,0,0
BRDA:207,15,1,0
BRDA:251,16,0,0
BRDA:258,17,0,0
BRDA:258,18,0,0
BRDA:258,18,1,0
BRDA:331,19,0,0
BRDA:331,20,0,0
BRDA:335,21,0,0
BRDA:346,22,0,0
BRDA:346,22,1,0
BRDA:348,23,0,0
BRDA:359,24,0,0
BRDA:359,24,1,0
BRF:38
BRH:0
end_of_record
TN:
SF:src\ai\ai.controller.ts
FN:52,(anonymous_4)
FN:57,(anonymous_5)
FN:67,(anonymous_6)
FN:76,(anonymous_7)
FN:85,(anonymous_8)
FN:96,(anonymous_9)
FN:105,(anonymous_10)
FN:111,(anonymous_11)
FN:120,(anonymous_12)
FN:130,(anonymous_13)
FN:140,(anonymous_14)
FN:147,(anonymous_15)
FN:153,(anonymous_16)
FNF:13
FNH:0
FNDA:0,(anonymous_4)
FNDA:0,(anonymous_5)
FNDA:0,(anonymous_6)
FNDA:0,(anonymous_7)
FNDA:0,(anonymous_8)
FNDA:0,(anonymous_9)
FNDA:0,(anonymous_10)
FNDA:0,(anonymous_11)
FNDA:0,(anonymous_12)
FNDA:0,(anonymous_13)
FNDA:0,(anonymous_14)
FNDA:0,(anonymous_15)
FNDA:0,(anonymous_16)
DA:1,0
DA:11,0
DA:17,0
DA:18,0
DA:19,0
DA:20,0
DA:22,0
DA:24,0
DA:26,0
DA:30,0
DA:33,0
DA:36,0
DA:40,0
DA:44,0
DA:51,0
DA:52,0
DA:57,0
DA:62,0
DA:67,0
DA:71,0
DA:76,0
DA:80,0
DA:85,0
DA:89,0
DA:90,0
DA:96,0
DA:100,0
DA:105,0
DA:106,0
DA:111,0
DA:115,0
DA:120,0
DA:125,0
DA:130,0
DA:134,0
DA:140,0
DA:141,0
DA:147,0
DA:148,0
DA:153,0
DA:157,0
LF:41
LH:0
BRF:0
BRH:0
end_of_record
TN:
SF:src\ai\ai.module.ts
FNF:0
FNH:0
DA:1,0
DA:2,0
DA:3,0
DA:4,0
DA:5,0
DA:6,0
DA:20,0
LF:7
LH:0
BRF:0
BRH:0
end_of_record
TN:
SF:src\ai\ai.service.ts
FN:27,(anonymous_4)
FN:38,(anonymous_5)
FN:101,(anonymous_6)
FN:105,(anonymous_7)
FN:117,(anonymous_8)
FN:129,(anonymous_9)
FN:140,(anonymous_10)
FN:175,(anonymous_11)
FN:182,(anonymous_12)
FN:196,(anonymous_13)
FN:205,(anonymous_14)
FN:205,(anonymous_15)
FN:206,(anonymous_16)
FN:224,(anonymous_17)
FN:236,(anonymous_18)
FN:243,(anonymous_19)
FN:249,(anonymous_20)
FN:263,(anonymous_21)
FN:269,(anonymous_22)
FN:278,(anonymous_23)
FN:281,(anonymous_24)
FN:281,(anonymous_25)
FN:282,(anonymous_26)
FN:282,(anonymous_27)
FN:283,(anonymous_28)
FN:342,(anonymous_29)
FN:361,(anonymous_30)
FNF:27
FNH:0
FNDA:0,(anonymous_4)
FNDA:0,(anonymous_5)
FNDA:0,(anonymous_6)
FNDA:0,(anonymous_7)
FNDA:0,(anonymous_8)
FNDA:0,(anonymous_9)
FNDA:0,(anonymous_10)
FNDA:0,(anonymous_11)
FNDA:0,(anonymous_12)
FNDA:0,(anonymous_13)
FNDA:0,(anonymous_14)
FNDA:0,(anonymous_15)
FNDA:0,(anonymous_16)
FNDA:0,(anonymous_17)
FNDA:0,(anonymous_18)
FNDA:0,(anonymous_19)
FNDA:0,(anonymous_20)
FNDA:0,(anonymous_21)
FNDA:0,(anonymous_22)
FNDA:0,(anonymous_23)
FNDA:0,(anonymous_24)
FNDA:0,(anonymous_25)
FNDA:0,(anonymous_26)
FNDA:0,(anonymous_27)
FNDA:0,(anonymous_28)
FNDA:0,(anonymous_29)
FNDA:0,(anonymous_30)
DA:1,0
DA:2,0
DA:3,0
DA:4,0
DA:5,0
DA:6,0
DA:7,0
DA:11,0
DA:18,0
DA:26,0
DA:29,0
DA:31,0
DA:32,0
DA:33,0
DA:34,0
DA:44,0
DA:46,0
DA:48,0
DA:49,0
DA:52,0
DA:53,0
DA:54,0
DA:61,0
DA:62,0
DA:66,0
DA:67,0
DA:69,0
DA:79,0
DA:82,0
DA:85,0
DA:94,0
DA:102,0
DA:107,0
DA:108,0
DA:112,0
DA:118,0
DA:119,0
DA:121,0
DA:134,0
DA:137,0
DA:140,0
DA:145,0
DA:146,0
DA:147,0
DA:161,0
DA:162,0
DA:163,0
DA:164,0
DA:167,0
DA:172,0
DA:176,0
DA:182,0
DA:184,0
DA:197,0
DA:199,0
DA:205,0
DA:206,0
DA:208,0
DA:209,0
DA:212,0
DA:213,0
DA:216,0
DA:217,0
DA:220,0
DA:225,0
DA:237,0
DA:244,0
DA:245,0
DA:246,0
DA:250,0
DA:252,0
DA:264,0
DA:265,0
DA:270,0
DA:277,0
DA:278,0
DA:279,0
DA:281,0
DA:282,0
DA:283,0
DA:284,0
DA:290,0
DA:293,0
DA:294,0
DA:295,0
DA:304,0
DA:314,0
DA:315,0
DA:322,0
DA:330,0
DA:334,0
DA:343,0
DA:344,0
DA:346,0
DA:347,0
DA:348,0
DA:354,0
DA:362,0
DA:364,0
DA:370,0
DA:371,0
LF:101
LH:0
BRDA:46,0,0,0
BRDA:46,0,1,0
BRDA:49,1,0,0
BRDA:53,2,0,0
BRDA:53,2,1,0
BRDA:61,3,0,0
BRDA:108,4,0,0
BRDA:119,5,0,0
BRDA:141,6,0,0
BRDA:141,6,1,0
BRDA:145,7,0,0
BRDA:161,8,0,0
BRDA:164,9,0,0
BRDA:206,10,0,0
BRDA:206,10,1,0
BRDA:206,10,2,0
BRDA:208,11,0,0
BRDA:208,12,0,0
BRDA:208,12,1,0
BRDA:212,13,0,0
BRDA:212,14,0,0
BRDA:212,14,1,0
BRDA:212,14,2,0
BRDA:212,14,3,0
BRDA:216,15,0,0
BRDA:216,16,0,0
BRDA:216,16,1,0
BRDA:230,17,0,0
BRDA:230,17,1,0
BRDA:245,18,0,0
BRDA:279,19,0,0
BRDA:279,19,1,0
BRDA:285,20,0,0
BRDA:285,20,1,0
BRDA:293,21,0,0
BRDA:293,22,0,0
BRDA:293,22,1,0
BRDA:298,23,0,0
BRDA:298,23,1,0
BRDA:307,24,0,0
BRDA:307,24,1,0
BRDA:308,25,0,0
BRDA:308,25,1,0
BRDA:314,26,0,0
BRDA:314,26,1,0
BRDA:330,27,0,0
BRDA:330,27,1,0
BRDA:346,28,0,0
BRDA:365,29,0,0
BRDA:365,29,1,0
BRDA:366,30,0,0
BRDA:366,30,1,0
BRDA:367,31,0,0
BRDA:367,31,1,0
BRF:54
BRH:0
end_of_record
TN:
SF:src\ai\schemas\ai-chat.schema.ts
FNF:0
FNH:0
DA:1,0
DA:2,0
DA:7,0
DA:9,0
DA:12,0
DA:15,0
DA:18,0
DA:35,0
DA:37,0
DA:41,0
DA:44,0
DA:47,0
DA:50,0
DA:55,0
DA:58,0
DA:63,0
DA:66,0
DA:72,0
LF:18
LH:0
BRF:0
BRH:0
end_of_record
TN:
SF:src\analytics\analytics.controller.ts
FN:14,(anonymous_4)
FN:18,(anonymous_5)
FN:24,(anonymous_6)
FN:30,(anonymous_7)
FN:36,(anonymous_8)
FN:42,(anonymous_9)
FN:49,(anonymous_10)
FN:59,(anonymous_11)
FNF:8
FNH:0
FNDA:0,(anonymous_4)
FNDA:0,(anonymous_5)
FNDA:0,(anonymous_6)
FNDA:0,(anonymous_7)
FNDA:0,(anonymous_8)
FNDA:0,(anonymous_9)
FNDA:0,(anonymous_10)
FNDA:0,(anonymous_11)
DA:1,0
DA:2,0
DA:3,0
DA:4,0
DA:5,0
DA:6,0
DA:7,0
DA:13,0
DA:14,0
DA:18,0
DA:19,0
DA:24,0
DA:25,0
DA:30,0
DA:31,0
DA:36,0
DA:37,0
DA:42,0
DA:43,0
DA:49,0
DA:53,0
DA:54,0
DA:59,0
DA:64,0
DA:74,0
LF:25
LH:0
BRDA:53,0,0,0
BRDA:53,0,1,0
BRDA:53,1,0,0
BRDA:53,1,1,0
BRDA:66,2,0,0
BRDA:66,2,1,0
BRDA:72,3,0,0
BRDA:72,3,1,0
BRF:8
BRH:0
end_of_record
TN:
SF:src\analytics\analytics.module.ts
FNF:0
FNH:0
DA:1,0
DA:2,0
DA:3,0
DA:4,0
DA:5,0
DA:6,0
DA:7,0
DA:8,0
DA:27,0
LF:9
LH:0
BRF:0
BRH:0
end_of_record
TN:
SF:src\analytics\analytics.service.ts
FN:8,(anonymous_2)
FN:14,(anonymous_3)
FN:44,(anonymous_4)
FN:44,(anonymous_5)
FN:46,(anonymous_6)
FN:47,(anonymous_7)
FN:72,(anonymous_8)
FN:83,(anonymous_9)
FN:98,(anonymous_10)
FN:117,(anonymous_11)
FN:126,(anonymous_12)
FN:138,(anonymous_13)
FN:142,(anonymous_14)
FN:146,(anonymous_15)
FN:150,(anonymous_16)
FNF:15
FNH:0
FNDA:0,(anonymous_2)
FNDA:0,(anonymous_3)
FNDA:0,(anonymous_4)
FNDA:0,(anonymous_5)
FNDA:0,(anonymous_6)
FNDA:0,(anonymous_7)
FNDA:0,(anonymous_8)
FNDA:0,(anonymous_9)
FNDA:0,(anonymous_10)
FNDA:0,(anonymous_11)
FNDA:0,(anonymous_12)
FNDA:0,(anonymous_13)
FNDA:0,(anonymous_14)
FNDA:0,(anonymous_15)
FNDA:0,(anonymous_16)
DA:1,0
DA:2,0
DA:3,0
DA:7,0
DA:9,0
DA:10,0
DA:15,0
DA:16,0
DA:17,0
DA:18,0
DA:29,0
DA:42,0
DA:44,0
DA:46,0
DA:47,0
DA:50,0
DA:53,0
DA:57,0
DA:73,0
DA:81,0
DA:83,0
DA:84,0
DA:86,0
DA:99,0
DA:100,0
DA:102,0
DA:103,0
DA:104,0
DA:106,0
DA:115,0
DA:117,0
DA:122,0
DA:127,0
DA:132,0
DA:133,0
DA:134,0
DA:135,0
DA:138,0
DA:143,0
DA:147,0
DA:151,0
LF:41
LH:0
BRDA:44,0,0,0
BRDA:44,0,1,0
BRDA:46,1,0,0
BRDA:46,1,1,0
BRDA:50,2,0,0
BRDA:50,2,1,0
BRDA:53,3,0,0
BRDA:53,3,1,0
BRDA:84,4,0,0
BRDA:84,4,1,0
BRDA:134,5,0,0
BRDA:134,5,1,0
BRDA:135,6,0,0
BRDA:135,6,1,0
BRDA:146,7,0,0
BRF:15
BRH:0
end_of_record
TN:
SF:src\analytics\event-store.service.ts
FN:15,(anonymous_4)
FN:21,(anonymous_5)
FN:55,(anonymous_6)
FN:82,(anonymous_7)
FN:129,(anonymous_8)
FN:144,(anonymous_9)
FN:167,(anonymous_10)
FN:181,(anonymous_11)
FN:229,(anonymous_12)
FN:237,(anonymous_13)
FN:263,(anonymous_14)
FN:287,(anonymous_15)
FNF:12
FNH:0
FNDA:0,(anonymous_4)
FNDA:0,(anonymous_5)
FNDA:0,(anonymous_6)
FNDA:0,(anonymous_7)
FNDA:0,(anonymous_8)
FNDA:0,(anonymous_9)
FNDA:0,(anonymous_10)
FNDA:0,(anonymous_11)
FNDA:0,(anonymous_12)
FNDA:0,(anonymous_13)
FNDA:0,(anonymous_14)
FNDA:0,(anonymous_15)
DA:1,0
DA:2,0
DA:3,0
DA:4,0
DA:5,0
DA:6,0
DA:10,0
DA:11,0
DA:12,0
DA:13,0
DA:17,0
DA:18,0
DA:22,0
DA:23,0
DA:24,0
DA:25,0
DA:26,0
DA:28,0
DA:29,0
DA:30,0
DA:33,0
DA:34,0
DA:41,0
DA:42,0
DA:43,0
DA:44,0
DA:45,0
DA:47,0
DA:50,0
DA:51,0
DA:56,0
DA:58,0
DA:59,0
DA:75,0
DA:77,0
DA:83,0
DA:84,0
DA:86,0
DA:87,0
DA:88,0
DA:105,0
DA:107,0
DA:112,0
DA:113,0
DA:124,0
DA:130,0
DA:131,0
DA:132,0
DA:143,0
DA:144,0
DA:156,0
DA:161,0
DA:167,0
DA:182,0
DA:183,0
DA:184,0
DA:195,0
DA:197,0
DA:209,0
DA:211,0
DA:226,0
DA:228,0
DA:229,0
DA:230,0
DA:233,0
DA:237,0
DA:244,0
DA:249,0
DA:250,0
DA:255,0
DA:257,0
DA:262,0
DA:263,0
DA:264,0
DA:268,0
DA:283,0
DA:287,0
LF:77
LH:0
BRDA:23,0,0,0
BRDA:23,0,1,0
BRDA:24,1,0,0
BRDA:24,1,1,0
BRDA:25,2,0,0
BRDA:25,2,1,0
BRDA:26,3,0,0
BRDA:26,3,1,0
BRDA:28,4,0,0
BRDA:42,5,0,0
BRDA:42,5,1,0
BRDA:56,6,0,0
BRDA:83,7,0,0
BRDA:83,7,1,0
BRDA:84,8,0,0
BRDA:84,8,1,0
BRDA:86,9,0,0
BRDA:86,10,0,0
BRDA:86,10,1,0
BRDA:94,11,0,0
BRDA:94,11,1,0
BRDA:97,12,0,0
BRDA:97,12,1,0
BRDA:98,13,0,0
BRDA:98,13,1,0
BRDA:99,14,0,0
BRDA:99,14,1,0
BRDA:129,15,0,0
BRDA:130,16,0,0
BRDA:130,17,0,0
BRDA:130,17,1,0
BRDA:147,18,0,0
BRDA:147,18,1,0
BRDA:150,19,0,0
BRDA:150,19,1,0
BRDA:151,20,0,0
BRDA:151,20,1,0
BRDA:152,21,0,0
BRDA:152,21,1,0
BRDA:168,22,0,0
BRDA:168,22,1,0
BRDA:182,23,0,0
BRDA:182,24,0,0
BRDA:182,24,1,0
BRDA:234,25,0,0
BRDA:234,25,1,0
BRDA:235,26,0,0
BRDA:235,26,1,0
BRDA:255,27,0,0
BRDA:255,27,1,0
BRF:50
BRH:0
end_of_record
TN:
SF:src\analytics\dto\log-event.dto.ts
FNF:0
FNH:0
DA:1,0
DA:2,0
DA:4,0
DA:7,0
DA:11,0
DA:16,0
DA:21,0
DA:26,0
DA:31,0
LF:9
LH:0
BRF:0
BRH:0
end_of_record
TN:
SF:src\analytics\interceptors\audit-log.interceptor.ts
FN:16,(anonymous_2)
FN:18,(anonymous_3)
FN:24,(anonymous_4)
FN:29,(anonymous_5)
FN:37,(anonymous_6)
FN:72,(anonymous_7)
FNF:6
FNH:0
FNDA:0,(anonymous_2)
FNDA:0,(anonymous_3)
FNDA:0,(anonymous_4)
FNDA:0,(anonymous_5)
FNDA:0,(anonymous_6)
FNDA:0,(anonymous_7)
DA:1,0
DA:9,0
DA:10,0
DA:13,0
DA:14,0
DA:16,0
DA:19,0
DA:20,0
DA:22,0
DA:25,0
DA:26,0
DA:27,0
DA:30,0
DA:31,0
DA:38,0
DA:39,0
DA:40,0
DA:41,0
DA:45,0
DA:46,0
DA:49,0
DA:51,0
DA:56,0
DA:58,0
DA:73,0
DA:76,0
LF:26
LH:0
BRDA:30,0,0,0
BRDA:30,0,1,0
BRDA:30,0,2,0
BRDA:40,1,0,0
BRDA:40,2,0,0
BRDA:40,2,1,0
BRDA:45,3,0,0
BRDA:51,4,0,0
BRDA:51,4,1,0
BRDA:51,4,2,0
BRDA:51,4,3,0
BRDA:56,5,0,0
BRDA:56,5,1,0
BRDA:61,6,0,0
BRDA:61,6,1,0
BRF:15
BRH:0
end_of_record
TN:
SF:src\analytics\schemas\audit-event.schema.ts
FNF:0
FNH:0
DA:1,0
DA:2,0
DA:5,0
DA:7,0
DA:10,0
DA:13,0
DA:16,0
DA:19,0
DA:22,0
DA:25,0
DA:28,0
DA:31,0
LF:12
LH:0
BRF:0
BRH:0
end_of_record
TN:
SF:src\auth\auth.controller.ts
FN:31,(anonymous_4)
FN:35,(anonymous_5)
FN:64,(anonymous_6)
FN:77,(anonymous_7)
FN:92,(anonymous_8)
FN:116,(anonymous_9)
FN:127,(anonymous_10)
FN:137,(anonymous_11)
FN:158,(anonymous_12)
FN:177,(anonymous_13)
FN:194,(anonymous_14)
FN:203,(anonymous_15)
FN:215,(anonymous_16)
FN:224,(anonymous_17)
FN:232,(anonymous_18)
FNF:15
FNH:0
FNDA:0,(anonymous_4)
FNDA:0,(anonymous_5)
FNDA:0,(anonymous_6)
FNDA:0,(anonymous_7)
FNDA:0,(anonymous_8)
FNDA:0,(anonymous_9)
FNDA:0,(anonymous_10)
FNDA:0,(anonymous_11)
FNDA:0,(anonymous_12)
FNDA:0,(anonymous_13)
FNDA:0,(anonymous_14)
FNDA:0,(anonymous_15)
FNDA:0,(anonymous_16)
FNDA:0,(anonymous_17)
FNDA:0,(anonymous_18)
DA:1,0
DA:15,0
DA:17,0
DA:18,0
DA:19,0
DA:20,0
DA:21,0
DA:22,0
DA:23,0
DA:24,0
DA:25,0
DA:26,0
DA:30,0
DA:31,0
DA:36,0
DA:37,0
DA:39,0
DA:46,0
DA:53,0
DA:61,0
DA:65,0
DA:66,0
DA:67,0
DA:68,0
DA:69,0
DA:77,0
DA:81,0
DA:82,0
DA:83,0
DA:92,0
DA:98,0
DA:100,0
DA:102,0
DA:105,0
DA:106,0
DA:116,0
DA:117,0
DA:127,0
DA:128,0
DA:129,0
DA:137,0
DA:143,0
DA:147,0
DA:148,0
DA:158,0
DA:164,0
DA:165,0
DA:166,0
DA:167,0
DA:177,0
DA:179,0
DA:183,0
DA:184,0
DA:185,0
DA:194,0
DA:195,0
DA:203,0
DA:204,0
DA:205,0
DA:206,0
DA:215,0
DA:216,0
DA:224,0
DA:225,0
DA:232,0
DA:233,0
LF:66
LH:0
BRDA:100,0,0,0
BRDA:179,1,0,0
BRDA:179,1,1,0
BRDA:179,1,2,0
BRDA:179,1,3,0
BRF:5
BRH:0
end_of_record
TN:
SF:src\auth\auth.module.ts
FNF:0
FNH:0
DA:1,0
DA:2,0
DA:3,0
DA:4,0
DA:5,0
DA:6,0
DA:7,0
DA:18,0
LF:8
LH:0
BRF:0
BRH:0
end_of_record
TN:
SF:src\auth\auth.service.ts
FN:37,(anonymous_2)
FN:46,(anonymous_3)
FN:56,(anonymous_4)
FN:85,(anonymous_5)
FN:149,(anonymous_6)
FN:183,(anonymous_7)
FN:196,(anonymous_8)
FN:201,(anonymous_9)
FN:222,(anonymous_10)
FN:246,(anonymous_11)
FN:256,(anonymous_12)
FN:266,(anonymous_13)
FN:287,(anonymous_14)
FN:310,(anonymous_15)
FN:319,(anonymous_16)
FN:374,(anonymous_17)
FN:389,(anonymous_18)
FN:402,(anonymous_19)
FNF:18
FNH:4
FNDA:3,(anonymous_2)
FNDA:3,(anonymous_3)
FNDA:2,(anonymous_4)
FNDA:0,(anonymous_5)
FNDA:0,(anonymous_6)
FNDA:0,(anonymous_7)
FNDA:0,(anonymous_8)
FNDA:0,(anonymous_9)
FNDA:0,(anonymous_10)
FNDA:0,(anonymous_11)
FNDA:0,(anonymous_12)
FNDA:0,(anonymous_13)
FNDA:0,(anonymous_14)
FNDA:0,(anonymous_15)
FNDA:2,(anonymous_16)
FNDA:0,(anonymous_17)
FNDA:0,(anonymous_18)
FNDA:0,(anonymous_19)
DA:1,1
DA:8,1
DA:9,1
DA:10,1
DA:11,1
DA:12,1
DA:13,1
DA:14,1
DA:15,1
DA:18,1
DA:21,1
DA:22,1
DA:23,1
DA:24,1
DA:25,1
DA:28,1
DA:36,1
DA:38,3
DA:39,3
DA:40,3
DA:41,3
DA:47,3
DA:50,3
DA:51,1
DA:54,2
DA:56,2
DA:58,2
DA:59,1
DA:60,1
DA:62,2
DA:63,2
DA:75,2
DA:87,0
DA:90,0
DA:93,0
DA:94,0
DA:95,0
DA:96,0
DA:103,0
DA:107,0
DA:109,0
DA:110,0
DA:112,0
DA:115,0
DA:120,0
DA:124,0
DA:125,0
DA:132,0
DA:133,0
DA:140,0
DA:144,0
DA:155,0
DA:156,0
DA:160,0
DA:163,0
DA:164,0
DA:167,0
DA:168,0
DA:169,0
DA:172,0
DA:173,0
DA:174,0
DA:175,0
DA:178,0
DA:185,0
DA:186,0
DA:187,0
DA:191,0
DA:194,0
DA:196,0
DA:201,0
DA:203,0
DA:204,0
DA:207,0
DA:208,0
DA:209,0
DA:213,0
DA:214,0
DA:217,0
DA:224,0
DA:227,0
DA:228,0
DA:229,0
DA:230,0
DA:231,0
DA:232,0
DA:233,0
DA:238,0
DA:247,0
DA:248,0
DA:257,0
DA:267,0
DA:268,0
DA:269,0
DA:271,0
DA:272,0
DA:275,0
DA:280,0
DA:281,0
DA:282,0
DA:288,0
DA:289,0
DA:290,0
DA:292,0
DA:293,0
DA:296,0
DA:297,0
DA:298,0
DA:299,0
DA:302,0
DA:311,0
DA:320,2
DA:326,2
DA:331,2
DA:343,2
DA:344,2
DA:345,2
DA:355,2
DA:375,0
DA:376,0
DA:377,0
DA:378,0
DA:379,0
DA:381,0
DA:382,0
DA:390,0
DA:394,0
DA:395,0
DA:396,0
DA:397,0
DA:398,0
DA:403,0
DA:404,0
DA:408,0
DA:409,0
DA:410,0
DA:411,0
DA:412,0
LF:138
LH:39
BRDA:50,0,0,1
BRDA:58,1,0,1
BRDA:62,2,0,1
BRDA:62,2,1,1
BRDA:85,3,0,0
BRDA:93,4,0,0
BRDA:93,5,0,0
BRDA:93,5,1,0
BRDA:103,6,0,0
BRDA:103,6,1,0
BRDA:103,7,0,0
BRDA:103,7,1,0
BRDA:107,8,0,0
BRDA:107,9,0,0
BRDA:107,9,1,0
BRDA:107,9,2,0
BRDA:109,10,0,0
BRDA:112,11,0,0
BRDA:112,11,1,0
BRDA:124,12,0,0
BRDA:124,13,0,0
BRDA:124,13,1,0
BRDA:132,14,0,0
BRDA:152,15,0,0
BRDA:163,16,0,0
BRDA:168,17,0,0
BRDA:168,18,0,0
BRDA:168,18,1,0
BRDA:168,18,2,0
BRDA:168,18,3,0
BRDA:174,19,0,0
BRDA:183,20,0,0
BRDA:186,21,0,0
BRDA:203,22,0,0
BRDA:208,23,0,0
BRDA:208,24,0,0
BRDA:208,24,1,0
BRDA:227,25,0,0
BRDA:231,26,0,0
BRDA:268,27,0,0
BRDA:269,28,0,0
BRDA:289,29,0,0
BRDA:289,30,0,0
BRDA:289,30,1,0
BRDA:292,31,0,0
BRDA:298,32,0,0
BRDA:319,33,0,2
BRDA:324,34,0,2
BRDA:324,34,1,1
BRDA:349,35,0,2
BRDA:349,35,1,2
BRDA:350,36,0,2
BRDA:350,36,1,2
BRDA:365,37,0,2
BRDA:365,37,1,1
BRDA:375,38,0,0
BRDA:378,39,0,0
BRDA:381,40,0,0
BRF:58
BRH:13
end_of_record
TN:
SF:src\auth\decorators\roles.decorator.ts
FN:5,(anonymous_0)
FNF:1
FNH:0
FNDA:0,(anonymous_0)
DA:1,0
DA:4,0
DA:5,0
LF:3
LH:0
BRF:0
BRH:0
end_of_record
TN:
SF:src\auth\dto\login.dto.ts
FNF:0
FNH:0
DA:1,0
DA:3,0
DA:5,0
DA:9,0
LF:4
LH:0
BRF:0
BRH:0
end_of_record
TN:
SF:src\auth\dto\mfa-verify.dto.ts
FNF:0
FNH:0
DA:1,0
DA:2,0
DA:4,0
DA:8,0
DA:11,0
DA:14,0
DA:19,0
LF:7
LH:0
BRF:0
BRH:0
end_of_record
TN:
SF:src\auth\dto\register.dto.ts
FNF:0
FNH:0
DA:1,0
DA:3,0
DA:5,0
DA:9,0
DA:13,0
DA:17,0
DA:21,0
LF:7
LH:0
BRF:0
BRH:0
end_of_record
TN:
SF:src\auth\guards\jwt-auth.guard.ts
FNF:0
FNH:0
DA:1,0
DA:2,0
DA:5,0
LF:3
LH:0
BRF:0
BRH:0
end_of_record
TN:
SF:src\auth\guards\jwt-refresh.guard.ts
FNF:0
FNH:0
DA:1,0
DA:2,0
DA:5,0
LF:3
LH:0
BRF:0
BRH:0
end_of_record
TN:
SF:src\auth\guards\roles.guard.ts
FN:8,(anonymous_2)
FN:10,(anonymous_3)
FNF:2
FNH:0
FNDA:0,(anonymous_2)
FNDA:0,(anonymous_3)
DA:1,0
DA:2,0
DA:4,0
DA:7,0
DA:8,0
DA:11,0
DA:16,0
DA:17,0
DA:20,0
DA:21,0
DA:22,0
DA:25,0
DA:26,0
DA:27,0
DA:30,0
LF:15
LH:0
BRDA:16,0,0,0
BRDA:16,1,0,0
BRDA:16,1,1,0
BRDA:21,2,0,0
BRDA:26,3,0,0
BRF:5
BRH:0
end_of_record
TN:
SF:src\auth\strategies\jwt-refresh.strategy.ts
FN:11,(anonymous_2)
FN:22,(anonymous_3)
FN:36,(anonymous_4)
FNF:3
FNH:0
FNDA:0,(anonymous_2)
FNDA:0,(anonymous_3)
FNDA:0,(anonymous_4)
DA:1,0
DA:2,0
DA:3,0
DA:4,0
DA:7,0
DA:10,0
DA:13,0
DA:15,0
DA:16,0
DA:17,0
DA:20,0
DA:23,0
DA:24,0
DA:26,0
DA:37,0
DA:38,0
DA:39,0
DA:41,0
DA:42,0
DA:43,0
DA:45,0
DA:48,0
DA:53,0
DA:54,0
DA:57,0
DA:58,0
DA:61,0
LF:27
LH:0
BRDA:16,0,0,0
BRDA:23,1,0,0
BRDA:23,2,0,0
BRDA:23,2,1,0
BRDA:23,2,2,0
BRDA:38,3,0,0
BRDA:38,3,1,0
BRDA:38,4,0,0
BRDA:38,4,1,0
BRDA:42,5,0,0
BRDA:53,6,0,0
BRDA:53,7,0,0
BRDA:53,7,1,0
BRDA:57,8,0,0
BRDA:57,9,0,0
BRDA:57,9,1,0
BRF:16
BRH:0
end_of_record
TN:
SF:src\auth\strategies\jwt.strategy.ts
FN:10,(anonymous_2)
FN:21,(anonymous_3)
FN:34,(anonymous_4)
FNF:3
FNH:0
FNDA:0,(anonymous_2)
FNDA:0,(anonymous_3)
FNDA:0,(anonymous_4)
DA:1,0
DA:2,0
DA:3,0
DA:4,0
DA:6,0
DA:9,0
DA:12,0
DA:14,0
DA:15,0
DA:16,0
DA:19,0
DA:22,0
DA:23,0
DA:25,0
DA:35,0
DA:40,0
DA:41,0
DA:44,0
LF:18
LH:0
BRDA:15,0,0,0
BRDA:22,1,0,0
BRDA:22,2,0,0
BRDA:22,2,1,0
BRDA:22,2,2,0
BRDA:40,3,0,0
BRDA:40,4,0,0
BRDA:40,4,1,0
BRF:8
BRH:0
end_of_record
TN:
SF:src\billing\billing.controller.ts
FN:32,(anonymous_4)
FN:41,(anonymous_5)
FN:52,(anonymous_6)
FN:60,(anonymous_7)
FN:71,(anonymous_8)
FN:83,(anonymous_9)
FN:96,(anonymous_10)
FN:104,(anonymous_11)
FN:114,(anonymous_12)
FN:127,(anonymous_13)
FN:138,(anonymous_14)
FN:150,(anonymous_15)
FN:161,(anonymous_16)
FN:169,(anonymous_17)
FN:179,(anonymous_18)
FNF:15
FNH:0
FNDA:0,(anonymous_4)
FNDA:0,(anonymous_5)
FNDA:0,(anonymous_6)
FNDA:0,(anonymous_7)
FNDA:0,(anonymous_8)
FNDA:0,(anonymous_9)
FNDA:0,(anonymous_10)
FNDA:0,(anonymous_11)
FNDA:0,(anonymous_12)
FNDA:0,(anonymous_13)
FNDA:0,(anonymous_14)
FNDA:0,(anonymous_15)
FNDA:0,(anonymous_16)
FNDA:0,(anonymous_17)
FNDA:0,(anonymous_18)
DA:1,0
DA:14,0
DA:20,0
DA:21,0
DA:22,0
DA:23,0
DA:24,0
DA:25,0
DA:26,0
DA:31,0
DA:32,0
DA:41,0
DA:45,0
DA:52,0
DA:53,0
DA:60,0
DA:64,0
DA:71,0
DA:76,0
DA:83,0
DA:87,0
DA:96,0
DA:97,0
DA:104,0
DA:107,0
DA:114,0
DA:118,0
DA:127,0
DA:128,0
DA:138,0
DA:143,0
DA:150,0
DA:154,0
DA:161,0
DA:162,0
DA:169,0
DA:170,0
DA:179,0
DA:180,0
LF:39
LH:0
BRF:0
BRH:0
end_of_record
TN:
SF:src\billing\billing.module.ts
FNF:0
FNH:0
DA:1,0
DA:2,0
DA:3,0
DA:10,0
LF:4
LH:0
BRF:0
BRH:0
end_of_record
TN:
SF:src\billing\billing.service.ts
FN:14,(anonymous_2)
FN:21,(anonymous_3)
FN:38,(anonymous_4)
FN:39,(anonymous_5)
FN:93,(anonymous_6)
FN:103,(anonymous_7)
FN:110,(anonymous_8)
FN:116,(anonymous_9)
FN:144,(anonymous_10)
FN:153,(anonymous_11)
FN:212,(anonymous_12)
FN:252,(anonymous_13)
FN:287,(anonymous_14)
FN:335,(anonymous_15)
FN:377,(anonymous_16)
FN:384,(anonymous_17)
FN:399,(anonymous_18)
FN:418,(anonymous_19)
FN:433,(anonymous_20)
FN:440,(anonymous_21)
FN:441,(anonymous_22)
FN:458,(anonymous_23)
FN:570,(anonymous_24)
FN:666,(anonymous_25)
FNF:24
FNH:0
FNDA:0,(anonymous_2)
FNDA:0,(anonymous_3)
FNDA:0,(anonymous_4)
FNDA:0,(anonymous_5)
FNDA:0,(anonymous_6)
FNDA:0,(anonymous_7)
FNDA:0,(anonymous_8)
FNDA:0,(anonymous_9)
FNDA:0,(anonymous_10)
FNDA:0,(anonymous_11)
FNDA:0,(anonymous_12)
FNDA:0,(anonymous_13)
FNDA:0,(anonymous_14)
FNDA:0,(anonymous_15)
FNDA:0,(anonymous_16)
FNDA:0,(anonymous_17)
FNDA:0,(anonymous_18)
FNDA:0,(anonymous_19)
FNDA:0,(anonymous_20)
FNDA:0,(anonymous_21)
FNDA:0,(anonymous_22)
FNDA:0,(anonymous_23)
FNDA:0,(anonymous_24)
FNDA:0,(anonymous_25)
DA:1,0
DA:2,0
DA:3,0
DA:4,0
DA:5,0
DA:7,0
DA:13,0
DA:15,0
DA:16,0
DA:17,0
DA:22,0
DA:28,0
DA:29,0
DA:32,0
DA:33,0
DA:34,0
DA:39,0
DA:42,0
DA:43,0
DA:44,0
DA:45,0
DA:47,0
DA:48,0
DA:49,0
DA:50,0
DA:52,0
DA:54,0
DA:55,0
DA:56,0
DA:58,0
DA:62,0
DA:63,0
DA:65,0
DA:66,0
DA:67,0
DA:68,0
DA:90,0
DA:91,0
DA:93,0
DA:94,0
DA:96,0
DA:100,0
DA:104,0
DA:111,0
DA:112,0
DA:113,0
DA:117,0
DA:119,0
DA:125,0
DA:126,0
DA:127,0
DA:131,0
DA:132,0
DA:134,0
DA:145,0
DA:146,0
DA:147,0
DA:149,0
DA:154,0
DA:155,0
DA:156,0
DA:206,0
DA:213,0
DA:219,0
DA:220,0
DA:224,0
DA:225,0
DA:226,0
DA:231,0
DA:232,0
DA:233,0
DA:234,0
DA:236,0
DA:249,0
DA:253,0
DA:254,0
DA:256,0
DA:258,0
DA:259,0
DA:260,0
DA:262,0
DA:263,0
DA:274,0
DA:295,0
DA:314,0
DA:315,0
DA:316,0
DA:318,0
DA:319,0
DA:320,0
DA:322,0
DA:323,0
DA:324,0
DA:325,0
DA:326,0
DA:330,0
DA:336,0
DA:339,0
DA:340,0
DA:343,0
DA:344,0
DA:347,0
DA:348,0
DA:349,0
DA:351,0
DA:364,0
DA:365,0
DA:374,0
DA:378,0
DA:385,0
DA:400,0
DA:401,0
DA:402,0
DA:405,0
DA:406,0
DA:407,0
DA:409,0
DA:410,0
DA:411,0
DA:412,0
DA:414,0
DA:419,0
DA:420,0
DA:421,0
DA:422,0
DA:423,0
DA:425,0
DA:426,0
DA:428,0
DA:429,0
DA:434,0
DA:435,0
DA:436,0
DA:439,0
DA:440,0
DA:441,0
DA:443,0
DA:444,0
DA:447,0
DA:448,0
DA:450,0
DA:451,0
DA:452,0
DA:455,0
DA:456,0
DA:458,0
DA:459,0
DA:460,0
DA:461,0
DA:463,0
DA:467,0
DA:468,0
DA:472,0
DA:473,0
DA:475,0
DA:478,0
DA:479,0
DA:480,0
DA:483,0
DA:484,0
DA:485,0
DA:488,0
DA:489,0
DA:492,0
DA:493,0
DA:494,0
DA:495,0
DA:497,0
DA:498,0
DA:499,0
DA:500,0
DA:501,0
DA:502,0
DA:503,0
DA:504,0
DA:505,0
DA:506,0
DA:507,0
DA:508,0
DA:510,0
DA:525,0
DA:526,0
DA:529,0
DA:532,0
DA:533,0
DA:536,0
DA:537,0
DA:538,0
DA:541,0
DA:542,0
DA:544,0
DA:557,0
DA:558,0
DA:567,0
DA:571,0
DA:572,0
DA:573,0
DA:576,0
DA:581,0
DA:582,0
DA:583,0
DA:585,0
DA:588,0
DA:589,0
DA:593,0
DA:594,0
DA:596,0
DA:599,0
DA:600,0
DA:601,0
DA:604,0
DA:605,0
DA:606,0
DA:609,0
DA:610,0
DA:611,0
DA:614,0
DA:615,0
DA:618,0
DA:619,0
DA:620,0
DA:623,0
DA:626,0
DA:627,0
DA:630,0
DA:631,0
DA:632,0
DA:634,0
DA:635,0
DA:636,0
DA:637,0
DA:640,0
DA:653,0
DA:654,0
DA:663,0
DA:667,0
DA:669,0
DA:670,0
DA:671,0
DA:691,0
DA:692,0
DA:693,0
DA:694,0
DA:695,0
DA:696,0
DA:698,0
DA:700,0
DA:701,0
DA:721,0
DA:722,0
DA:723,0
DA:725,0
LF:252
LH:0
BRDA:28,0,0,0
BRDA:33,1,0,0
BRDA:33,1,1,0
BRDA:47,2,0,0
BRDA:47,3,0,0
BRDA:47,3,1,0
BRDA:50,4,0,0
BRDA:50,4,1,0
BRDA:54,5,0,0
BRDA:54,5,1,0
BRDA:73,6,0,0
BRDA:73,6,1,0
BRDA:75,7,0,0
BRDA:75,7,1,0
BRDA:78,8,0,0
BRDA:78,8,1,0
BRDA:80,9,0,0
BRDA:80,9,1,0
BRDA:81,10,0,0
BRDA:81,10,1,0
BRDA:90,11,0,0
BRDA:112,12,0,0
BRDA:125,13,0,0
BRDA:126,14,0,0
BRDA:131,15,0,0
BRDA:131,15,1,0
BRDA:132,16,0,0
BRDA:132,16,1,0
BRDA:139,17,0,0
BRDA:139,17,1,0
BRDA:146,18,0,0
BRDA:155,19,0,0
BRDA:219,20,0,0
BRDA:224,21,0,0
BRDA:231,22,0,0
BRDA:254,23,0,0
BRDA:262,24,0,0
BRDA:262,24,1,0
BRDA:319,25,0,0
BRDA:319,25,1,0
BRDA:322,26,0,0
BRDA:322,26,1,0
BRDA:325,27,0,0
BRDA:325,28,0,0
BRDA:325,28,1,0
BRDA:339,29,0,0
BRDA:343,30,0,0
BRDA:348,31,0,0
BRDA:348,31,1,0
BRDA:349,32,0,0
BRDA:349,32,1,0
BRDA:356,33,0,0
BRDA:356,33,1,0
BRDA:357,34,0,0
BRDA:357,34,1,0
BRDA:364,35,0,0
BRDA:401,36,0,0
BRDA:409,37,0,0
BRDA:409,37,1,0
BRDA:411,38,0,0
BRDA:411,38,1,0
BRDA:422,39,0,0
BRDA:435,40,0,0
BRDA:443,41,0,0
BRDA:443,42,0,0
BRDA:443,42,1,0
BRDA:451,43,0,0
BRDA:467,44,0,0
BRDA:479,45,0,0
BRDA:484,46,0,0
BRDA:488,47,0,0
BRDA:497,48,0,0
BRDA:497,48,1,0
BRDA:502,49,0,0
BRDA:502,49,1,0
BRDA:503,50,0,0
BRDA:503,50,1,0
BRDA:525,51,0,0
BRDA:532,52,0,0
BRDA:536,53,0,0
BRDA:536,53,1,0
BRDA:537,54,0,0
BRDA:537,55,0,0
BRDA:537,55,1,0
BRDA:541,56,0,0
BRDA:541,56,1,0
BRDA:542,57,0,0
BRDA:542,57,1,0
BRDA:557,58,0,0
BRDA:572,59,0,0
BRDA:588,60,0,0
BRDA:600,61,0,0
BRDA:605,62,0,0
BRDA:610,63,0,0
BRDA:614,64,0,0
BRDA:619,65,0,0
BRDA:626,66,0,0
BRDA:631,67,0,0
BRDA:631,67,1,0
BRDA:632,68,0,0
BRDA:632,68,1,0
BRDA:634,69,0,0
BRDA:634,69,1,0
BRDA:636,70,0,0
BRDA:636,71,0,0
BRDA:636,71,1,0
BRDA:653,72,0,0
BRDA:669,73,0,0
BRDA:669,73,1,0
BRDA:674,74,0,0
BRDA:674,74,1,0
BRDA:678,75,0,0
BRDA:678,75,1,0
BRDA:681,76,0,0
BRDA:681,76,1,0
BRDA:686,77,0,0
BRDA:686,77,1,0
BRDA:694,78,0,0
BRDA:694,78,1,0
BRDA:703,79,0,0
BRDA:703,79,1,0
BRDA:707,80,0,0
BRDA:707,80,1,0
BRDA:711,81,0,0
BRDA:711,81,1,0
BRDA:722,82,0,0
BRDA:722,82,1,0
BRF:127
BRH:0
end_of_record
TN:
SF:src\billing\dto\create-invoice.dto.ts
FN:48,(anonymous_2)
FNF:1
FNH:0
FNDA:0,(anonymous_2)
DA:1,0
DA:2,0
DA:3,0
DA:5,0
DA:8,0
DA:13,0
DA:18,0
DA:23,0
DA:26,0
DA:29,0
DA:34,0
DA:38,0
DA:43,0
DA:48,0
DA:49,0
DA:54,0
DA:59,0
DA:64,0
DA:69,0
LF:19
LH:0
BRF:0
BRH:0
end_of_record
TN:
SF:src\billing\dto\create-payment.dto.ts
FNF:0
FNH:0
DA:1,0
DA:2,0
DA:4,0
DA:8,0
DA:12,0
DA:17,0
DA:22,0
LF:7
LH:0
BRF:0
BRH:0
end_of_record
TN:
SF:src\billing\dto\payment-webhook.dto.ts
FNF:0
FNH:0
DA:1,0
DA:2,0
DA:4,0
DA:7,0
DA:11,0
DA:15,0
DA:19,0
DA:23,0
LF:8
LH:0
BRF:0
BRH:0
end_of_record
TN:
SF:src\billing\dto\update-invoice.dto.ts
FN:4,(anonymous_2)
FNF:1
FNH:0
FNDA:0,(anonymous_2)
DA:1,0
DA:2,0
DA:4,0
DA:5,0
DA:6,0
DA:7,0
DA:10,0
DA:14,0
DA:19,0
LF:9
LH:0
BRDA:4,0,0,0
BRDA:4,0,1,0
BRF:2
BRH:0
end_of_record
TN:
SF:src\common\context\tenant-context.ts
FN:11,(anonymous_0)
FN:15,(anonymous_1)
FNF:2
FNH:0
FNDA:0,(anonymous_0)
FNDA:0,(anonymous_1)
DA:1,1
DA:8,1
DA:10,1
DA:12,0
DA:16,0
LF:5
LH:3
BRDA:12,0,0,0
BRDA:12,0,1,0
BRF:2
BRH:0
end_of_record
TN:
SF:src\common\decorators\current-user.decorator.ts
FN:4,(anonymous_0)
FNF:1
FNH:0
FNDA:0,(anonymous_0)
DA:1,0
DA:3,0
DA:5,0
DA:6,0
LF:4
LH:0
BRF:0
BRH:0
end_of_record
TN:
SF:src\common\decorators\tenant-id.decorator.ts
FN:4,(anonymous_0)
FNF:1
FNH:0
FNDA:0,(anonymous_0)
DA:1,0
DA:3,0
DA:5,0
DA:6,0
DA:7,0
DA:8,0
DA:10,0
LF:7
LH:0
BRDA:7,0,0,0
BRDA:7,1,0,0
BRDA:7,1,1,0
BRF:3
BRH:0
end_of_record
TN:
SF:src\common\dto\pagination-query.dto.ts
FN:5,(anonymous_2)
FN:41,(anonymous_3)
FN:12,(anonymous_4)
FN:19,(anonymous_5)
FNF:4
FNH:1
FNDA:1,(anonymous_2)
FNDA:0,(anonymous_3)
FNDA:0,(anonymous_4)
FNDA:0,(anonymous_5)
DA:1,1
DA:2,1
DA:3,1
DA:5,1
DA:6,1
DA:7,1
DA:10,1
DA:12,0
DA:16,1
DA:19,0
DA:24,1
DA:29,1
DA:34,1
DA:39,1
DA:42,0
LF:15
LH:12
BRDA:5,0,0,1
BRDA:5,0,1,1
BRF:2
BRH:2
end_of_record
TN:
SF:src\common\guards\csrf.guard.ts
FN:5,(anonymous_1)
FNF:1
FNH:0
FNDA:0,(anonymous_1)
DA:1,0
DA:4,0
DA:6,0
DA:7,0
DA:8,0
DA:9,0
DA:12,0
DA:14,0
DA:15,0
DA:18,0
DA:19,0
DA:21,0
DA:22,0
DA:25,0
LF:14
LH:0
BRDA:8,0,0,0
BRDA:12,1,0,0
BRDA:12,1,1,0
BRDA:14,2,0,0
BRDA:14,3,0,0
BRDA:14,3,1,0
BRDA:21,4,0,0
BRDA:21,5,0,0
BRDA:21,5,1,0
BRDA:21,5,2,0
BRF:10
BRH:0
end_of_record
TN:
SF:src\common\interceptors\tenant-context.interceptor.ts
FN:9,(anonymous_2)
FN:11,(anonymous_3)
FN:46,(anonymous_4)
FN:47,(anonymous_5)
FNF:4
FNH:0
FNDA:0,(anonymous_2)
FNDA:0,(anonymous_3)
FNDA:0,(anonymous_4)
FNDA:0,(anonymous_5)
DA:1,0
DA:2,0
DA:3,0
DA:4,0
DA:5,0
DA:8,0
DA:9,0
DA:12,0
DA:13,0
DA:15,0
DA:16,0
DA:19,0
DA:20,0
DA:23,0
DA:24,0
DA:25,0
DA:30,0
DA:31,0
DA:35,0
DA:36,0
DA:38,0
DA:43,0
DA:44,0
DA:46,0
DA:47,0
DA:48,0
LF:26
LH:0
BRDA:15,0,0,0
BRDA:15,1,0,0
BRDA:15,1,1,0
BRDA:19,2,0,0
BRDA:19,2,1,0
BRDA:23,3,0,0
BRDA:24,4,0,0
BRDA:24,5,0,0
BRDA:24,5,1,0
BRDA:30,6,0,0
BRDA:30,7,0,0
BRDA:30,7,1,0
BRDA:35,8,0,0
BRDA:44,9,0,0
BRDA:44,9,1,0
BRF:15
BRH:0
end_of_record
TN:
SF:src\common\utils\sort-order.ts
FN:3,buildOrderBy
FNF:1
FNH:1
FNDA:2,buildOrderBy
DA:3,1
DA:9,2
DA:10,2
LF:3
LH:3
BRDA:7,0,0,2
BRDA:9,1,0,1
BRDA:9,1,1,1
BRDA:9,2,0,2
BRDA:9,2,1,2
BRF:5
BRH:5
end_of_record
TN:
SF:src\config\env.validation.ts
FN:4,(anonymous_2)
FN:83,validate
FNF:2
FNH:0
FNDA:0,(anonymous_2)
FNDA:0,validate
DA:1,0
DA:2,0
DA:4,0
DA:5,0
DA:6,0
DA:7,0
DA:13,0
DA:17,0
DA:20,0
DA:23,0
DA:26,0
DA:29,0
DA:32,0
DA:35,0
DA:38,0
DA:41,0
DA:45,0
DA:49,0
DA:53,0
DA:57,0
DA:61,0
DA:65,0
DA:69,0
DA:73,0
DA:77,0
DA:80,0
DA:83,0
DA:84,0
DA:93,0
DA:95,0
DA:96,0
DA:98,0
LF:32
LH:0
BRDA:4,0,0,0
BRDA:4,0,1,0
BRDA:88,1,0,0
BRDA:88,1,1,0
BRDA:89,2,0,0
BRDA:89,2,1,0
BRDA:95,3,0,0
BRF:7
BRH:0
end_of_record
TN:
SF:src\crm\crm.module.ts
FNF:0
FNH:0
DA:1,0
DA:2,0
DA:3,0
DA:4,0
DA:5,0
DA:6,0
DA:7,0
DA:19,0
LF:8
LH:0
BRF:0
BRH:0
end_of_record
TN:
SF:src\crm\activities\activities.controller.ts
FN:15,(anonymous_4)
FN:20,(anonymous_5)
FN:27,(anonymous_6)
FN:38,(anonymous_7)
FN:44,(anonymous_8)
FN:54,(anonymous_9)
FNF:6
FNH:0
FNDA:0,(anonymous_4)
FNDA:0,(anonymous_5)
FNDA:0,(anonymous_6)
FNDA:0,(anonymous_7)
FNDA:0,(anonymous_8)
FNDA:0,(anonymous_9)
DA:1,0
DA:2,0
DA:3,0
DA:4,0
DA:5,0
DA:6,0
DA:7,0
DA:8,0
DA:14,0
DA:15,0
DA:20,0
DA:21,0
DA:27,0
DA:32,0
DA:33,0
DA:38,0
DA:39,0
DA:44,0
DA:49,0
DA:54,0
DA:55,0
LF:21
LH:0
BRDA:32,0,0,0
BRDA:32,0,1,0
BRDA:32,1,0,0
BRDA:32,1,1,0
BRF:4
BRH:0
end_of_record
TN:
SF:src\crm\activities\activities.module.ts
FNF:0
FNH:0
DA:1,0
DA:2,0
DA:3,0
DA:10,0
LF:4
LH:0
BRF:0
BRH:0
end_of_record
TN:
SF:src\crm\activities\activities.service.ts
FN:13,(anonymous_2)
FN:15,(anonymous_3)
FN:38,(anonymous_4)
FN:50,(anonymous_5)
FN:97,(anonymous_6)
FN:117,(anonymous_7)
FN:130,(anonymous_8)
FNF:7
FNH:0
FNDA:0,(anonymous_2)
FNDA:0,(anonymous_3)
FNDA:0,(anonymous_4)
FNDA:0,(anonymous_5)
FNDA:0,(anonymous_6)
FNDA:0,(anonymous_7)
FNDA:0,(anonymous_8)
DA:1,0
DA:2,0
DA:6,0
DA:9,0
DA:12,0
DA:13,0
DA:19,0
DA:20,0
DA:23,0
DA:24,0
DA:28,0
DA:29,0
DA:32,0
DA:33,0
DA:39,0
DA:41,0
DA:51,0
DA:53,0
DA:57,0
DA:58,0
DA:61,0
DA:62,0
DA:68,0
DA:86,0
DA:98,0
DA:110,0
DA:111,0
DA:114,0
DA:118,0
DA:119,0
DA:121,0
DA:131,0
DA:133,0
LF:33
LH:0
BRDA:19,0,0,0
BRDA:23,1,0,0
BRDA:28,2,0,0
BRDA:32,3,0,0
BRDA:44,4,0,0
BRDA:44,4,1,0
BRDA:57,5,0,0
BRDA:61,6,0,0
BRDA:110,7,0,0
BRDA:125,8,0,0
BRDA:125,8,1,0
BRF:11
BRH:0
end_of_record
TN:
SF:src\crm\activities\dto\create-activity.dto.ts
FNF:0
FNH:0
DA:1,0
DA:2,0
DA:3,0
DA:5,0
DA:8,0
DA:13,0
DA:18,0
DA:23,0
DA:28,0
DA:33,0
DA:38,0
LF:11
LH:0
BRF:0
BRH:0
end_of_record
TN:
SF:src\crm\activities\dto\update-activity.dto.ts
FNF:0
FNH:0
DA:1,0
DA:2,0
DA:4,0
LF:3
LH:0
BRF:0
BRH:0
end_of_record
TN:
SF:src\crm\companies\companies.controller.ts
FN:15,(anonymous_4)
FN:20,(anonymous_5)
FN:26,(anonymous_6)
FN:32,(anonymous_7)
FN:38,(anonymous_8)
FN:48,(anonymous_9)
FNF:6
FNH:0
FNDA:0,(anonymous_4)
FNDA:0,(anonymous_5)
FNDA:0,(anonymous_6)
FNDA:0,(anonymous_7)
FNDA:0,(anonymous_8)
FNDA:0,(anonymous_9)
DA:1,0
DA:2,0
DA:3,0
DA:4,0
DA:5,0
DA:6,0
DA:7,0
DA:8,0
DA:14,0
DA:15,0
DA:20,0
DA:21,0
DA:26,0
DA:27,0
DA:32,0
DA:33,0
DA:38,0
DA:43,0
DA:48,0
DA:49,0
LF:20
LH:0
BRF:0
BRH:0
end_of_record
TN:
SF:src\crm\companies\companies.module.ts
FNF:0
FNH:0
DA:1,0
DA:2,0
DA:3,0
DA:10,0
LF:4
LH:0
BRF:0
BRH:0
end_of_record
TN:
SF:src\crm\companies\companies.service.ts
FN:13,(anonymous_2)
FN:15,(anonymous_3)
FN:24,(anonymous_4)
FN:59,(anonymous_5)
FN:71,(anonymous_6)
FN:80,(anonymous_7)
FNF:6
FNH:0
FNDA:0,(anonymous_2)
FNDA:0,(anonymous_3)
FNDA:0,(anonymous_4)
FNDA:0,(anonymous_5)
FNDA:0,(anonymous_6)
FNDA:0,(anonymous_7)
DA:1,0
DA:2,0
DA:6,0
DA:9,0
DA:12,0
DA:13,0
DA:16,0
DA:25,0
DA:27,0
DA:31,0
DA:32,0
DA:38,0
DA:48,0
DA:60,0
DA:64,0
DA:65,0
DA:68,0
DA:72,0
DA:74,0
DA:81,0
DA:83,0
LF:21
LH:0
BRDA:31,0,0,0
BRDA:64,1,0,0
BRF:2
BRH:0
end_of_record
TN:
SF:src\crm\companies\dto\create-company.dto.ts
FNF:0
FNH:0
DA:1,0
DA:2,0
DA:4,0
DA:8,0
DA:13,0
DA:18,0
DA:23,0
LF:7
LH:0
BRF:0
BRH:0
end_of_record
TN:
SF:src\crm\companies\dto\update-company.dto.ts
FNF:0
FNH:0
DA:1,0
DA:2,0
DA:4,0
LF:3
LH:0
BRF:0
BRH:0
end_of_record
TN:
SF:src\crm\contacts\contacts.controller.ts
FN:15,(anonymous_4)
FN:20,(anonymous_5)
FN:26,(anonymous_6)
FN:32,(anonymous_7)
FN:38,(anonymous_8)
FN:48,(anonymous_9)
FNF:6
FNH:0
FNDA:0,(anonymous_4)
FNDA:0,(anonymous_5)
FNDA:0,(anonymous_6)
FNDA:0,(anonymous_7)
FNDA:0,(anonymous_8)
FNDA:0,(anonymous_9)
DA:1,0
DA:2,0
DA:3,0
DA:4,0
DA:5,0
DA:6,0
DA:7,0
DA:8,0
DA:14,0
DA:15,0
DA:20,0
DA:21,0
DA:26,0
DA:27,0
DA:32,0
DA:33,0
DA:38,0
DA:43,0
DA:48,0
DA:49,0
LF:20
LH:0
BRF:0
BRH:0
end_of_record
TN:
SF:src\crm\contacts\contacts.module.ts
FNF:0
FNH:0
DA:1,0
DA:2,0
DA:3,0
DA:10,0
LF:4
LH:0
BRF:0
BRH:0
end_of_record
TN:
SF:src\crm\contacts\contacts.service.ts
FN:13,(anonymous_2)
FN:15,(anonymous_3)
FN:27,(anonymous_4)
FN:38,(anonymous_5)
FN:81,(anonymous_6)
FN:98,(anonymous_7)
FN:108,(anonymous_8)
FNF:7
FNH:0
FNDA:0,(anonymous_2)
FNDA:0,(anonymous_3)
FNDA:0,(anonymous_4)
FNDA:0,(anonymous_5)
FNDA:0,(anonymous_6)
FNDA:0,(anonymous_7)
FNDA:0,(anonymous_8)
DA:1,0
DA:2,0
DA:6,0
DA:9,0
DA:12,0
DA:13,0
DA:16,0
DA:18,0
DA:22,0
DA:23,0
DA:28,0
DA:30,0
DA:39,0
DA:41,0
DA:45,0
DA:46,0
DA:55,0
DA:70,0
DA:82,0
DA:91,0
DA:92,0
DA:95,0
DA:99,0
DA:100,0
DA:102,0
DA:109,0
DA:111,0
LF:27
LH:0
BRDA:16,0,0,0
BRDA:22,1,0,0
BRDA:45,2,0,0
BRDA:91,3,0,0
BRF:4
BRH:0
end_of_record
TN:
SF:src\crm\contacts\dto\create-contact.dto.ts
FNF:0
FNH:0
DA:1,0
DA:2,0
DA:4,0
DA:8,0
DA:13,0
DA:18,0
DA:23,0
DA:28,0
LF:8
LH:0
BRF:0
BRH:0
end_of_record
TN:
SF:src\crm\contacts\dto\update-contact.dto.ts
FNF:0
FNH:0
DA:1,0
DA:2,0
DA:4,0
LF:3
LH:0
BRF:0
BRH:0
end_of_record
TN:
SF:src\crm\deals\deals.controller.ts
FN:15,(anonymous_4)
FN:20,(anonymous_5)
FN:28,(anonymous_6)
FN:39,(anonymous_7)
FN:45,(anonymous_8)
FN:55,(anonymous_9)
FNF:6
FNH:0
FNDA:0,(anonymous_4)
FNDA:0,(anonymous_5)
FNDA:0,(anonymous_6)
FNDA:0,(anonymous_7)
FNDA:0,(anonymous_8)
FNDA:0,(anonymous_9)
DA:1,0
DA:2,0
DA:3,0
DA:4,0
DA:5,0
DA:6,0
DA:7,0
DA:8,0
DA:14,0
DA:15,0
DA:20,0
DA:21,0
DA:28,0
DA:34,0
DA:39,0
DA:40,0
DA:45,0
DA:50,0
DA:55,0
DA:56,0
LF:20
LH:0
BRF:0
BRH:0
end_of_record
TN:
SF:src\crm\deals\deals.module.ts
FNF:0
FNH:0
DA:1,0
DA:2,0
DA:3,0
DA:10,0
LF:4
LH:0
BRF:0
BRH:0
end_of_record
TN:
SF:src\crm\deals\deals.service.ts
FN:13,(anonymous_2)
FN:15,(anonymous_3)
FN:50,(anonymous_4)
FN:61,(anonymous_5)
FN:119,(anonymous_6)
FN:142,(anonymous_7)
FN:152,(anonymous_8)
FNF:7
FNH:0
FNDA:0,(anonymous_2)
FNDA:0,(anonymous_3)
FNDA:0,(anonymous_4)
FNDA:0,(anonymous_5)
FNDA:0,(anonymous_6)
FNDA:0,(anonymous_7)
FNDA:0,(anonymous_8)
DA:1,0
DA:2,0
DA:6,0
DA:9,0
DA:12,0
DA:13,0
DA:19,0
DA:20,0
DA:26,0
DA:27,0
DA:31,0
DA:32,0
DA:35,0
DA:36,0
DA:40,0
DA:41,0
DA:44,0
DA:45,0
DA:51,0
DA:53,0
DA:62,0
DA:63,0
DA:64,0
DA:66,0
DA:70,0
DA:71,0
DA:74,0
DA:75,0
DA:78,0
DA:79,0
DA:87,0
DA:108,0
DA:120,0
DA:135,0
DA:136,0
DA:139,0
DA:143,0
DA:144,0
DA:146,0
DA:153,0
DA:155,0
LF:41
LH:0
BRDA:19,0,0,0
BRDA:26,1,0,0
BRDA:31,2,0,0
BRDA:35,3,0,0
BRDA:40,4,0,0
BRDA:44,5,0,0
BRDA:70,6,0,0
BRDA:74,7,0,0
BRDA:78,8,0,0
BRDA:135,9,0,0
BRF:10
BRH:0
end_of_record
TN:
SF:src\crm\deals\dto\create-deal.dto.ts
FNF:0
FNH:0
DA:1,0
DA:2,0
DA:3,0
DA:5,0
DA:9,0
DA:15,0
DA:20,0
DA:25,0
DA:30,0
DA:35,0
LF:10
LH:0
BRF:0
BRH:0
end_of_record
TN:
SF:src\crm\deals\dto\update-deal.dto.ts
FNF:0
FNH:0
DA:1,0
DA:2,0
DA:4,0
LF:3
LH:0
BRF:0
BRH:0
end_of_record
TN:
SF:src\crm\notes\notes.controller.ts
FN:15,(anonymous_4)
FN:20,(anonymous_5)
FN:26,(anonymous_6)
FN:32,(anonymous_7)
FN:38,(anonymous_8)
FN:48,(anonymous_9)
FNF:6
FNH:0
FNDA:0,(anonymous_4)
FNDA:0,(anonymous_5)
FNDA:0,(anonymous_6)
FNDA:0,(anonymous_7)
FNDA:0,(anonymous_8)
FNDA:0,(anonymous_9)
DA:1,0
DA:2,0
DA:3,0
DA:4,0
DA:5,0
DA:6,0
DA:7,0
DA:8,0
DA:14,0
DA:15,0
DA:20,0
DA:21,0
DA:26,0
DA:27,0
DA:32,0
DA:33,0
DA:38,0
DA:43,0
DA:48,0
DA:49,0
LF:20
LH:0
BRF:0
BRH:0
end_of_record
TN:
SF:src\crm\notes\notes.module.ts
FNF:0
FNH:0
DA:1,0
DA:2,0
DA:3,0
DA:10,0
LF:4
LH:0
BRF:0
BRH:0
end_of_record
TN:
SF:src\crm\notes\notes.service.ts
FN:13,(anonymous_2)
FN:15,(anonymous_3)
FN:38,(anonymous_4)
FN:49,(anonymous_5)
FN:89,(anonymous_6)
FN:109,(anonymous_7)
FN:119,(anonymous_8)
FNF:7
FNH:0
FNDA:0,(anonymous_2)
FNDA:0,(anonymous_3)
FNDA:0,(anonymous_4)
FNDA:0,(anonymous_5)
FNDA:0,(anonymous_6)
FNDA:0,(anonymous_7)
FNDA:0,(anonymous_8)
DA:1,0
DA:2,0
DA:6,0
DA:9,0
DA:12,0
DA:13,0
DA:19,0
DA:20,0
DA:23,0
DA:24,0
DA:28,0
DA:29,0
DA:32,0
DA:33,0
DA:39,0
DA:41,0
DA:50,0
DA:52,0
DA:56,0
DA:57,0
DA:60,0
DA:78,0
DA:90,0
DA:102,0
DA:103,0
DA:106,0
DA:110,0
DA:111,0
DA:113,0
DA:120,0
DA:122,0
LF:31
LH:0
BRDA:19,0,0,0
BRDA:23,1,0,0
BRDA:28,2,0,0
BRDA:32,3,0,0
BRDA:56,4,0,0
BRDA:102,5,0,0
BRF:6
BRH:0
end_of_record
TN:
SF:src\crm\notes\dto\create-note.dto.ts
FNF:0
FNH:0
DA:1,0
DA:2,0
DA:4,0
DA:8,0
DA:13,0
DA:18,0
LF:6
LH:0
BRF:0
BRH:0
end_of_record
TN:
SF:src\crm\notes\dto\update-note.dto.ts
FNF:0
FNH:0
DA:1,0
DA:2,0
DA:4,0
LF:3
LH:0
BRF:0
BRH:0
end_of_record
TN:
SF:src\crm\pipelines\pipelines.controller.ts
FN:14,(anonymous_4)
FN:19,(anonymous_5)
FN:25,(anonymous_6)
FN:31,(anonymous_7)
FN:37,(anonymous_8)
FN:47,(anonymous_9)
FNF:6
FNH:0
FNDA:0,(anonymous_4)
FNDA:0,(anonymous_5)
FNDA:0,(anonymous_6)
FNDA:0,(anonymous_7)
FNDA:0,(anonymous_8)
FNDA:0,(anonymous_9)
DA:1,0
DA:2,0
DA:3,0
DA:4,0
DA:5,0
DA:6,0
DA:7,0
DA:13,0
DA:14,0
DA:19,0
DA:20,0
DA:25,0
DA:26,0
DA:31,0
DA:32,0
DA:37,0
DA:42,0
DA:47,0
DA:48,0
LF:19
LH:0
BRF:0
BRH:0
end_of_record
TN:
SF:src\crm\pipelines\pipelines.module.ts
FNF:0
FNH:0
DA:1,0
DA:2,0
DA:3,0
DA:10,0
LF:4
LH:0
BRF:0
BRH:0
end_of_record
TN:
SF:src\crm\pipelines\pipelines.service.ts
FN:8,(anonymous_2)
FN:10,(anonymous_3)
FN:11,(anonymous_4)
FN:30,(anonymous_5)
FN:45,(anonymous_6)
FN:54,(anonymous_7)
FN:95,(anonymous_8)
FN:115,(anonymous_9)
FN:124,(anonymous_10)
FNF:9
FNH:0
FNDA:0,(anonymous_2)
FNDA:0,(anonymous_3)
FNDA:0,(anonymous_4)
FNDA:0,(anonymous_5)
FNDA:0,(anonymous_6)
FNDA:0,(anonymous_7)
FNDA:0,(anonymous_8)
FNDA:0,(anonymous_9)
FNDA:0,(anonymous_10)
DA:1,0
DA:2,0
DA:7,0
DA:8,0
DA:11,0
DA:12,0
DA:19,0
DA:29,0
DA:31,0
DA:41,0
DA:46,0
DA:55,0
DA:72,0
DA:73,0
DA:74,0
DA:92,0
DA:96,0
DA:108,0
DA:109,0
DA:112,0
DA:116,0
DA:118,0
DA:125,0
DA:127,0
LF:24
LH:0
BRDA:72,0,0,0
BRDA:108,1,0,0
BRF:2
BRH:0
end_of_record
TN:
SF:src\crm\pipelines\dto\create-pipeline.dto.ts
FNF:0
FNH:0
DA:1,0
DA:2,0
DA:4,0
DA:8,0
LF:4
LH:0
BRF:0
BRH:0
end_of_record
TN:
SF:src\crm\pipelines\dto\update-pipeline.dto.ts
FNF:0
FNH:0
DA:1,0
DA:2,0
DA:4,0
LF:3
LH:0
BRF:0
BRH:0
end_of_record
TN:
SF:src\database\database.module.ts
FNF:0
FNH:0
DA:1,0
DA:2,0
DA:9,0
LF:3
LH:0
BRF:0
BRH:0
end_of_record
TN:
SF:src\database\prisma.service.ts
FN:10,(anonymous_2)
FN:17,(anonymous_3)
FN:48,(anonymous_4)
FN:69,(anonymous_5)
FN:74,(anonymous_6)
FN:78,(anonymous_7)
FNF:6
FNH:0
FNDA:0,(anonymous_2)
FNDA:0,(anonymous_3)
FNDA:0,(anonymous_4)
FNDA:0,(anonymous_5)
FNDA:0,(anonymous_6)
FNDA:0,(anonymous_7)
DA:1,1
DA:2,1
DA:3,1
DA:6,1
DA:7,0
DA:11,0
DA:14,0
DA:18,0
DA:19,0
DA:20,0
DA:22,0
DA:24,0
DA:26,0
DA:31,0
DA:34,0
DA:35,0
DA:36,0
DA:43,0
DA:47,0
DA:49,0
DA:58,0
DA:60,0
DA:61,0
DA:62,0
DA:64,0
DA:70,0
DA:71,0
DA:75,0
DA:79,0
DA:101,0
DA:102,0
DA:104,0
DA:105,0
DA:108,0
DA:111,0
DA:119,0
DA:121,0
LF:37
LH:4
BRDA:19,0,0,0
BRDA:19,0,1,0
BRDA:20,1,0,0
BRDA:20,1,1,0
BRDA:24,2,0,0
BRDA:24,2,1,0
BRDA:49,3,0,0
BRDA:50,4,0,0
BRDA:50,4,1,0
BRDA:50,4,2,0
BRDA:50,4,3,0
BRDA:50,4,4,0
BRDA:50,4,5,0
BRDA:50,4,6,0
BRDA:61,5,0,0
BRF:15
BRH:0
end_of_record
TN:
SF:src\enterprise\enterprise.controller.ts
FN:16,(anonymous_4)
FN:20,(anonymous_5)
FN:29,(anonymous_6)
FN:37,(anonymous_7)
FN:46,(anonymous_8)
FN:54,(anonymous_9)
FNF:6
FNH:0
FNDA:0,(anonymous_4)
FNDA:0,(anonymous_5)
FNDA:0,(anonymous_6)
FNDA:0,(anonymous_7)
FNDA:0,(anonymous_8)
FNDA:0,(anonymous_9)
DA:1,0
DA:2,0
DA:3,0
DA:4,0
DA:5,0
DA:6,0
DA:7,0
DA:8,0
DA:9,0
DA:15,0
DA:16,0
DA:20,0
DA:22,0
DA:23,0
DA:29,0
DA:30,0
DA:31,0
DA:37,0
DA:39,0
DA:40,0
DA:46,0
DA:47,0
DA:48,0
DA:54,0
DA:55,0
DA:56,0
LF:26
LH:0
BRDA:22,0,0,0
BRDA:22,0,1,0
BRDA:30,1,0,0
BRDA:30,1,1,0
BRDA:39,2,0,0
BRDA:39,2,1,0
BRDA:47,3,0,0
BRDA:47,3,1,0
BRDA:55,4,0,0
BRDA:55,4,1,0
BRF:10
BRH:0
end_of_record
TN:
SF:src\enterprise\enterprise.module.ts
FNF:0
FNH:0
DA:1,0
DA:2,0
DA:3,0
DA:4,0
DA:12,0
LF:5
LH:0
BRF:0
BRH:0
end_of_record
TN:
SF:src\enterprise\enterprise.service.ts
FN:8,(anonymous_2)
FN:10,(anonymous_3)
FN:32,(anonymous_4)
FN:61,(anonymous_5)
FN:71,(anonymous_6)
FN:125,(anonymous_7)
FN:145,(anonymous_8)
FN:176,(anonymous_9)
FN:237,(anonymous_10)
FN:243,(anonymous_11)
FN:293,(anonymous_12)
FN:311,(anonymous_13)
FNF:12
FNH:0
FNDA:0,(anonymous_2)
FNDA:0,(anonymous_3)
FNDA:0,(anonymous_4)
FNDA:0,(anonymous_5)
FNDA:0,(anonymous_6)
FNDA:0,(anonymous_7)
FNDA:0,(anonymous_8)
FNDA:0,(anonymous_9)
FNDA:0,(anonymous_10)
FNDA:0,(anonymous_11)
FNDA:0,(anonymous_12)
FNDA:0,(anonymous_13)
DA:1,0
DA:2,0
DA:3,0
DA:4,0
DA:7,0
DA:8,0
DA:11,0
DA:25,0
DA:26,0
DA:29,0
DA:39,0
DA:62,0
DA:67,0
DA:68,0
DA:71,0
DA:74,0
DA:79,0
DA:80,0
DA:81,0
DA:82,0
DA:87,0
DA:92,0
DA:93,0
DA:94,0
DA:95,0
DA:100,0
DA:108,0
DA:109,0
DA:110,0
DA:111,0
DA:116,0
DA:120,0
DA:121,0
DA:122,0
DA:125,0
DA:126,0
DA:127,0
DA:128,0
DA:129,0
DA:131,0
DA:157,0
DA:160,0
DA:161,0
DA:165,0
DA:168,0
DA:169,0
DA:173,0
DA:176,0
DA:178,0
DA:191,0
DA:203,0
DA:207,0
DA:208,0
DA:218,0
DA:227,0
DA:238,0
DA:243,0
DA:245,0
DA:246,0
DA:255,0
DA:259,0
DA:264,0
DA:272,0
DA:273,0
DA:274,0
DA:275,0
DA:280,0
DA:285,0
DA:286,0
DA:287,0
DA:288,0
DA:292,0
DA:293,0
DA:294,0
DA:295,0
DA:296,0
DA:298,0
DA:306,0
DA:311,0
LF:79
LH:0
BRDA:25,0,0,0
BRDA:67,1,0,0
BRDA:81,2,0,0
BRDA:94,3,0,0
BRDA:110,4,0,0
BRDA:111,5,0,0
BRDA:111,5,1,0
BRDA:126,6,0,0
BRDA:126,6,1,0
BRDA:127,7,0,0
BRDA:127,7,1,0
BRDA:128,8,0,0
BRDA:128,8,1,0
BRDA:138,9,0,0
BRDA:138,9,1,0
BRDA:139,10,0,0
BRDA:139,10,1,0
BRDA:160,11,0,0
BRDA:168,12,0,0
BRDA:184,13,0,0
BRDA:184,13,1,0
BRDA:185,14,0,0
BRDA:185,14,1,0
BRDA:196,15,0,0
BRDA:196,15,1,0
BRDA:207,16,0,0
BRDA:245,17,0,0
BRDA:274,18,0,0
BRDA:275,19,0,0
BRDA:275,19,1,0
BRDA:287,20,0,0
BRDA:294,21,0,0
BRDA:294,21,1,0
BRDA:295,22,0,0
BRDA:295,22,1,0
BRF:35
BRH:0
end_of_record
TN:
SF:src\enterprise\dto\create-child-tenant.dto.ts
FNF:0
FNH:0
DA:1,0
DA:2,0
DA:4,0
DA:8,0
DA:13,0
DA:17,0
DA:22,0
DA:27,0
DA:32,0
DA:37,0
DA:43,0
DA:49,0
LF:12
LH:0
BRF:0
BRH:0
end_of_record
TN:
SF:src\enterprise\dto\update-branding.dto.ts
FNF:0
FNH:0
DA:1,0
DA:2,0
DA:4,0
DA:8,0
DA:14,0
DA:20,0
DA:25,0
DA:30,0
LF:8
LH:0
BRF:0
BRH:0
end_of_record
TN:
SF:src\health\health.controller.ts
FN:10,(anonymous_2)
FNF:1
FNH:0
FNDA:0,(anonymous_2)
DA:1,0
DA:2,0
DA:6,0
DA:10,0
DA:11,0
LF:5
LH:0
BRF:0
BRH:0
end_of_record
TN:
SF:src\health\health.module.ts
FNF:0
FNH:0
DA:1,0
DA:2,0
DA:7,0
LF:3
LH:0
BRF:0
BRH:0
end_of_record
TN:
SF:src\leads\leads.controller.ts
FN:16,(anonymous_4)
FN:21,(anonymous_5)
FN:30,(anonymous_6)
FN:42,(anonymous_7)
FN:48,(anonymous_8)
FN:58,(anonymous_9)
FN:64,(anonymous_10)
FN:70,(anonymous_11)
FNF:8
FNH:0
FNDA:0,(anonymous_4)
FNDA:0,(anonymous_5)
FNDA:0,(anonymous_6)
FNDA:0,(anonymous_7)
FNDA:0,(anonymous_8)
FNDA:0,(anonymous_9)
FNDA:0,(anonymous_10)
FNDA:0,(anonymous_11)
DA:1,0
DA:2,0
DA:3,0
DA:4,0
DA:5,0
DA:6,0
DA:7,0
DA:8,0
DA:9,0
DA:15,0
DA:16,0
DA:21,0
DA:22,0
DA:30,0
DA:37,0
DA:42,0
DA:43,0
DA:48,0
DA:53,0
DA:58,0
DA:59,0
DA:64,0
DA:65,0
DA:70,0
DA:75,0
LF:25
LH:0
BRF:0
BRH:0
end_of_record
TN:
SF:src\leads\leads.module.ts
FNF:0
FNH:0
DA:1,0
DA:2,0
DA:3,0
DA:10,0
LF:4
LH:0
BRF:0
BRH:0
end_of_record
TN:
SF:src\leads\leads.service.ts
FN:10,(anonymous_2)
FN:12,(anonymous_3)
FN:34,(anonymous_4)
FN:65,(anonymous_5)
FN:94,(anonymous_6)
FN:106,(anonymous_7)
FN:123,(anonymous_8)
FN:139,(anonymous_9)
FN:195,(anonymous_10)
FN:212,(anonymous_11)
FN:244,(anonymous_12)
FN:252,(anonymous_13)
FN:259,(anonymous_14)
FN:308,(anonymous_15)
FNF:14
FNH:0
FNDA:0,(anonymous_2)
FNDA:0,(anonymous_3)
FNDA:0,(anonymous_4)
FNDA:0,(anonymous_5)
FNDA:0,(anonymous_6)
FNDA:0,(anonymous_7)
FNDA:0,(anonymous_8)
FNDA:0,(anonymous_9)
FNDA:0,(anonymous_10)
FNDA:0,(anonymous_11)
FNDA:0,(anonymous_12)
FNDA:0,(anonymous_13)
FNDA:0,(anonymous_14)
FNDA:0,(anonymous_15)
DA:1,0
DA:2,0
DA:6,0
DA:9,0
DA:10,0
DA:13,0
DA:14,0
DA:15,0
DA:16,0
DA:17,0
DA:18,0
DA:19,0
DA:22,0
DA:23,0
DA:25,0
DA:26,0
DA:28,0
DA:29,0
DA:31,0
DA:35,0
DA:36,0
DA:38,0
DA:39,0
DA:41,0
DA:42,0
DA:43,0
DA:46,0
DA:52,0
DA:55,0
DA:62,0
DA:67,0
DA:77,0
DA:78,0
DA:88,0
DA:89,0
DA:94,0
DA:95,0
DA:105,0
DA:106,0
DA:110,0
DA:111,0
DA:112,0
DA:113,0
DA:114,0
DA:115,0
DA:116,0
DA:119,0
DA:124,0
DA:125,0
DA:126,0
DA:128,0
DA:144,0
DA:146,0
DA:150,0
DA:151,0
DA:153,0
DA:154,0
DA:156,0
DA:157,0
DA:160,0
DA:161,0
DA:169,0
DA:184,0
DA:196,0
DA:205,0
DA:206,0
DA:209,0
DA:213,0
DA:216,0
DA:217,0
DA:219,0
DA:220,0
DA:221,0
DA:222,0
DA:225,0
DA:226,0
DA:234,0
DA:245,0
DA:247,0
DA:253,0
DA:255,0
DA:256,0
DA:259,0
DA:263,0
DA:264,0
DA:270,0
DA:274,0
DA:286,0
DA:291,0
DA:293,0
DA:297,0
DA:307,0
DA:309,0
DA:315,0
DA:321,0
DA:322,0
DA:323,0
DA:327,0
DA:340,0
DA:347,0
LF:100
LH:0
BRDA:14,0,0,0
BRDA:18,1,0,0
BRDA:18,2,0,0
BRDA:18,2,1,0
BRDA:22,3,0,0
BRDA:25,4,0,0
BRDA:28,5,0,0
BRDA:35,6,0,0
BRDA:36,7,0,0
BRDA:36,8,0,0
BRDA:36,8,1,0
BRDA:38,9,0,0
BRDA:38,9,1,0
BRDA:39,10,0,0
BRDA:39,10,1,0
BRDA:42,11,0,0
BRDA:43,12,0,0
BRDA:52,13,0,0
BRDA:77,14,0,0
BRDA:88,15,0,0
BRDA:113,16,0,0
BRDA:113,16,1,0
BRDA:114,17,0,0
BRDA:150,18,0,0
BRDA:153,19,0,0
BRDA:156,20,0,0
BRDA:160,21,0,0
BRDA:180,22,0,0
BRDA:180,22,1,0
BRDA:205,23,0,0
BRDA:219,24,0,0
BRDA:219,25,0,0
BRDA:219,25,1,0
BRDA:220,26,0,0
BRDA:220,26,1,0
BRDA:220,27,0,0
BRDA:220,27,1,0
BRDA:221,28,0,0
BRDA:221,28,1,0
BRDA:221,29,0,0
BRDA:221,29,1,0
BRDA:225,30,0,0
BRDA:225,31,0,0
BRDA:225,31,1,0
BRDA:225,31,2,0
BRDA:225,31,3,0
BRDA:227,32,0,0
BRDA:227,32,1,0
BRDA:227,33,0,0
BRDA:227,33,1,0
BRDA:228,34,0,0
BRDA:228,34,1,0
BRDA:228,35,0,0
BRDA:228,35,1,0
BRDA:229,36,0,0
BRDA:229,36,1,0
BRDA:229,37,0,0
BRDA:229,37,1,0
BRDA:230,38,0,0
BRDA:230,38,1,0
BRDA:230,39,0,0
BRDA:230,39,1,0
BRDA:255,40,0,0
BRDA:263,41,0,0
BRDA:291,42,0,0
BRDA:322,43,0,0
BRDA:329,44,0,0
BRDA:329,44,1,0
BRDA:329,45,0,0
BRDA:329,45,1,0
BRF:70
BRH:0
end_of_record
TN:
SF:src\leads\dto\create-lead.dto.ts
FNF:0
FNH:0
DA:1,0
DA:2,0
DA:4,0
DA:7,0
DA:12,0
DA:17,0
DA:22,0
DA:27,0
DA:32,0
LF:9
LH:0
BRF:0
BRH:0
end_of_record
TN:
SF:src\leads\dto\update-lead.dto.ts
FNF:0
FNH:0
DA:1,0
DA:2,0
DA:3,0
DA:5,0
DA:9,0
DA:14,0
DA:19,0
DA:24,0
DA:29,0
DA:34,0
DA:39,0
DA:44,0
DA:49,0
DA:54,0
LF:14
LH:0
BRF:0
BRH:0
end_of_record
TN:
SF:src\redis\redis.module.ts
FNF:0
FNH:0
DA:1,0
DA:2,0
DA:9,0
LF:3
LH:0
BRF:0
BRH:0
end_of_record
TN:
SF:src\redis\redis.service.ts
FN:9,(anonymous_2)
FN:11,(anonymous_3)
FN:22,(anonymous_4)
FN:28,(anonymous_5)
FN:32,(anonymous_6)
FN:40,(anonymous_7)
FN:44,(anonymous_8)
FN:49,(anonymous_9)
FN:54,(anonymous_10)
FNF:9
FNH:0
FNDA:0,(anonymous_2)
FNDA:0,(anonymous_3)
FNDA:0,(anonymous_4)
FNDA:0,(anonymous_5)
FNDA:0,(anonymous_6)
FNDA:0,(anonymous_7)
FNDA:0,(anonymous_8)
FNDA:0,(anonymous_9)
FNDA:0,(anonymous_10)
DA:1,1
DA:2,1
DA:3,1
DA:6,1
DA:9,0
DA:12,0
DA:13,0
DA:15,0
DA:23,0
DA:24,0
DA:29,0
DA:33,0
DA:34,0
DA:36,0
DA:41,0
DA:45,0
DA:50,0
DA:55,0
LF:18
LH:4
BRDA:12,0,0,0
BRDA:12,0,1,0
BRDA:13,1,0,0
BRDA:13,1,1,0
BRDA:23,2,0,0
BRDA:33,3,0,0
BRDA:33,3,1,0
BRF:7
BRH:0
end_of_record
TN:
SF:src\whatsapp\whatsapp.controller.ts
FN:17,(anonymous_4)
FN:25,(anonymous_5)
FN:38,(anonymous_6)
FN:52,(anonymous_7)
FN:65,(anonymous_8)
FN:74,(anonymous_9)
FN:86,(anonymous_10)
FN:98,(anonymous_11)
FN:107,(anonymous_12)
FN:118,(anonymous_13)
FN:126,(anonymous_14)
FN:136,(anonymous_15)
FNF:12
FNH:0
FNDA:0,(anonymous_4)
FNDA:0,(anonymous_5)
FNDA:0,(anonymous_6)
FNDA:0,(anonymous_7)
FNDA:0,(anonymous_8)
FNDA:0,(anonymous_9)
FNDA:0,(anonymous_10)
FNDA:0,(anonymous_11)
FNDA:0,(anonymous_12)
FNDA:0,(anonymous_13)
FNDA:0,(anonymous_14)
FNDA:0,(anonymous_15)
DA:1,0
DA:2,0
DA:3,0
DA:4,0
DA:5,0
DA:6,0
DA:7,0
DA:8,0
DA:9,0
DA:10,0
DA:16,0
DA:17,0
DA:25,0
DA:29,0
DA:38,0
DA:43,0
DA:52,0
DA:57,0
DA:65,0
DA:66,0
DA:74,0
DA:78,0
DA:86,0
DA:90,0
DA:98,0
DA:99,0
DA:107,0
DA:111,0
DA:118,0
DA:119,0
DA:126,0
DA:127,0
DA:136,0
DA:140,0
LF:34
LH:0
BRF:0
BRH:0
end_of_record
TN:
SF:src\whatsapp\whatsapp.module.ts
FNF:0
FNH:0
DA:1,0
DA:2,0
DA:3,0
DA:10,0
LF:4
LH:0
BRF:0
BRH:0
end_of_record
TN:
SF:src\whatsapp\whatsapp.service.ts
FN:25,(anonymous_2)
FN:29,(anonymous_3)
FN:36,(anonymous_4)
FN:85,(anonymous_5)
FN:124,(anonymous_6)
FN:182,(anonymous_7)
FN:190,(anonymous_8)
FN:212,(anonymous_9)
FN:227,(anonymous_10)
FN:238,(anonymous_11)
FN:276,(anonymous_12)
FN:352,(anonymous_13)
FN:366,(anonymous_14)
FN:454,(anonymous_15)
FN:459,(anonymous_16)
FN:470,(anonymous_17)
FN:473,(anonymous_18)
FN:477,(anonymous_19)
FN:482,(anonymous_20)
FN:510,(anonymous_21)
FN:527,(anonymous_22)
FN:546,(anonymous_23)
FN:572,(anonymous_24)
FN:605,(anonymous_25)
FN:606,(anonymous_26)
FN:615,(anonymous_27)
FN:626,(anonymous_28)
FN:632,(anonymous_29)
FNF:28
FNH:0
FNDA:0,(anonymous_2)
FNDA:0,(anonymous_3)
FNDA:0,(anonymous_4)
FNDA:0,(anonymous_5)
FNDA:0,(anonymous_6)
FNDA:0,(anonymous_7)
FNDA:0,(anonymous_8)
FNDA:0,(anonymous_9)
FNDA:0,(anonymous_10)
FNDA:0,(anonymous_11)
FNDA:0,(anonymous_12)
FNDA:0,(anonymous_13)
FNDA:0,(anonymous_14)
FNDA:0,(anonymous_15)
FNDA:0,(anonymous_16)
FNDA:0,(anonymous_17)
FNDA:0,(anonymous_18)
FNDA:0,(anonymous_19)
FNDA:0,(anonymous_20)
FNDA:0,(anonymous_21)
FNDA:0,(anonymous_22)
FNDA:0,(anonymous_23)
FNDA:0,(anonymous_24)
FNDA:0,(anonymous_25)
FNDA:0,(anonymous_26)
FNDA:0,(anonymous_27)
FNDA:0,(anonymous_28)
FNDA:0,(anonymous_29)
DA:1,0
DA:2,0
DA:3,0
DA:4,0
DA:5,0
DA:11,0
DA:22,0
DA:23,0
DA:26,0
DA:30,0
DA:31,0
DA:32,0
DA:37,0
DA:39,0
DA:43,0
DA:44,0
DA:58,0
DA:73,0
DA:87,0
DA:91,0
DA:92,0
DA:95,0
DA:97,0
DA:112,0
DA:131,0
DA:135,0
DA:137,0
DA:141,0
DA:151,0
DA:154,0
DA:170,0
DA:178,0
DA:183,0
DA:191,0
DA:195,0
DA:196,0
DA:199,0
DA:213,0
DA:217,0
DA:218,0
DA:221,0
DA:228,0
DA:239,0
DA:243,0
DA:244,0
DA:248,0
DA:262,0
DA:269,0
DA:270,0
DA:272,0
DA:278,0
DA:282,0
DA:284,0
DA:288,0
DA:299,0
DA:310,0
DA:311,0
DA:312,0
DA:314,0
DA:315,0
DA:316,0
DA:317,0
DA:318,0
DA:319,0
DA:320,0
DA:321,0
DA:322,0
DA:324,0
DA:328,0
DA:339,0
DA:348,0
DA:353,0
DA:354,0
DA:355,0
DA:357,0
DA:359,0
DA:360,0
DA:362,0
DA:367,0
DA:368,0
DA:369,0
DA:373,0
DA:374,0
DA:375,0
DA:378,0
DA:379,0
DA:380,0
DA:385,0
DA:386,0
DA:388,0
DA:389,0
DA:394,0
DA:395,0
DA:397,0
DA:400,0
DA:401,0
DA:402,0
DA:403,0
DA:406,0
DA:407,0
DA:408,0
DA:409,0
DA:411,0
DA:412,0
DA:413,0
DA:417,0
DA:419,0
DA:420,0
DA:423,0
DA:424,0
DA:425,0
DA:426,0
DA:428,0
DA:429,0
DA:433,0
DA:434,0
DA:435,0
DA:436,0
DA:438,0
DA:441,0
DA:445,0
DA:446,0
DA:450,0
DA:455,0
DA:460,0
DA:461,0
DA:462,0
DA:463,0
DA:464,0
DA:465,0
DA:466,0
DA:467,0
DA:468,0
DA:470,0
DA:473,0
DA:476,0
DA:477,0
DA:483,0
DA:484,0
DA:486,0
DA:490,0
DA:491,0
DA:492,0
DA:496,0
DA:499,0
DA:500,0
DA:502,0
DA:503,0
DA:504,0
DA:505,0
DA:506,0
DA:507,0
DA:510,0
DA:511,0
DA:524,0
DA:525,0
DA:527,0
DA:529,0
DA:530,0
DA:534,0
DA:543,0
DA:547,0
DA:550,0
DA:551,0
DA:559,0
DA:573,0
DA:577,0
DA:578,0
DA:579,0
DA:582,0
DA:587,0
DA:592,0
DA:593,0
DA:596,0
DA:597,0
DA:606,0
DA:607,0
DA:608,0
DA:610,0
DA:614,0
DA:615,0
DA:616,0
DA:617,0
DA:619,0
DA:627,0
DA:628,0
DA:630,0
DA:631,0
DA:632,0
DA:633,0
LF:190
LH:0
BRDA:43,0,0,0
BRDA:91,1,0,0
BRDA:135,2,0,0
BRDA:145,3,0,0
BRDA:145,3,1,0
BRDA:158,4,0,0
BRDA:158,4,1,0
BRDA:160,5,0,0
BRDA:160,5,1,0
BRDA:162,6,0,0
BRDA:162,6,1,0
BRDA:163,7,0,0
BRDA:163,7,1,0
BRDA:165,8,0,0
BRDA:165,8,1,0
BRDA:195,9,0,0
BRDA:203,10,0,0
BRDA:203,10,1,0
BRDA:217,11,0,0
BRDA:243,12,0,0
BRDA:282,13,0,0
BRDA:292,14,0,0
BRDA:292,14,1,0
BRDA:314,15,0,0
BRDA:314,15,1,0
BRDA:314,16,0,0
BRDA:314,16,1,0
BRDA:316,17,0,0
BRDA:316,17,1,0
BRDA:318,18,0,0
BRDA:318,18,1,0
BRDA:320,19,0,0
BRDA:320,19,1,0
BRDA:357,20,0,0
BRDA:357,20,1,0
BRDA:359,21,0,0
BRDA:359,22,0,0
BRDA:359,22,1,0
BRDA:368,23,0,0
BRDA:374,24,0,0
BRDA:374,25,0,0
BRDA:374,25,1,0
BRDA:378,26,0,0
BRDA:378,26,1,0
BRDA:388,27,0,0
BRDA:388,28,0,0
BRDA:388,28,1,0
BRDA:406,29,0,0
BRDA:406,30,0,0
BRDA:406,30,1,0
BRDA:406,30,2,0
BRDA:411,31,0,0
BRDA:411,32,0,0
BRDA:411,32,1,0
BRDA:419,33,0,0
BRDA:419,34,0,0
BRDA:419,34,1,0
BRDA:428,35,0,0
BRDA:428,36,0,0
BRDA:428,36,1,0
BRDA:428,36,2,0
BRDA:435,37,0,0
BRDA:445,38,0,0
BRDA:464,39,0,0
BRDA:464,39,1,0
BRDA:466,40,0,0
BRDA:466,40,1,0
BRDA:490,41,0,0
BRDA:504,42,0,0
BRDA:504,43,0,0
BRDA:504,43,1,0
BRDA:550,44,0,0
BRDA:577,45,0,0
BRDA:582,46,0,0
BRDA:582,46,1,0
BRDA:583,47,0,0
BRDA:583,47,1,0
BRDA:584,48,0,0
BRDA:584,48,1,0
BRDA:592,49,0,0
BRDA:593,50,0,0
BRDA:593,50,1,0
BRDA:594,51,0,0
BRDA:594,51,1,0
BRDA:595,52,0,0
BRDA:595,52,1,0
BRDA:596,53,0,0
BRDA:614,54,0,0
BRDA:626,55,0,0
BRDA:626,56,0,0
BRDA:630,57,0,0
BRF:91
BRH:0
end_of_record
TN:
SF:src\whatsapp\dto\create-broadcast.dto.ts
FNF:0
FNH:0
DA:1,0
DA:2,0
DA:4,0
DA:8,0
DA:13,0
DA:19,0
LF:6
LH:0
BRF:0
BRH:0
end_of_record
TN:
SF:src\whatsapp\dto\create-template.dto.ts
FNF:0
FNH:0
DA:1,0
DA:2,0
DA:4,0
DA:8,0
DA:13,0
DA:18,0
DA:22,0
LF:7
LH:0
BRF:0
BRH:0
end_of_record
TN:
SF:src\whatsapp\dto\receive-webhook.dto.ts
FNF:0
FNH:0
DA:1,0
DA:2,0
DA:4,0
DA:8,0
DA:13,0
LF:5
LH:0
BRF:0
BRH:0
end_of_record
TN:
SF:src\whatsapp\dto\send-message.dto.ts
FNF:0
FNH:0
DA:1,0
DA:2,0
DA:3,0
DA:5,0
DA:8,0
DA:12,0
DA:17,0
DA:22,0
DA:27,0
LF:9
LH:0
BRF:0
BRH:0
end_of_record
